#
# There is insufficient memory for the Java Runtime Environment to continue.
# Native memory allocation (malloc) failed to allocate 65011712 bytes for committing reserved memory.
# Possible reasons:
#   The system is out of physical RAM or swap space
#   In 32 bit mode, the process size limit was hit
# Possible solutions:
#   Reduce memory load on the system
#   Increase physical memory or swap space
#   Check if swap backing store is full
#   Use 64 bit Java on a 64 bit OS
#   Decrease Java heap size (-Xmx/-Xms)
#   Decrease number of Java threads
#   Decrease Java thread stack sizes (-Xss)
#   Set larger code cache with -XX:ReservedCodeCacheSize=
# This output file may be truncated or incomplete.
#
#  Out of Memory Error (os_linux.cpp:2798), pid=20897, tid=140343112410880
#
# JRE version: OpenJDK Runtime Environment (7.0_75-b13) (build 1.7.0_75-b13)
# Java VM: OpenJDK 64-Bit Server VM (24.75-b04 mixed mode linux-amd64 compressed oops)
# Derivative: IcedTea 2.5.4
# Distribution: Ubuntu 14.04 LTS, package 7u75-2.5.4-1~trusty1
# Failed to write core dump. Core dumps have been disabled. To enable core dumping, try "ulimit -c unlimited" before starting Java again
#

---------------  T H R E A D  ---------------

Current thread (0x00007fa440076800):  VMThread [stack: 0x00007fa42d4ca000,0x00007fa42d5cb000] [id=20906]

Stack: [0x00007fa42d4ca000,0x00007fa42d5cb000],  sp=0x00007fa42d5c9490,  free space=1021k
Native frames: (J=compiled Java code, j=interpreted, Vv=VM code, C=native code)
V  [libjvm.so+0x94a9d5]  VMError::report_and_die()+0x175
V  [libjvm.so+0x48b954]  report_vm_out_of_memory(char const*, int, unsigned long, char const*)+0x74
V  [libjvm.so+0x7c7b7b]  os::pd_commit_memory(char*, unsigned long, unsigned long, bool)+0xeb
V  [libjvm.so+0x7c263f]  os::commit_memory(char*, unsigned long, unsigned long, bool)+0x1f
V  [libjvm.so+0x834b1b]  PSVirtualSpace::expand_by(unsigned long)+0x5b
V  [libjvm.so+0x835970]  PSYoungGen::resize_generation(unsigned long, unsigned long)+0xb0
V  [libjvm.so+0x83605b]  PSYoungGen::resize(unsigned long, unsigned long)+0x1b
V  [libjvm.so+0x832340]  PSScavenge::invoke_no_policy()+0xde0
V  [libjvm.so+0x832b18]  PSScavenge::invoke()+0x38
V  [libjvm.so+0x7e9203]  ParallelScavengeHeap::failed_mem_allocate(unsigned long)+0x63
V  [libjvm.so+0x94c3d4]  VM_ParallelGCFailedAllocation::doit()+0x84
V  [libjvm.so+0x9508d7]  VM_Operation::evaluate()+0x47
V  [libjvm.so+0x94f248]  VMThread::evaluate_operation(VM_Operation*)+0x318
V  [libjvm.so+0x94f6a9]  VMThread::loop()+0x219
V  [libjvm.so+0x94faf2]  VMThread::run()+0x72
V  [libjvm.so+0x7c4a42]  java_start(Thread*)+0xf2

VM_Operation (0x00007fa447d51200): ParallelGCFailedAllocation, mode: safepoint, requested by thread 0x00007fa44000b000


---------------  P R O C E S S  ---------------

Java Threads: ( => current thread )
  0x00007fa4400af000 JavaThread "Service Thread" daemon [_thread_blocked, id=20912, stack(0x00007fa42c7e2000,0x00007fa42c8e3000)]
  0x00007fa4400ad000 JavaThread "C2 CompilerThread1" daemon [_thread_blocked, id=20911, stack(0x00007fa42c8e3000,0x00007fa42c9e4000)]
  0x00007fa4400aa000 JavaThread "C2 CompilerThread0" daemon [_thread_blocked, id=20910, stack(0x00007fa42c9e4000,0x00007fa42cae5000)]
  0x00007fa4400a8000 JavaThread "Signal Dispatcher" daemon [_thread_blocked, id=20909, stack(0x00007fa42cae5000,0x00007fa42cbe6000)]
  0x00007fa44007d000 JavaThread "Finalizer" daemon [_thread_blocked, id=20908, stack(0x00007fa42d2c8000,0x00007fa42d3c9000)]
  0x00007fa44007b000 JavaThread "Reference Handler" daemon [_thread_blocked, id=20907, stack(0x00007fa42d3c9000,0x00007fa42d4ca000)]
  0x00007fa44000b000 JavaThread "main" [_thread_blocked, id=20901, stack(0x00007fa447c52000,0x00007fa447d53000)]

Other Threads:
=>0x00007fa440076800 VMThread [stack: 0x00007fa42d4ca000,0x00007fa42d5cb000] [id=20906]
  0x00007fa4400ba000 WatcherThread [stack: 0x00007fa42c6e1000,0x00007fa42c7e2000] [id=20913]

VM state:at safepoint (normal execution)

VM Mutex/Monitor currently owned by a thread:  ([mutex/lock_event])
[0x00007fa4400074b0] Threads_lock - owner thread: 0x00007fa440076800
[0x00007fa4400079b0] Heap_lock - owner thread: 0x00007fa44000b000

Heap
 PSYoungGen      total 72192K, used 7097K [0x00000000eaa80000, 0x00000000ef980000, 0x0000000100000000)
  eden space 63488K, 0% used [0x00000000eaa80000,0x00000000eaa80000,0x00000000ee880000)
  from space 8704K, 81% used [0x00000000ee880000,0x00000000eef6e420,0x00000000ef100000)
  to   space 8704K, 0% used [0x00000000ef100000,0x00000000ef100000,0x00000000ef980000)
 ParOldGen       total 41472K, used 23692K [0x00000000c0000000, 0x00000000c2880000, 0x00000000eaa80000)
  object space 41472K, 57% used [0x00000000c0000000,0x00000000c1723310,0x00000000c2880000)
 PSPermGen       total 21504K, used 7488K [0x00000000b5a00000, 0x00000000b6f00000, 0x00000000c0000000)
  object space 21504K, 34% used [0x00000000b5a00000,0x00000000b61503c0,0x00000000b6f00000)

Card table byte_map: [0x00007fa444640000,0x00007fa444894000] byte_map_base: 0x00007fa444093000

Polling page: 0x00007fa447d71000

Code Cache  [0x00007fa43d000000, 0x00007fa43d270000, 0x00007fa440000000)
 total_blobs=921 nmethods=670 adapters=204 free_code_cache=47251Kb largest_free_block=48341376

Compilation events (10 events):
Event: 4.019 Thread 0x00007fa4400aa000 nmethod 677 0x00007fa43d1df3d0 code [0x00007fa43d1df580, 0x00007fa43d1dfb68]
Event: 4.019 Thread 0x00007fa4400aa000  679             com.android.dex.Annotation::getReader (14 bytes)
Event: 4.022 Thread 0x00007fa4400aa000 nmethod 679 0x00007fa43d1d4150 code [0x00007fa43d1d42a0, 0x00007fa43d1d4418]
Event: 4.022 Thread 0x00007fa4400aa000  680             com.android.dx.merge.IndexMap$EncodedValueTransformer::access$100 (6 bytes)
Event: 4.027 Thread 0x00007fa4400ad000 nmethod 678 0x00007fa43d1e43d0 code [0x00007fa43d1e4620, 0x00007fa43d1e50c0]
Event: 4.027 Thread 0x00007fa4400ad000  681             com.android.dex.Annotation::getVisibility (5 bytes)
Event: 4.027 Thread 0x00007fa4400ad000 nmethod 681 0x00007fa43d1d3e90 code [0x00007fa43d1d3fc0, 0x00007fa43d1d4018]
Event: 4.027 Thread 0x00007fa4400ad000  682             java.util.ComparableTimSort::mergeLo (652 bytes)
Event: 4.030 Thread 0x00007fa4400aa000 nmethod 680 0x00007fa43d1d4ed0 code [0x00007fa43d1d50c0, 0x00007fa43d1d54e0]
Event: 4.030 Thread 0x00007fa4400aa000  683             java.util.TimSort::binarySort (223 bytes)

GC Heap History (10 events):
Event: 1.715 GC heap after
Heap after GC invocations=2 (full 0):
 PSYoungGen      total 18432K, used 2528K [0x00000000eaa80000, 0x00000000ece80000, 0x0000000100000000)
  eden space 15872K, 0% used [0x00000000eaa80000,0x00000000eaa80000,0x00000000eba00000)
  from space 2560K, 98% used [0x00000000ebc80000,0x00000000ebef8028,0x00000000ebf00000)
  to   space 2560K, 0% used [0x00000000eba00000,0x00000000eba00000,0x00000000ebc80000)
 ParOldGen       total 41472K, used 4279K [0x00000000c0000000, 0x00000000c2880000, 0x00000000eaa80000)
  object space 41472K, 10% used [0x00000000c0000000,0x00000000c042dfb8,0x00000000c2880000)
 PSPermGen       total 21504K, used 5319K [0x00000000b5a00000, 0x00000000b6f00000, 0x00000000c0000000)
  object space 21504K, 24% used [0x00000000b5a00000,0x00000000b5f31c90,0x00000000b6f00000)
}
Event: 2.398 GC heap before
{Heap before GC invocations=3 (full 0):
 PSYoungGen      total 18432K, used 18328K [0x00000000eaa80000, 0x00000000ece80000, 0x0000000100000000)
  eden space 15872K, 99% used [0x00000000eaa80000,0x00000000eb9ee198,0x00000000eba00000)
  from space 2560K, 98% used [0x00000000ebc80000,0x00000000ebef8028,0x00000000ebf00000)
  to   space 2560K, 0% used [0x00000000eba00000,0x00000000eba00000,0x00000000ebc80000)
 ParOldGen       total 41472K, used 4279K [0x00000000c0000000, 0x00000000c2880000, 0x00000000eaa80000)
  object space 41472K, 10% used [0x00000000c0000000,0x00000000c042dfb8,0x00000000c2880000)
 PSPermGen       total 21504K, used 6804K [0x00000000b5a00000, 0x00000000b6f00000, 0x00000000c0000000)
  object space 21504K, 31% used [0x00000000b5a00000,0x00000000b60a5128,0x00000000b6f00000)
Event: 2.410 GC heap after
Heap after GC invocations=3 (full 0):
 PSYoungGen      total 18432K, used 2544K [0x00000000eaa80000, 0x00000000ece80000, 0x0000000100000000)
  eden space 15872K, 0% used [0x00000000eaa80000,0x00000000eaa80000,0x00000000eba00000)
  from space 2560K, 99% used [0x00000000eba00000,0x00000000ebc7c038,0x00000000ebc80000)
  to   space 2560K, 0% used [0x00000000ecc00000,0x00000000ecc00000,0x00000000ece80000)
 ParOldGen       total 41472K, used 8081K [0x00000000c0000000, 0x00000000c2880000, 0x00000000eaa80000)
  object space 41472K, 19% used [0x00000000c0000000,0x00000000c07e4540,0x00000000c2880000)
 PSPermGen       total 21504K, used 6804K [0x00000000b5a00000, 0x00000000b6f00000, 0x00000000c0000000)
  object space 21504K, 31% used [0x00000000b5a00000,0x00000000b60a5128,0x00000000b6f00000)
}
Event: 2.939 GC heap before
{Heap before GC invocations=4 (full 0):
 PSYoungGen      total 18432K, used 18416K [0x00000000eaa80000, 0x00000000ece80000, 0x0000000100000000)
  eden space 15872K, 100% used [0x00000000eaa80000,0x00000000eba00000,0x00000000eba00000)
  from space 2560K, 99% used [0x00000000eba00000,0x00000000ebc7c038,0x00000000ebc80000)
  to   space 2560K, 0% used [0x00000000ecc00000,0x00000000ecc00000,0x00000000ece80000)
 ParOldGen       total 41472K, used 8081K [0x00000000c0000000, 0x00000000c2880000, 0x00000000eaa80000)
  object space 41472K, 19% used [0x00000000c0000000,0x00000000c07e4540,0x00000000c2880000)
 PSPermGen       total 21504K, used 7411K [0x00000000b5a00000, 0x00000000b6f00000, 0x00000000c0000000)
  object space 21504K, 34% used [0x00000000b5a00000,0x00000000b613ced0,0x00000000b6f00000)
Event: 2.949 GC heap after
Heap after GC invocations=4 (full 0):
 PSYoungGen      total 34304K, used 2544K [0x00000000eaa80000, 0x00000000ece80000, 0x0000000100000000)
  eden space 31744K, 0% used [0x00000000eaa80000,0x00000000eaa80000,0x00000000ec980000)
  from space 2560K, 99% used [0x00000000ecc00000,0x00000000ece7c038,0x00000000ece80000)
  to   space 2560K, 0% used [0x00000000ec980000,0x00000000ec980000,0x00000000ecc00000)
 ParOldGen       total 41472K, used 13602K [0x00000000c0000000, 0x00000000c2880000, 0x00000000eaa80000)
  object space 41472K, 32% used [0x00000000c0000000,0x00000000c0d48890,0x00000000c2880000)
 PSPermGen       total 21504K, used 7411K [0x00000000b5a00000, 0x00000000b6f00000, 0x00000000c0000000)
  object space 21504K, 34% used [0x00000000b5a00000,0x00000000b613ced0,0x00000000b6f00000)
}
Event: 3.390 GC heap before
{Heap before GC invocations=5 (full 0):
 PSYoungGen      total 34304K, used 34288K [0x00000000eaa80000, 0x00000000ece80000, 0x0000000100000000)
  eden space 31744K, 100% used [0x00000000eaa80000,0x00000000ec980000,0x00000000ec980000)
  from space 2560K, 99% used [0x00000000ecc00000,0x00000000ece7c038,0x00000000ece80000)
  to   space 2560K, 0% used [0x00000000ec980000,0x00000000ec980000,0x00000000ecc00000)
 ParOldGen       total 41472K, used 13602K [0x00000000c0000000, 0x00000000c2880000, 0x00000000eaa80000)
  object space 41472K, 32% used [0x00000000c0000000,0x00000000c0d48890,0x00000000c2880000)
 PSPermGen       total 21504K, used 7460K [0x00000000b5a00000, 0x00000000b6f00000, 0x00000000c0000000)
  object space 21504K, 34% used [0x00000000b5a00000,0x00000000b6149100,0x00000000b6f00000)
Event: 3.402 GC heap after
Heap after GC invocations=5 (full 0):
 PSYoungGen      total 34304K, used 2528K [0x00000000eaa80000, 0x00000000ef980000, 0x0000000100000000)
  eden space 31744K, 0% used [0x00000000eaa80000,0x00000000eaa80000,0x00000000ec980000)
  from space 2560K, 98% used [0x00000000ec980000,0x00000000ecbf8028,0x00000000ecc00000)
  to   space 8704K, 0% used [0x00000000ef100000,0x00000000ef100000,0x00000000ef980000)
 ParOldGen       total 41472K, used 17215K [0x00000000c0000000, 0x00000000c2880000, 0x00000000eaa80000)
  object space 41472K, 41% used [0x00000000c0000000,0x00000000c10cfec8,0x00000000c2880000)
 PSPermGen       total 21504K, used 7460K [0x00000000b5a00000, 0x00000000b6f00000, 0x00000000c0000000)
  object space 21504K, 34% used [0x00000000b5a00000,0x00000000b6149100,0x00000000b6f00000)
}
Event: 3.647 GC heap before
{Heap before GC invocations=6 (full 0):
 PSYoungGen      total 34304K, used 34272K [0x00000000eaa80000, 0x00000000ef980000, 0x0000000100000000)
  eden space 31744K, 100% used [0x00000000eaa80000,0x00000000ec980000,0x00000000ec980000)
  from space 2560K, 98% used [0x00000000ec980000,0x00000000ecbf8028,0x00000000ecc00000)
  to   space 8704K, 0% used [0x00000000ef100000,0x00000000ef100000,0x00000000ef980000)
 ParOldGen       total 41472K, used 17215K [0x00000000c0000000, 0x00000000c2880000, 0x00000000eaa80000)
  object space 41472K, 41% used [0x00000000c0000000,0x00000000c10cfec8,0x00000000c2880000)
 PSPermGen       total 21504K, used 7478K [0x00000000b5a00000, 0x00000000b6f00000, 0x00000000c0000000)
  object space 21504K, 34% used [0x00000000b5a00000,0x00000000b614d8d8,0x00000000b6f00000)
Event: 3.656 GC heap after
Heap after GC invocations=6 (full 0):
 PSYoungGen      total 72192K, used 6797K [0x00000000eaa80000, 0x00000000ef980000, 0x0000000100000000)
  eden space 63488K, 0% used [0x00000000eaa80000,0x00000000eaa80000,0x00000000ee880000)
  from space 8704K, 78% used [0x00000000ef100000,0x00000000ef7a37f8,0x00000000ef980000)
  to   space 8704K, 0% used [0x00000000ee880000,0x00000000ee880000,0x00000000ef100000)
 ParOldGen       total 41472K, used 21795K [0x00000000c0000000, 0x00000000c2880000, 0x00000000eaa80000)
  object space 41472K, 52% used [0x00000000c0000000,0x00000000c1548e78,0x00000000c2880000)
 PSPermGen       total 21504K, used 7478K [0x00000000b5a00000, 0x00000000b6f00000, 0x00000000c0000000)
  object space 21504K, 34% used [0x00000000b5a00000,0x00000000b614d8d8,0x00000000b6f00000)
}
Event: 4.050 GC heap before
{Heap before GC invocations=7 (full 0):
 PSYoungGen      total 72192K, used 70285K [0x00000000eaa80000, 0x00000000ef980000, 0x0000000100000000)
  eden space 63488K, 100% used [0x00000000eaa80000,0x00000000ee880000,0x00000000ee880000)
  from space 8704K, 78% used [0x00000000ef100000,0x00000000ef7a37f8,0x00000000ef980000)
  to   space 8704K, 0% used [0x00000000ee880000,0x00000000ee880000,0x00000000ef100000)
 ParOldGen       total 41472K, used 21795K [0x00000000c0000000, 0x00000000c2880000, 0x00000000eaa80000)
  object space 41472K, 52% used [0x00000000c0000000,0x00000000c1548e78,0x00000000c2880000)
 PSPermGen       total 21504K, used 7488K [0x00000000b5a00000, 0x00000000b6f00000, 0x00000000c0000000)
  object space 21504K, 34% used [0x00000000b5a00000,0x00000000b61503c0,0x00000000b6f00000)

Deoptimization events (10 events):
Event: 3.545 Thread 0x00007fa44000b000 Uncommon trap: reason=predicate action=maybe_recompile pc=0x00007fa43d18e970 method=java.util.ComparableTimSort.binarySort([Ljava/lang/Object;III)V @ 37
Event: 3.595 Thread 0x00007fa44000b000 Uncommon trap: reason=predicate action=maybe_recompile pc=0x00007fa43d0b6418 method=java.util.TimSort.binarySort([Ljava/lang/Object;IIILjava/util/Comparator;)V @ 37
Event: 3.841 Thread 0x00007fa44000b000 Uncommon trap: reason=array_check action=maybe_recompile pc=0x00007fa43d1cee3c method=java.util.TimSort.binarySort([Ljava/lang/Object;IIILjava/util/Comparator;)V @ 193
Event: 3.841 Thread 0x00007fa44000b000 Uncommon trap: reason=array_check action=maybe_recompile pc=0x00007fa43d1cee3c method=java.util.TimSort.binarySort([Ljava/lang/Object;IIILjava/util/Comparator;)V @ 193
Event: 3.841 Thread 0x00007fa44000b000 Uncommon trap: reason=array_check action=maybe_recompile pc=0x00007fa43d1cee3c method=java.util.TimSort.binarySort([Ljava/lang/Object;IIILjava/util/Comparator;)V @ 193
Event: 3.841 Thread 0x00007fa44000b000 Uncommon trap: reason=array_check action=maybe_recompile pc=0x00007fa43d1cef0c method=java.util.TimSort.binarySort([Ljava/lang/Object;IIILjava/util/Comparator;)V @ 183
Event: 3.841 Thread 0x00007fa44000b000 Uncommon trap: reason=array_check action=maybe_recompile pc=0x00007fa43d1cee3c method=java.util.TimSort.binarySort([Ljava/lang/Object;IIILjava/util/Comparator;)V @ 193
Event: 3.955 Thread 0x00007fa44000b000 Uncommon trap: reason=array_check action=maybe_recompile pc=0x00007fa43d1d06cc method=java.util.ComparableTimSort.binarySort([Ljava/lang/Object;III)V @ 193
Event: 4.005 Thread 0x00007fa44000b000 Uncommon trap: reason=array_check action=maybe_recompile pc=0x00007fa43d1d3554 method=java.util.TimSort.binarySort([Ljava/lang/Object;IIILjava/util/Comparator;)V @ 215
Event: 4.006 Thread 0x00007fa44000b000 Uncommon trap: reason=array_check action=maybe_recompile pc=0x00007fa43d1d3554 method=java.util.TimSort.binarySort([Ljava/lang/Object;IIILjava/util/Comparator;)V @ 215

Internal exceptions (10 events):
Event: 2.396 Thread 0x00007fa44000b000 Threw 0x00000000eb9ca780 at /build/buildd/openjdk-7-7u75-2.5.4/build/openjdk/hotspot/src/share/vm/prims/jvm.cpp:1284
Event: 2.412 Thread 0x00007fa44000b000 Threw 0x00000000eaac0f78 at /build/buildd/openjdk-7-7u75-2.5.4/build/openjdk/hotspot/src/share/vm/prims/jvm.cpp:1284
Event: 2.412 Thread 0x00007fa44000b000 Threw 0x00000000eaac3b20 at /build/buildd/openjdk-7-7u75-2.5.4/build/openjdk/hotspot/src/share/vm/prims/jvm.cpp:1284
Event: 2.516 Thread 0x00007fa44000b000 Threw 0x00000000eab5dee0 at /build/buildd/openjdk-7-7u75-2.5.4/build/openjdk/hotspot/src/share/vm/prims/jvm.cpp:1284
Event: 2.516 Thread 0x00007fa44000b000 Threw 0x00000000eab5e008 at /build/buildd/openjdk-7-7u75-2.5.4/build/openjdk/hotspot/src/share/vm/prims/jvm.cpp:1284
Event: 2.516 Thread 0x00007fa44000b000 Threw 0x00000000eab606b8 at /build/buildd/openjdk-7-7u75-2.5.4/build/openjdk/hotspot/src/share/vm/prims/jvm.cpp:1284
Event: 2.516 Thread 0x00007fa44000b000 Threw 0x00000000eab607e0 at /build/buildd/openjdk-7-7u75-2.5.4/build/openjdk/hotspot/src/share/vm/prims/jvm.cpp:1284
Event: 2.517 Thread 0x00007fa44000b000 Threw 0x00000000eab611e0 at /build/buildd/openjdk-7-7u75-2.5.4/build/openjdk/hotspot/src/share/vm/prims/jvm.cpp:1284
Event: 2.517 Thread 0x00007fa44000b000 Threw 0x00000000eab61308 at /build/buildd/openjdk-7-7u75-2.5.4/build/openjdk/hotspot/src/share/vm/prims/jvm.cpp:1284
Event: 3.005 Thread 0x00007fa44000b000 Threw 0x00000000eac63448 at /build/buildd/openjdk-7-7u75-2.5.4/build/openjdk/hotspot/src/share/vm/prims/jvm.cpp:1284

Events (10 events):
Event: 3.955 Thread 0x00007fa44000b000 Uncommon trap: trap_request=0xffffffd6 fr.pc=0x00007fa43d1d06cc
Event: 3.955 Thread 0x00007fa44000b000 DEOPT PACKING pc=0x00007fa43d1d06cc sp=0x00007fa447d51450
Event: 3.955 Thread 0x00007fa44000b000 DEOPT UNPACKING pc=0x00007fa43d039445 sp=0x00007fa447d51418 mode 2
Event: 4.005 Thread 0x00007fa44000b000 Uncommon trap: trap_request=0xffffffd6 fr.pc=0x00007fa43d1d3554
Event: 4.005 Thread 0x00007fa44000b000 DEOPT PACKING pc=0x00007fa43d1d3554 sp=0x00007fa447d51480
Event: 4.006 Thread 0x00007fa44000b000 DEOPT UNPACKING pc=0x00007fa43d039445 sp=0x00007fa447d51458 mode 2
Event: 4.006 Thread 0x00007fa44000b000 Uncommon trap: trap_request=0xffffffd6 fr.pc=0x00007fa43d1d3554
Event: 4.006 Thread 0x00007fa44000b000 DEOPT PACKING pc=0x00007fa43d1d3554 sp=0x00007fa447d51480
Event: 4.006 Thread 0x00007fa44000b000 DEOPT UNPACKING pc=0x00007fa43d039445 sp=0x00007fa447d51458 mode 2
Event: 4.034 Executing VM operation: ParallelGCFailedAllocation


Dynamic libraries:
00400000-00401000 r-xp 00000000 fc:01 266635                             /usr/lib/jvm/java-7-openjdk-amd64/jre/bin/java
00600000-00601000 r--p 00000000 fc:01 266635                             /usr/lib/jvm/java-7-openjdk-amd64/jre/bin/java
00601000-00602000 rw-p 00001000 fc:01 266635                             /usr/lib/jvm/java-7-openjdk-amd64/jre/bin/java
00d51000-00d72000 rw-p 00000000 00:00 0                                  [heap]
b5a00000-b6f00000 rw-p 00000000 00:00 0 
b6f00000-c0000000 rw-p 00000000 00:00 0 
c0000000-c2880000 rw-p 00000000 00:00 0 
c2880000-eaa80000 rw-p 00000000 00:00 0 
eaa80000-ef980000 rw-p 00000000 00:00 0 
f3780000-100000000 rw-p 00000000 00:00 0 
7fa406d9c000-7fa406efd000 rw-p 00000000 00:00 0 
7fa406efd000-7fa406f3a000 r-xp 00000000 fc:01 4460585                    /lib/x86_64-linux-gnu/libpcre.so.3.13.1
7fa406f3a000-7fa407139000 ---p 0003d000 fc:01 4460585                    /lib/x86_64-linux-gnu/libpcre.so.3.13.1
7fa407139000-7fa40713a000 r--p 0003c000 fc:01 4460585                    /lib/x86_64-linux-gnu/libpcre.so.3.13.1
7fa40713a000-7fa40713b000 rw-p 0003d000 fc:01 4460585                    /lib/x86_64-linux-gnu/libpcre.so.3.13.1
7fa40713b000-7fa407142000 r-xp 00000000 fc:01 7086350                    /usr/lib/x86_64-linux-gnu/libffi.so.6.0.1
7fa407142000-7fa407341000 ---p 00007000 fc:01 7086350                    /usr/lib/x86_64-linux-gnu/libffi.so.6.0.1
7fa407341000-7fa407342000 r--p 00006000 fc:01 7086350                    /usr/lib/x86_64-linux-gnu/libffi.so.6.0.1
7fa407342000-7fa407343000 rw-p 00007000 fc:01 7086350                    /usr/lib/x86_64-linux-gnu/libffi.so.6.0.1
7fa407343000-7fa40735a000 r-xp 00000000 fc:01 4460459                    /lib/x86_64-linux-gnu/libresolv-2.19.so
7fa40735a000-7fa40755a000 ---p 00017000 fc:01 4460459                    /lib/x86_64-linux-gnu/libresolv-2.19.so
7fa40755a000-7fa40755b000 r--p 00017000 fc:01 4460459                    /lib/x86_64-linux-gnu/libresolv-2.19.so
7fa40755b000-7fa40755c000 rw-p 00018000 fc:01 4460459                    /lib/x86_64-linux-gnu/libresolv-2.19.so
7fa40755c000-7fa40755e000 rw-p 00000000 00:00 0 
7fa40755e000-7fa40757e000 r-xp 00000000 fc:01 4460612                    /lib/x86_64-linux-gnu/libselinux.so.1
7fa40757e000-7fa40777d000 ---p 00020000 fc:01 4460612                    /lib/x86_64-linux-gnu/libselinux.so.1
7fa40777d000-7fa40777e000 r--p 0001f000 fc:01 4460612                    /lib/x86_64-linux-gnu/libselinux.so.1
7fa40777e000-7fa40777f000 rw-p 00020000 fc:01 4460612                    /lib/x86_64-linux-gnu/libselinux.so.1
7fa40777f000-7fa407781000 rw-p 00000000 00:00 0 
7fa407781000-7fa407784000 r-xp 00000000 fc:01 7078252                    /usr/lib/x86_64-linux-gnu/libgmodule-2.0.so.0.4002.0
7fa407784000-7fa407983000 ---p 00003000 fc:01 7078252                    /usr/lib/x86_64-linux-gnu/libgmodule-2.0.so.0.4002.0
7fa407983000-7fa407984000 r--p 00002000 fc:01 7078252                    /usr/lib/x86_64-linux-gnu/libgmodule-2.0.so.0.4002.0
7fa407984000-7fa407985000 rw-p 00003000 fc:01 7078252                    /usr/lib/x86_64-linux-gnu/libgmodule-2.0.so.0.4002.0
7fa407985000-7fa407a8b000 r-xp 00000000 fc:01 4460417                    /lib/x86_64-linux-gnu/libglib-2.0.so.0.4002.0
7fa407a8b000-7fa407c8a000 ---p 00106000 fc:01 4460417                    /lib/x86_64-linux-gnu/libglib-2.0.so.0.4002.0
7fa407c8a000-7fa407c8b000 r--p 00105000 fc:01 4460417                    /lib/x86_64-linux-gnu/libglib-2.0.so.0.4002.0
7fa407c8b000-7fa407c8c000 rw-p 00106000 fc:01 4460417                    /lib/x86_64-linux-gnu/libglib-2.0.so.0.4002.0
7fa407c8c000-7fa407c8d000 rw-p 00000000 00:00 0 
7fa407c8d000-7fa407df9000 r-xp 00000000 fc:01 7078274                    /usr/lib/x86_64-linux-gnu/libgio-2.0.so.0.4002.0
7fa407df9000-7fa407ff8000 ---p 0016c000 fc:01 7078274                    /usr/lib/x86_64-linux-gnu/libgio-2.0.so.0.4002.0
7fa407ff8000-7fa407ffc000 r--p 0016b000 fc:01 7078274                    /usr/lib/x86_64-linux-gnu/libgio-2.0.so.0.4002.0
7fa407ffc000-7fa407ffe000 rw-p 0016f000 fc:01 7078274                    /usr/lib/x86_64-linux-gnu/libgio-2.0.so.0.4002.0
7fa407ffe000-7fa408000000 rw-p 00000000 00:00 0 
7fa408000000-7fa408021000 rw-p 00000000 00:00 0 
7fa408021000-7fa40c000000 ---p 00000000 00:00 0 
7fa40c000000-7fa40c021000 rw-p 00000000 00:00 0 
7fa40c021000-7fa410000000 ---p 00000000 00:00 0 
7fa410000000-7fa410a5e000 rw-p 00000000 00:00 0 
7fa410a5e000-7fa414000000 ---p 00000000 00:00 0 
7fa414000000-7fa4148ff000 rw-p 00000000 00:00 0 
7fa4148ff000-7fa418000000 ---p 00000000 00:00 0 
7fa418000000-7fa418021000 rw-p 00000000 00:00 0 
7fa418021000-7fa41c000000 ---p 00000000 00:00 0 
7fa41c000000-7fa41c021000 rw-p 00000000 00:00 0 
7fa41c021000-7fa420000000 ---p 00000000 00:00 0 
7fa420000000-7fa4200e0000 rw-p 00000000 00:00 0 
7fa4200e0000-7fa424000000 ---p 00000000 00:00 0 
7fa424000000-7fa424021000 rw-p 00000000 00:00 0 
7fa424021000-7fa428000000 ---p 00000000 00:00 0 
7fa428000000-7fa428021000 rw-p 00000000 00:00 0 
7fa428021000-7fa42c000000 ---p 00000000 00:00 0 
7fa42c066000-7fa42c0b5000 r-xp 00000000 fc:01 7078270                    /usr/lib/x86_64-linux-gnu/libgobject-2.0.so.0.4002.0
7fa42c0b5000-7fa42c2b5000 ---p 0004f000 fc:01 7078270                    /usr/lib/x86_64-linux-gnu/libgobject-2.0.so.0.4002.0
7fa42c2b5000-7fa42c2b6000 r--p 0004f000 fc:01 7078270                    /usr/lib/x86_64-linux-gnu/libgobject-2.0.so.0.4002.0
7fa42c2b6000-7fa42c2b7000 rw-p 00050000 fc:01 7078270                    /usr/lib/x86_64-linux-gnu/libgobject-2.0.so.0.4002.0
7fa42c2b7000-7fa42c2ce000 r-xp 00000000 fc:01 266605                     /usr/lib/jvm/java-7-openjdk-amd64/jre/lib/amd64/libnet.so
7fa42c2ce000-7fa42c4cd000 ---p 00017000 fc:01 266605                     /usr/lib/jvm/java-7-openjdk-amd64/jre/lib/amd64/libnet.so
7fa42c4cd000-7fa42c4ce000 r--p 00016000 fc:01 266605                     /usr/lib/jvm/java-7-openjdk-amd64/jre/lib/amd64/libnet.so
7fa42c4ce000-7fa42c4cf000 rw-p 00017000 fc:01 266605                     /usr/lib/jvm/java-7-openjdk-amd64/jre/lib/amd64/libnet.so
7fa42c4cf000-7fa42c4df000 r-xp 00000000 fc:01 266601                     /usr/lib/jvm/java-7-openjdk-amd64/jre/lib/amd64/libnio.so
7fa42c4df000-7fa42c6df000 ---p 00010000 fc:01 266601                     /usr/lib/jvm/java-7-openjdk-amd64/jre/lib/amd64/libnio.so
7fa42c6df000-7fa42c6e0000 r--p 00010000 fc:01 266601                     /usr/lib/jvm/java-7-openjdk-amd64/jre/lib/amd64/libnio.so
7fa42c6e0000-7fa42c6e1000 rw-p 00011000 fc:01 266601                     /usr/lib/jvm/java-7-openjdk-amd64/jre/lib/amd64/libnio.so
7fa42c6e1000-7fa42c6e2000 ---p 00000000 00:00 0 
7fa42c6e2000-7fa42c7e2000 rw-p 00000000 00:00 0                          [stack:20913]
7fa42c7e2000-7fa42c7e5000 ---p 00000000 00:00 0 
7fa42c7e5000-7fa42c8e3000 rw-p 00000000 00:00 0                          [stack:20912]
7fa42c8e3000-7fa42c8e6000 ---p 00000000 00:00 0 
7fa42c8e6000-7fa42c9e4000 rw-p 00000000 00:00 0                          [stack:20911]
7fa42c9e4000-7fa42c9e7000 ---p 00000000 00:00 0 
7fa42c9e7000-7fa42cae5000 rw-p 00000000 00:00 0                          [stack:20910]
7fa42cae5000-7fa42cae8000 ---p 00000000 00:00 0 
7fa42cae8000-7fa42cbe6000 rw-p 00000000 00:00 0                          [stack:20909]
7fa42cbe6000-7fa42d2c8000 r--p 00000000 fc:01 7085043                    /usr/lib/locale/locale-archive
7fa42d2c8000-7fa42d2cb000 ---p 00000000 00:00 0 
7fa42d2cb000-7fa42d3c9000 rw-p 00000000 00:00 0                          [stack:20908]
7fa42d3c9000-7fa42d3cc000 ---p 00000000 00:00 0 
7fa42d3cc000-7fa42d4ca000 rw-p 00000000 00:00 0                          [stack:20907]
7fa42d4ca000-7fa42d4cb000 ---p 00000000 00:00 0 
7fa42d4cb000-7fa430000000 rw-p 00000000 00:00 0                          [stack:20906]
7fa430000000-7fa430021000 rw-p 00000000 00:00 0 
7fa430021000-7fa434000000 ---p 00000000 00:00 0 
7fa434000000-7fa434021000 rw-p 00000000 00:00 0 
7fa434021000-7fa438000000 ---p 00000000 00:00 0 
7fa438000000-7fa438021000 rw-p 00000000 00:00 0 
7fa438021000-7fa43c000000 ---p 00000000 00:00 0 
7fa43c089000-7fa43c08d000 r--s 0004d000 fc:01 266588                     /usr/lib/jvm/java-7-openjdk-amd64/jre/lib/jsse.jar
7fa43c08d000-7fa43cb85000 rw-p 00000000 00:00 0 
7fa43cb85000-7fa43cd37000 r--s 01d23000 fc:01 266569                     /usr/lib/jvm/java-7-openjdk-amd64/jre/lib/rt.jar
7fa43cd37000-7fa43d000000 rw-p 00000000 00:00 0 
7fa43d000000-7fa43d270000 rwxp 00000000 00:00 0 
7fa43d270000-7fa440298000 rw-p 00000000 00:00 0 
7fa440298000-7fa444000000 ---p 00000000 00:00 0 
7fa444001000-7fa444010000 r--s 000dd000 00:18 1576134                    /home/aahung/Android/Sdk/build-tools/21.1.2/lib/dx.jar
7fa444010000-7fa444093000 rw-p 00000000 00:00 0 
7fa444093000-7fa444094000 ---p 00000000 00:00 0 
7fa444094000-7fa444194000 rw-p 00000000 00:00 0                          [stack:20905]
7fa444194000-7fa444195000 ---p 00000000 00:00 0 
7fa444195000-7fa444295000 rw-p 00000000 00:00 0                          [stack:20904]
7fa444295000-7fa444296000 ---p 00000000 00:00 0 
7fa444296000-7fa444396000 rw-p 00000000 00:00 0                          [stack:20903]
7fa444396000-7fa444397000 ---p 00000000 00:00 0 
7fa444397000-7fa4444a2000 rw-p 00000000 00:00 0                          [stack:20902]
7fa4444a2000-7fa4444ea000 rw-p 00000000 00:00 0 
7fa4444ea000-7fa4444ff000 rw-p 00000000 00:00 0 
7fa4444ff000-7fa444640000 rw-p 00000000 00:00 0 
7fa444640000-7fa44464b000 rw-p 00000000 00:00 0 
7fa44464b000-7fa444693000 rw-p 00000000 00:00 0 
7fa444693000-7fa4446a8000 rw-p 00000000 00:00 0 
7fa4446a8000-7fa4447e8000 rw-p 00000000 00:00 0 
7fa4447e8000-7fa444810000 rw-p 00000000 00:00 0 
7fa444810000-7fa444893000 rw-p 00000000 00:00 0 
7fa444893000-7fa444894000 rw-p 00000000 00:00 0 
7fa444894000-7fa44489c000 r-xp 00000000 fc:01 266631                     /usr/lib/jvm/java-7-openjdk-amd64/jre/lib/amd64/libzip.so
7fa44489c000-7fa444a9b000 ---p 00008000 fc:01 266631                     /usr/lib/jvm/java-7-openjdk-amd64/jre/lib/amd64/libzip.so
7fa444a9b000-7fa444a9c000 r--p 00007000 fc:01 266631                     /usr/lib/jvm/java-7-openjdk-amd64/jre/lib/amd64/libzip.so
7fa444a9c000-7fa444a9d000 rw-p 00008000 fc:01 266631                     /usr/lib/jvm/java-7-openjdk-amd64/jre/lib/amd64/libzip.so
7fa444a9d000-7fa444aa8000 r-xp 00000000 fc:01 4463634                    /lib/x86_64-linux-gnu/libnss_files-2.19.so
7fa444aa8000-7fa444ca7000 ---p 0000b000 fc:01 4463634                    /lib/x86_64-linux-gnu/libnss_files-2.19.so
7fa444ca7000-7fa444ca8000 r--p 0000a000 fc:01 4463634                    /lib/x86_64-linux-gnu/libnss_files-2.19.so
7fa444ca8000-7fa444ca9000 rw-p 0000b000 fc:01 4463634                    /lib/x86_64-linux-gnu/libnss_files-2.19.so
7fa444ca9000-7fa444cb4000 r-xp 00000000 fc:01 4463654                    /lib/x86_64-linux-gnu/libnss_nis-2.19.so
7fa444cb4000-7fa444eb3000 ---p 0000b000 fc:01 4463654                    /lib/x86_64-linux-gnu/libnss_nis-2.19.so
7fa444eb3000-7fa444eb4000 r--p 0000a000 fc:01 4463654                    /lib/x86_64-linux-gnu/libnss_nis-2.19.so
7fa444eb4000-7fa444eb5000 rw-p 0000b000 fc:01 4463654                    /lib/x86_64-linux-gnu/libnss_nis-2.19.so
7fa444eb5000-7fa444ecc000 r-xp 00000000 fc:01 4463643                    /lib/x86_64-linux-gnu/libnsl-2.19.so
7fa444ecc000-7fa4450cb000 ---p 00017000 fc:01 4463643                    /lib/x86_64-linux-gnu/libnsl-2.19.so
7fa4450cb000-7fa4450cc000 r--p 00016000 fc:01 4463643                    /lib/x86_64-linux-gnu/libnsl-2.19.so
7fa4450cc000-7fa4450cd000 rw-p 00017000 fc:01 4463643                    /lib/x86_64-linux-gnu/libnsl-2.19.so
7fa4450cd000-7fa4450cf000 rw-p 00000000 00:00 0 
7fa4450cf000-7fa4450d8000 r-xp 00000000 fc:01 4463642                    /lib/x86_64-linux-gnu/libnss_compat-2.19.so
7fa4450d8000-7fa4452d7000 ---p 00009000 fc:01 4463642                    /lib/x86_64-linux-gnu/libnss_compat-2.19.so
7fa4452d7000-7fa4452d8000 r--p 00008000 fc:01 4463642                    /lib/x86_64-linux-gnu/libnss_compat-2.19.so
7fa4452d8000-7fa4452d9000 rw-p 00009000 fc:01 4463642                    /lib/x86_64-linux-gnu/libnss_compat-2.19.so
7fa4452d9000-7fa445304000 r-xp 00000000 fc:01 266615                     /usr/lib/jvm/java-7-openjdk-amd64/jre/lib/amd64/libjava.so
7fa445304000-7fa445504000 ---p 0002b000 fc:01 266615                     /usr/lib/jvm/java-7-openjdk-amd64/jre/lib/amd64/libjava.so
7fa445504000-7fa445505000 r--p 0002b000 fc:01 266615                     /usr/lib/jvm/java-7-openjdk-amd64/jre/lib/amd64/libjava.so
7fa445505000-7fa445507000 rw-p 0002c000 fc:01 266615                     /usr/lib/jvm/java-7-openjdk-amd64/jre/lib/amd64/libjava.so
7fa445507000-7fa445517000 r-xp 00000000 fc:01 266614                     /usr/lib/jvm/java-7-openjdk-amd64/jre/lib/amd64/libverify.so
7fa445517000-7fa445716000 ---p 00010000 fc:01 266614                     /usr/lib/jvm/java-7-openjdk-amd64/jre/lib/amd64/libverify.so
7fa445716000-7fa445718000 r--p 0000f000 fc:01 266614                     /usr/lib/jvm/java-7-openjdk-amd64/jre/lib/amd64/libverify.so
7fa445718000-7fa445719000 rw-p 00011000 fc:01 266614                     /usr/lib/jvm/java-7-openjdk-amd64/jre/lib/amd64/libverify.so
7fa445719000-7fa445720000 r-xp 00000000 fc:01 4463651                    /lib/x86_64-linux-gnu/librt-2.19.so
7fa445720000-7fa44591f000 ---p 00007000 fc:01 4463651                    /lib/x86_64-linux-gnu/librt-2.19.so
7fa44591f000-7fa445920000 r--p 00006000 fc:01 4463651                    /lib/x86_64-linux-gnu/librt-2.19.so
7fa445920000-7fa445921000 rw-p 00007000 fc:01 4463651                    /lib/x86_64-linux-gnu/librt-2.19.so
7fa445921000-7fa445937000 r-xp 00000000 fc:01 4456463                    /lib/x86_64-linux-gnu/libgcc_s.so.1
7fa445937000-7fa445b36000 ---p 00016000 fc:01 4456463                    /lib/x86_64-linux-gnu/libgcc_s.so.1
7fa445b36000-7fa445b37000 rw-p 00015000 fc:01 4456463                    /lib/x86_64-linux-gnu/libgcc_s.so.1
7fa445b37000-7fa445c3c000 r-xp 00000000 fc:01 4463033                    /lib/x86_64-linux-gnu/libm-2.19.so
7fa445c3c000-7fa445e3b000 ---p 00105000 fc:01 4463033                    /lib/x86_64-linux-gnu/libm-2.19.so
7fa445e3b000-7fa445e3c000 r--p 00104000 fc:01 4463033                    /lib/x86_64-linux-gnu/libm-2.19.so
7fa445e3c000-7fa445e3d000 rw-p 00105000 fc:01 4463033                    /lib/x86_64-linux-gnu/libm-2.19.so
7fa445e3d000-7fa445f23000 r-xp 00000000 fc:01 7086978                    /usr/lib/x86_64-linux-gnu/libstdc++.so.6.0.19
7fa445f23000-7fa446122000 ---p 000e6000 fc:01 7086978                    /usr/lib/x86_64-linux-gnu/libstdc++.so.6.0.19
7fa446122000-7fa44612a000 r--p 000e5000 fc:01 7086978                    /usr/lib/x86_64-linux-gnu/libstdc++.so.6.0.19
7fa44612a000-7fa44612c000 rw-p 000ed000 fc:01 7086978                    /usr/lib/x86_64-linux-gnu/libstdc++.so.6.0.19
7fa44612c000-7fa446141000 rw-p 00000000 00:00 0 
7fa446141000-7fa446c59000 r-xp 00000000 fc:01 266620                     /usr/lib/jvm/java-7-openjdk-amd64/jre/lib/amd64/server/libjvm.so
7fa446c59000-7fa446e59000 ---p 00b18000 fc:01 266620                     /usr/lib/jvm/java-7-openjdk-amd64/jre/lib/amd64/server/libjvm.so
7fa446e59000-7fa446ef3000 r--p 00b18000 fc:01 266620                     /usr/lib/jvm/java-7-openjdk-amd64/jre/lib/amd64/server/libjvm.so
7fa446ef3000-7fa446f16000 rw-p 00bb2000 fc:01 266620                     /usr/lib/jvm/java-7-openjdk-amd64/jre/lib/amd64/server/libjvm.so
7fa446f16000-7fa446f44000 rw-p 00000000 00:00 0 
7fa446f44000-7fa446f5c000 r-xp 00000000 fc:01 4460645                    /lib/x86_64-linux-gnu/libz.so.1.2.8
7fa446f5c000-7fa44715b000 ---p 00018000 fc:01 4460645                    /lib/x86_64-linux-gnu/libz.so.1.2.8
7fa44715b000-7fa44715c000 r--p 00017000 fc:01 4460645                    /lib/x86_64-linux-gnu/libz.so.1.2.8
7fa44715c000-7fa44715d000 rw-p 00018000 fc:01 4460645                    /lib/x86_64-linux-gnu/libz.so.1.2.8
7fa44715d000-7fa447176000 r-xp 00000000 fc:01 4463649                    /lib/x86_64-linux-gnu/libpthread-2.19.so
7fa447176000-7fa447375000 ---p 00019000 fc:01 4463649                    /lib/x86_64-linux-gnu/libpthread-2.19.so
7fa447375000-7fa447376000 r--p 00018000 fc:01 4463649                    /lib/x86_64-linux-gnu/libpthread-2.19.so
7fa447376000-7fa447377000 rw-p 00019000 fc:01 4463649                    /lib/x86_64-linux-gnu/libpthread-2.19.so
7fa447377000-7fa44737b000 rw-p 00000000 00:00 0 
7fa44737b000-7fa44737e000 r-xp 00000000 fc:01 4463637                    /lib/x86_64-linux-gnu/libdl-2.19.so
7fa44737e000-7fa44757d000 ---p 00003000 fc:01 4463637                    /lib/x86_64-linux-gnu/libdl-2.19.so
7fa44757d000-7fa44757e000 r--p 00002000 fc:01 4463637                    /lib/x86_64-linux-gnu/libdl-2.19.so
7fa44757e000-7fa44757f000 rw-p 00003000 fc:01 4463637                    /lib/x86_64-linux-gnu/libdl-2.19.so
7fa44757f000-7fa44773a000 r-xp 00000000 fc:01 4463648                    /lib/x86_64-linux-gnu/libc-2.19.so
7fa44773a000-7fa447939000 ---p 001bb000 fc:01 4463648                    /lib/x86_64-linux-gnu/libc-2.19.so
7fa447939000-7fa44793d000 r--p 001ba000 fc:01 4463648                    /lib/x86_64-linux-gnu/libc-2.19.so
7fa44793d000-7fa44793f000 rw-p 001be000 fc:01 4463648                    /lib/x86_64-linux-gnu/libc-2.19.so
7fa44793f000-7fa447944000 rw-p 00000000 00:00 0 
7fa447944000-7fa447951000 r-xp 00000000 fc:01 266597                     /usr/lib/jvm/java-7-openjdk-amd64/jre/lib/amd64/jli/libjli.so
7fa447951000-7fa447b50000 ---p 0000d000 fc:01 266597                     /usr/lib/jvm/java-7-openjdk-amd64/jre/lib/amd64/jli/libjli.so
7fa447b50000-7fa447b51000 r--p 0000c000 fc:01 266597                     /usr/lib/jvm/java-7-openjdk-amd64/jre/lib/amd64/jli/libjli.so
7fa447b51000-7fa447b52000 rw-p 0000d000 fc:01 266597                     /usr/lib/jvm/java-7-openjdk-amd64/jre/lib/amd64/jli/libjli.so
7fa447b52000-7fa447b75000 r-xp 00000000 fc:01 4463645                    /lib/x86_64-linux-gnu/ld-2.19.so
7fa447b76000-7fa447b7a000 r--s 0003c000 fc:01 266574                     /usr/lib/jvm/java-7-openjdk-amd64/jre/lib/ext/sunpkcs11.jar
7fa447b7a000-7fa447b9c000 rw-p 00000000 00:00 0 
7fa447b9c000-7fa447c52000 rw-p 00000000 00:00 0 
7fa447c52000-7fa447c55000 ---p 00000000 00:00 0 
7fa447c55000-7fa447d59000 rw-p 00000000 00:00 0                          [stack:20901]
7fa447d59000-7fa447d5a000 r--s 00002000 fc:01 266577                     /usr/lib/jvm/java-7-openjdk-amd64/jre/lib/ext/dnsns.jar
7fa447d5a000-7fa447d5d000 r--s 00086000 fc:01 266578                     /usr/lib/jvm/java-7-openjdk-amd64/jre/lib/ext/localedata.jar
7fa447d5d000-7fa447d5f000 r--s 00012000 fc:01 266576                     /usr/lib/jvm/java-7-openjdk-amd64/jre/lib/ext/zipfs.jar
7fa447d5f000-7fa447d63000 r--s 00034000 fc:01 266575                     /usr/lib/jvm/java-7-openjdk-amd64/jre/lib/ext/sunjce_provider.jar
7fa447d63000-7fa447d66000 r--s 0000f000 fc:01 266573                     /usr/lib/jvm/java-7-openjdk-amd64/jre/lib/ext/icedtea-sound.jar
7fa447d66000-7fa447d68000 r--s 00006000 fc:01 110                        /usr/share/java/java-atk-wrapper.jar
7fa447d68000-7fa447d70000 rw-s 00000000 fc:01 4194497                    /tmp/hsperfdata_aahung/20897
7fa447d70000-7fa447d71000 rw-p 00000000 00:00 0 
7fa447d71000-7fa447d72000 ---p 00000000 00:00 0 
7fa447d72000-7fa447d74000 rw-p 00000000 00:00 0 
7fa447d74000-7fa447d75000 r--p 00022000 fc:01 4463645                    /lib/x86_64-linux-gnu/ld-2.19.so
7fa447d75000-7fa447d76000 rw-p 00023000 fc:01 4463645                    /lib/x86_64-linux-gnu/ld-2.19.so
7fa447d76000-7fa447d77000 rw-p 00000000 00:00 0 
7fff99545000-7fff99567000 rw-p 00000000 00:00 0                          [stack]
7fff995e7000-7fff995e9000 r-xp 00000000 00:00 0                          [vdso]
ffffffffff600000-ffffffffff601000 r-xp 00000000 00:00 0                  [vsyscall]

VM Arguments:
jvm_args: -Xmx1024M -Dfile.encoding=UTF-8 -Duser.country=HK -Duser.language=en -Duser.variant 
java_command: com.android.dx.command.Main --dex --output /home/aahung/cityu-sport-android/app/build/intermediates/dex/debug /home/aahung/cityu-sport-android/app/build/intermediates/classes/debug /home/aahung/cityu-sport-android/app/build/intermediates/pre-dexed/debug/support-annotations-21.0.3-d45ed27f1dae7251dc7a8aef1046118670676bd3.jar /home/aahung/cityu-sport-android/app/build/intermediates/pre-dexed/debug/butterknife-6.1.0-636c530f7b1615d17c06b6085f93aa4a0a0df8c1.jar /home/aahung/cityu-sport-android/app/build/intermediates/pre-dexed/debug/okio-1.3.0-a489eff24a467fdc5fa55498515fe3ddae6c8261.jar /home/aahung/cityu-sport-android/app/build/intermediates/pre-dexed/debug/retrofit-1.9.0-8bbff3c94e0ba2b6e5fc004822f5e9d68572d1bb.jar /home/aahung/cityu-sport-android/app/build/intermediates/pre-dexed/debug/commons-io-1.3.2-5922132dd54dd632578a685ab48106155db1fb4d.jar /home/aahung/cityu-sport-android/app/build/intermediates/pre-dexed/debug/internal_impl-21.0.3-efee95892716bfec18d29844364504ea2debbbee.jar /home/aahung/cityu-sport-android/app/build/intermediates/pre-dexed/debug/gson-2.3.1-2aa862fc70585181ed5302e3ec0cd674f2dbfb91.jar /home/aahung/cityu-sport-android/app/build/intermediates/pre-dexed/debug/jsoup-1.8.1-f2c85f130ae64836a1e85bb078cc0a2ecd5eca9a.jar /home/aahung/cityu-sport-android/app/build/intermediates/pre-dexed/debug/okhttp-2.3.0-fe57cf075c724cf92f53356bb6894d71396353b3.jar /home/aahung/cityu-sport-android/app/build/intermediates/pre-dexed/debug/classes-e57b8cb9593e9ab06109625228db4a43f5725beb.jar /home/aahung/cityu-sport-android/app/build/intermediates/pre-dexed/debug/classes-fa266008f4b3065aebf4b985c5d190c3fef80b39.jar
Launcher Type: SUN_STANDARD

Environment Variables:
CLASSPATH=/opt/android-studio/bin/../lib/bootstrap.jar:/opt/android-studio/bin/../lib/extensions.jar:/opt/android-studio/bin/../lib/util.jar:/opt/android-studio/bin/../lib/jdom.jar:/opt/android-studio/bin/../lib/log4j.jar:/opt/android-studio/bin/../lib/trove4j.jar:/opt/android-studio/bin/../lib/jna.jar:/usr/lib/jvm/java-8-oracle/lib/tools.jar
PATH=/usr/local/sbin:/usr/local/bin:/usr/sbin:/usr/bin:/sbin:/bin:/usr/games:/usr/local/games
LD_LIBRARY_PATH=/opt/android-studio/bin:
SHELL=/bin/bash
DISPLAY=:0

Signal Handlers:
SIGSEGV: [libjvm.so+0x94b4b0], sa_mask[0]=0x7ffbfeff, sa_flags=0x10000004
SIGBUS: [libjvm.so+0x94b4b0], sa_mask[0]=0x7ffbfeff, sa_flags=0x10000004
SIGFPE: [libjvm.so+0x7c3390], sa_mask[0]=0x7ffbfeff, sa_flags=0x10000004
SIGPIPE: [libjvm.so+0x7c3390], sa_mask[0]=0x7ffbfeff, sa_flags=0x10000004
SIGXFSZ: [libjvm.so+0x7c3390], sa_mask[0]=0x7ffbfeff, sa_flags=0x10000004
SIGILL: [libjvm.so+0x7c3390], sa_mask[0]=0x7ffbfeff, sa_flags=0x10000004
SIGUSR1: SIG_DFL, sa_mask[0]=0x00000000, sa_flags=0x00000000
SIGUSR2: [libjvm.so+0x7c3230], sa_mask[0]=0x00000004, sa_flags=0x10000004
SIGHUP: [libjvm.so+0x7c3410], sa_mask[0]=0x7ffbfeff, sa_flags=0x10000004
SIGINT: [libjvm.so+0x7c3410], sa_mask[0]=0x7ffbfeff, sa_flags=0x10000004
SIGTERM: [libjvm.so+0x7c3410], sa_mask[0]=0x7ffbfeff, sa_flags=0x10000004
SIGQUIT: [libjvm.so+0x7c3410], sa_mask[0]=0x7ffbfeff, sa_flags=0x10000004
SIGTRAP: SIG_DFL, sa_mask[0]=0x00000000, sa_flags=0x00000000


---------------  S Y S T E M  ---------------

OS:Ubuntu 14.04 (trusty)
uname:Linux 3.13.0-46-generic #79-Ubuntu SMP Tue Mar 10 20:06:50 UTC 2015 x86_64
libc:glibc 2.19 NPTL 2.19 
rlimit: STACK 8192k, CORE 0k, NPROC 31034, NOFILE 4096, AS infinity
load average:1.85 1.62 1.44

/proc/meminfo:
MemTotal:        4003900 kB
MemFree:          107420 kB
Buffers:             484 kB
Cached:            52148 kB
SwapCached:            0 kB
Active:          3514240 kB
Inactive:          49936 kB
Active(anon):    3513076 kB
Inactive(anon):    27292 kB
Active(file):       1164 kB
Inactive(file):    22644 kB
Unevictable:          48 kB
Mlocked:              48 kB
SwapTotal:             0 kB
SwapFree:              0 kB
Dirty:                48 kB
Writeback:             0 kB
AnonPages:       3511972 kB
Mapped:            32336 kB
Shmem:             28444 kB
Slab:              73160 kB
SReclaimable:      25108 kB
SUnreclaim:        48052 kB
KernelStack:        4712 kB
PageTables:        34592 kB
NFS_Unstable:          0 kB
Bounce:                0 kB
WritebackTmp:          0 kB
CommitLimit:     2001948 kB
Committed_AS:    6439876 kB
VmallocTotal:   34359738367 kB
VmallocUsed:      289072 kB
VmallocChunk:   34359420924 kB
HardwareCorrupted:     0 kB
AnonHugePages:   2023424 kB
HugePages_Total:       0
HugePages_Free:        0
HugePages_Rsvd:        0
HugePages_Surp:        0
Hugepagesize:       2048 kB
DirectMap4k:       88960 kB
DirectMap2M:     4061184 kB


CPU:total 4 (2 cores per cpu, 2 threads per core) family 6 model 42 stepping 7, cmov, cx8, fxsr, mmx, sse, sse2, sse3, ssse3, sse4.1, sse4.2, popcnt, avx, ht, tsc, tscinvbit

/proc/cpuinfo:
processor	: 0
vendor_id	: GenuineIntel
cpu family	: 6
model		: 42
model name	: Intel(R) Core(TM) i3-2350M CPU @ 2.30GHz
stepping	: 7
microcode	: 0x25
cpu MHz		: 2300.000
cache size	: 3072 KB
physical id	: 0
siblings	: 4
core id		: 0
cpu cores	: 2
apicid		: 0
initial apicid	: 0
fpu		: yes
fpu_exception	: yes
cpuid level	: 13
wp		: yes
flags		: fpu vme de pse tsc msr pae mce cx8 apic sep mtrr pge mca cmov pat pse36 clflush dts acpi mmx fxsr sse sse2 ss ht tm pbe syscall nx rdtscp lm constant_tsc arch_perfmon pebs bts rep_good nopl xtopology nonstop_tsc aperfmperf eagerfpu pni pclmulqdq dtes64 monitor ds_cpl vmx est tm2 ssse3 cx16 xtpr pdcm pcid sse4_1 sse4_2 x2apic popcnt tsc_deadline_timer xsave avx lahf_lm arat epb xsaveopt pln pts dtherm tpr_shadow vnmi flexpriority ept vpid
bogomips	: 4589.76
clflush size	: 64
cache_alignment	: 64
address sizes	: 36 bits physical, 48 bits virtual
power management:

processor	: 1
vendor_id	: GenuineIntel
cpu family	: 6
model		: 42
model name	: Intel(R) Core(TM) i3-2350M CPU @ 2.30GHz
stepping	: 7
microcode	: 0x25
cpu MHz		: 2300.000
cache size	: 3072 KB
physical id	: 0
siblings	: 4
core id		: 1
cpu cores	: 2
apicid		: 2
initial apicid	: 2
fpu		: yes
fpu_exception	: yes
cpuid level	: 13
wp		: yes
flags		: fpu vme de pse tsc msr pae mce cx8 apic sep mtrr pge mca cmov pat pse36 clflush dts acpi mmx fxsr sse sse2 ss ht tm pbe syscall nx rdtscp lm constant_tsc arch_perfmon pebs bts rep_good nopl xtopology nonstop_tsc aperfmperf eagerfpu pni pclmulqdq dtes64 monitor ds_cpl vmx est tm2 ssse3 cx16 xtpr pdcm pcid sse4_1 sse4_2 x2apic popcnt tsc_deadline_timer xsave avx lahf_lm arat epb xsaveopt pln pts dtherm tpr_shadow vnmi flexpriority ept vpid
bogomips	: 4589.76
clflush size	: 64
cache_alignment	: 64
address sizes	: 36 bits physical, 48 bits virtual
power management:

processor	: 2
vendor_id	: GenuineIntel
cpu family	: 6
model		: 42
model name	: Intel(R) Core(TM) i3-2350M CPU @ 2.30GHz
stepping	: 7
microcode	: 0x25
cpu MHz		: 2300.000
cache size	: 3072 KB
physical id	: 0
siblings	: 4
core id		: 0
cpu cores	: 2
apicid		: 1
initial apicid	: 1
fpu		: yes
fpu_exception	: yes
cpuid level	: 13
wp		: yes
flags		: fpu vme de pse tsc msr pae mce cx8 apic sep mtrr pge mca cmov pat pse36 clflush dts acpi mmx fxsr sse sse2 ss ht tm pbe syscall nx rdtscp lm constant_tsc arch_perfmon pebs bts rep_good nopl xtopology nonstop_tsc aperfmperf eagerfpu pni pclmulqdq dtes64 monitor ds_cpl vmx est tm2 ssse3 cx16 xtpr pdcm pcid sse4_1 sse4_2 x2apic popcnt tsc_deadline_timer xsave avx lahf_lm arat epb xsaveopt pln pts dtherm tpr_shadow vnmi flexpriority ept vpid
bogomips	: 4589.76
clflush size	: 64
cache_alignment	: 64
address sizes	: 36 bits physical, 48 bits virtual
power management:

processor	: 3
vendor_id	: GenuineIntel
cpu family	: 6
model		: 42
model name	: Intel(R) Core(TM) i3-2350M CPU @ 2.30GHz
stepping	: 7
microcode	: 0x25
cpu MHz		: 2300.000
cache size	: 3072 KB
physical id	: 0
siblings	: 4
core id		: 1
cpu cores	: 2
apicid		: 3
initial apicid	: 3
fpu		: yes
fpu_exception	: yes
cpuid level	: 13
wp		: yes
flags		: fpu vme de pse tsc msr pae mce cx8 apic sep mtrr pge mca cmov pat pse36 clflush dts acpi mmx fxsr sse sse2 ss ht tm pbe syscall nx rdtscp lm constant_tsc arch_perfmon pebs bts rep_good nopl xtopology nonstop_tsc aperfmperf eagerfpu pni pclmulqdq dtes64 monitor ds_cpl vmx est tm2 ssse3 cx16 xtpr pdcm pcid sse4_1 sse4_2 x2apic popcnt tsc_deadline_timer xsave avx lahf_lm arat epb xsaveopt pln pts dtherm tpr_shadow vnmi flexpriority ept vpid
bogomips	: 4589.76
clflush size	: 64
cache_alignment	: 64
address sizes	: 36 bits physical, 48 bits virtual
power management:



Memory: 4k page, physical 4003900k(106676k free), swap 0k(0k free)

vm_info: OpenJDK 64-Bit Server VM (24.75-b04) for linux-amd64 JRE (1.7.0_75-b13), built on Jan 27 2015 00:38:59 by "buildd" with gcc 4.8.2

time: Sun Mar 22 13:55:01 2015
elapsed time: 7 seconds

