#
# There is insufficient memory for the Java Runtime Environment to continue.
# Native memory allocation (malloc) failed to allocate 65011712 bytes for committing reserved memory.
# Possible reasons:
#   The system is out of physical RAM or swap space
#   In 32 bit mode, the process size limit was hit
# Possible solutions:
#   Reduce memory load on the system
#   Increase physical memory or swap space
#   Check if swap backing store is full
#   Use 64 bit Java on a 64 bit OS
#   Decrease Java heap size (-Xmx/-Xms)
#   Decrease number of Java threads
#   Decrease Java thread stack sizes (-Xss)
#   Set larger code cache with -XX:ReservedCodeCacheSize=
# This output file may be truncated or incomplete.
#
#  Out of Memory Error (os_linux.cpp:2798), pid=20825, tid=139851529049856
#
# JRE version: OpenJDK Runtime Environment (7.0_75-b13) (build 1.7.0_75-b13)
# Java VM: OpenJDK 64-Bit Server VM (24.75-b04 mixed mode linux-amd64 compressed oops)
# Derivative: IcedTea 2.5.4
# Distribution: Ubuntu 14.04 LTS, package 7u75-2.5.4-1~trusty1
# Failed to write core dump. Core dumps have been disabled. To enable core dumping, try "ulimit -c unlimited" before starting Java again
#

---------------  T H R E A D  ---------------

Current thread (0x00007f31c4076800):  VMThread [stack: 0x00007f31b8a5d000,0x00007f31b8b5e000] [id=20835]

Stack: [0x00007f31b8a5d000,0x00007f31b8b5e000],  sp=0x00007f31b8b5c490,  free space=1021k
Native frames: (J=compiled Java code, j=interpreted, Vv=VM code, C=native code)
V  [libjvm.so+0x94a9d5]  VMError::report_and_die()+0x175
V  [libjvm.so+0x48b954]  report_vm_out_of_memory(char const*, int, unsigned long, char const*)+0x74
V  [libjvm.so+0x7c7b7b]  os::pd_commit_memory(char*, unsigned long, unsigned long, bool)+0xeb
V  [libjvm.so+0x7c263f]  os::commit_memory(char*, unsigned long, unsigned long, bool)+0x1f
V  [libjvm.so+0x834b1b]  PSVirtualSpace::expand_by(unsigned long)+0x5b
V  [libjvm.so+0x835970]  PSYoungGen::resize_generation(unsigned long, unsigned long)+0xb0
V  [libjvm.so+0x83605b]  PSYoungGen::resize(unsigned long, unsigned long)+0x1b
V  [libjvm.so+0x832340]  PSScavenge::invoke_no_policy()+0xde0
V  [libjvm.so+0x832b18]  PSScavenge::invoke()+0x38
V  [libjvm.so+0x7e9203]  ParallelScavengeHeap::failed_mem_allocate(unsigned long)+0x63
V  [libjvm.so+0x94c3d4]  VM_ParallelGCFailedAllocation::doit()+0x84
V  [libjvm.so+0x9508d7]  VM_Operation::evaluate()+0x47
V  [libjvm.so+0x94f248]  VMThread::evaluate_operation(VM_Operation*)+0x318
V  [libjvm.so+0x94f6a9]  VMThread::loop()+0x219
V  [libjvm.so+0x94faf2]  VMThread::run()+0x72
V  [libjvm.so+0x7c4a42]  java_start(Thread*)+0xf2

VM_Operation (0x00007f31cb25d260): ParallelGCFailedAllocation, mode: safepoint, requested by thread 0x00007f31c400b000


---------------  P R O C E S S  ---------------

Java Threads: ( => current thread )
  0x00007f31c40af000 JavaThread "Service Thread" daemon [_thread_blocked, id=20841, stack(0x00007f31b3cfd000,0x00007f31b3dfe000)]
  0x00007f31c40ad000 JavaThread "C2 CompilerThread1" daemon [_thread_blocked, id=20840, stack(0x00007f31b3dfe000,0x00007f31b3eff000)]
  0x00007f31c40aa000 JavaThread "C2 CompilerThread0" daemon [_thread_blocked, id=20839, stack(0x00007f31b3eff000,0x00007f31b4000000)]
  0x00007f31c40a8000 JavaThread "Signal Dispatcher" daemon [_thread_blocked, id=20838, stack(0x00007f31b8078000,0x00007f31b8179000)]
  0x00007f31c407d000 JavaThread "Finalizer" daemon [_thread_blocked, id=20837, stack(0x00007f31b885b000,0x00007f31b895c000)]
  0x00007f31c407b000 JavaThread "Reference Handler" daemon [_thread_blocked, id=20836, stack(0x00007f31b895c000,0x00007f31b8a5d000)]
  0x00007f31c400b000 JavaThread "main" [_thread_blocked, id=20830, stack(0x00007f31cb15e000,0x00007f31cb25f000)]

Other Threads:
=>0x00007f31c4076800 VMThread [stack: 0x00007f31b8a5d000,0x00007f31b8b5e000] [id=20835]
  0x00007f31c40ba000 WatcherThread [stack: 0x00007f31b3bfc000,0x00007f31b3cfd000] [id=20842]

VM state:at safepoint (normal execution)

VM Mutex/Monitor currently owned by a thread:  ([mutex/lock_event])
[0x00007f31c40074b0] Threads_lock - owner thread: 0x00007f31c4076800
[0x00007f31c40079b0] Heap_lock - owner thread: 0x00007f31c400b000

Heap
 PSYoungGen      total 70656K, used 7209K [0x00000000eaa80000, 0x00000000ef780000, 0x0000000100000000)
  eden space 62976K, 0% used [0x00000000eaa80000,0x00000000eaa80000,0x00000000ee800000)
  from space 7680K, 93% used [0x00000000ee800000,0x00000000eef0a430,0x00000000eef80000)
  to   space 7168K, 0% used [0x00000000eef80000,0x00000000eef80000,0x00000000ef680000)
 ParOldGen       total 41472K, used 24074K [0x00000000c0000000, 0x00000000c2880000, 0x00000000eaa80000)
  object space 41472K, 58% used [0x00000000c0000000,0x00000000c1782990,0x00000000c2880000)
 PSPermGen       total 21504K, used 7490K [0x00000000b5a00000, 0x00000000b6f00000, 0x00000000c0000000)
  object space 21504K, 34% used [0x00000000b5a00000,0x00000000b6150958,0x00000000b6f00000)

Card table byte_map: [0x00007f31c0997000,0x00007f31c0beb000] byte_map_base: 0x00007f31c03ea000

Polling page: 0x00007f31cb27d000

Code Cache  [0x00007f31c0beb000, 0x00007f31c0e5b000, 0x00007f31c3beb000)
 total_blobs=908 nmethods=657 adapters=204 free_code_cache=47257Kb largest_free_block=48349504

Compilation events (10 events):
Event: 3.865 Thread 0x00007f31c40ad000  666             java.lang.Integer::compareTo (12 bytes)
Event: 3.865 Thread 0x00007f31c40aa000  665             java.lang.Integer::compareTo (9 bytes)
Event: 3.867 Thread 0x00007f31c40ad000 nmethod 666 0x00007f31c0dc4f90 code [0x00007f31c0dc50c0, 0x00007f31c0dc5138]
Event: 3.867 Thread 0x00007f31c40ad000  667             java.lang.Integer::compare (20 bytes)
Event: 3.867 Thread 0x00007f31c40aa000 nmethod 665 0x00007f31c0dc4cd0 code [0x00007f31c0dc4e20, 0x00007f31c0dc4ed8]
Event: 3.867 Thread 0x00007f31c40ad000 nmethod 667 0x00007f31c0dbb290 code [0x00007f31c0dbb3c0, 0x00007f31c0dbb418]
Event: 3.875 Thread 0x00007f31c40aa000  668             java.util.ComparableTimSort::mergeLo (652 bytes)
Event: 3.882 Thread 0x00007f31c40ad000  669             java.util.TimSort::binarySort (223 bytes)
Event: 3.901 Thread 0x00007f31c40ad000 nmethod 669 0x00007f31c0dc6d10 code [0x00007f31c0dc6ec0, 0x00007f31c0dc78d8]
Event: 3.901 Thread 0x00007f31c40ad000  670             java.util.TimSort::countRunAndMakeAscending (128 bytes)

GC Heap History (10 events):
Event: 1.765 GC heap after
Heap after GC invocations=2 (full 0):
 PSYoungGen      total 18432K, used 2528K [0x00000000eaa80000, 0x00000000ebf00000, 0x0000000100000000)
  eden space 15872K, 0% used [0x00000000eaa80000,0x00000000eaa80000,0x00000000eba00000)
  from space 2560K, 98% used [0x00000000ebc80000,0x00000000ebef8028,0x00000000ebf00000)
  to   space 2560K, 0% used [0x00000000eba00000,0x00000000eba00000,0x00000000ebc80000)
 ParOldGen       total 41472K, used 4296K [0x00000000c0000000, 0x00000000c2880000, 0x00000000eaa80000)
  object space 41472K, 10% used [0x00000000c0000000,0x00000000c0432090,0x00000000c2880000)
 PSPermGen       total 21504K, used 5318K [0x00000000b5a00000, 0x00000000b6f00000, 0x00000000c0000000)
  object space 21504K, 24% used [0x00000000b5a00000,0x00000000b5f31bd0,0x00000000b6f00000)
}
Event: 2.449 GC heap before
{Heap before GC invocations=3 (full 0):
 PSYoungGen      total 18432K, used 18346K [0x00000000eaa80000, 0x00000000ebf00000, 0x0000000100000000)
  eden space 15872K, 99% used [0x00000000eaa80000,0x00000000eb9f2ab8,0x00000000eba00000)
  from space 2560K, 98% used [0x00000000ebc80000,0x00000000ebef8028,0x00000000ebf00000)
  to   space 2560K, 0% used [0x00000000eba00000,0x00000000eba00000,0x00000000ebc80000)
 ParOldGen       total 41472K, used 4296K [0x00000000c0000000, 0x00000000c2880000, 0x00000000eaa80000)
  object space 41472K, 10% used [0x00000000c0000000,0x00000000c0432090,0x00000000c2880000)
 PSPermGen       total 21504K, used 6805K [0x00000000b5a00000, 0x00000000b6f00000, 0x00000000c0000000)
  object space 21504K, 31% used [0x00000000b5a00000,0x00000000b60a5708,0x00000000b6f00000)
Event: 2.457 GC heap after
Heap after GC invocations=3 (full 0):
 PSYoungGen      total 18432K, used 2528K [0x00000000eaa80000, 0x00000000ece80000, 0x0000000100000000)
  eden space 15872K, 0% used [0x00000000eaa80000,0x00000000eaa80000,0x00000000eba00000)
  from space 2560K, 98% used [0x00000000eba00000,0x00000000ebc78028,0x00000000ebc80000)
  to   space 2560K, 0% used [0x00000000ecc00000,0x00000000ecc00000,0x00000000ece80000)
 ParOldGen       total 41472K, used 8210K [0x00000000c0000000, 0x00000000c2880000, 0x00000000eaa80000)
  object space 41472K, 19% used [0x00000000c0000000,0x00000000c0804840,0x00000000c2880000)
 PSPermGen       total 21504K, used 6805K [0x00000000b5a00000, 0x00000000b6f00000, 0x00000000c0000000)
  object space 21504K, 31% used [0x00000000b5a00000,0x00000000b60a5708,0x00000000b6f00000)
}
Event: 2.939 GC heap before
{Heap before GC invocations=4 (full 0):
 PSYoungGen      total 18432K, used 18400K [0x00000000eaa80000, 0x00000000ece80000, 0x0000000100000000)
  eden space 15872K, 100% used [0x00000000eaa80000,0x00000000eba00000,0x00000000eba00000)
  from space 2560K, 98% used [0x00000000eba00000,0x00000000ebc78028,0x00000000ebc80000)
  to   space 2560K, 0% used [0x00000000ecc00000,0x00000000ecc00000,0x00000000ece80000)
 ParOldGen       total 41472K, used 8210K [0x00000000c0000000, 0x00000000c2880000, 0x00000000eaa80000)
  object space 41472K, 19% used [0x00000000c0000000,0x00000000c0804840,0x00000000c2880000)
 PSPermGen       total 21504K, used 7413K [0x00000000b5a00000, 0x00000000b6f00000, 0x00000000c0000000)
  object space 21504K, 34% used [0x00000000b5a00000,0x00000000b613d408,0x00000000b6f00000)
Event: 2.948 GC heap after
Heap after GC invocations=4 (full 0):
 PSYoungGen      total 34304K, used 2528K [0x00000000eaa80000, 0x00000000ece80000, 0x0000000100000000)
  eden space 31744K, 0% used [0x00000000eaa80000,0x00000000eaa80000,0x00000000ec980000)
  from space 2560K, 98% used [0x00000000ecc00000,0x00000000ece78040,0x00000000ece80000)
  to   space 2560K, 0% used [0x00000000ec980000,0x00000000ec980000,0x00000000ecc00000)
 ParOldGen       total 41472K, used 11579K [0x00000000c0000000, 0x00000000c2880000, 0x00000000eaa80000)
  object space 41472K, 27% used [0x00000000c0000000,0x00000000c0b4eca8,0x00000000c2880000)
 PSPermGen       total 21504K, used 7413K [0x00000000b5a00000, 0x00000000b6f00000, 0x00000000c0000000)
  object space 21504K, 34% used [0x00000000b5a00000,0x00000000b613d408,0x00000000b6f00000)
}
Event: 3.304 GC heap before
{Heap before GC invocations=5 (full 0):
 PSYoungGen      total 34304K, used 34272K [0x00000000eaa80000, 0x00000000ece80000, 0x0000000100000000)
  eden space 31744K, 100% used [0x00000000eaa80000,0x00000000ec980000,0x00000000ec980000)
  from space 2560K, 98% used [0x00000000ecc00000,0x00000000ece78040,0x00000000ece80000)
  to   space 2560K, 0% used [0x00000000ec980000,0x00000000ec980000,0x00000000ecc00000)
 ParOldGen       total 41472K, used 11579K [0x00000000c0000000, 0x00000000c2880000, 0x00000000eaa80000)
  object space 41472K, 27% used [0x00000000c0000000,0x00000000c0b4eca8,0x00000000c2880000)
 PSPermGen       total 21504K, used 7461K [0x00000000b5a00000, 0x00000000b6f00000, 0x00000000c0000000)
  object space 21504K, 34% used [0x00000000b5a00000,0x00000000b61495f8,0x00000000b6f00000)
Event: 3.313 GC heap after
Heap after GC invocations=5 (full 0):
 PSYoungGen      total 34304K, used 2528K [0x00000000eaa80000, 0x00000000ef680000, 0x0000000100000000)
  eden space 31744K, 0% used [0x00000000eaa80000,0x00000000eaa80000,0x00000000ec980000)
  from space 2560K, 98% used [0x00000000ec980000,0x00000000ecbf8040,0x00000000ecc00000)
  to   space 7168K, 0% used [0x00000000eef80000,0x00000000eef80000,0x00000000ef680000)
 ParOldGen       total 41472K, used 14248K [0x00000000c0000000, 0x00000000c2880000, 0x00000000eaa80000)
  object space 41472K, 34% used [0x00000000c0000000,0x00000000c0dea1b8,0x00000000c2880000)
 PSPermGen       total 21504K, used 7461K [0x00000000b5a00000, 0x00000000b6f00000, 0x00000000c0000000)
  object space 21504K, 34% used [0x00000000b5a00000,0x00000000b61495f8,0x00000000b6f00000)
}
Event: 3.573 GC heap before
{Heap before GC invocations=6 (full 0):
 PSYoungGen      total 34304K, used 34272K [0x00000000eaa80000, 0x00000000ef680000, 0x0000000100000000)
  eden space 31744K, 100% used [0x00000000eaa80000,0x00000000ec980000,0x00000000ec980000)
  from space 2560K, 98% used [0x00000000ec980000,0x00000000ecbf8040,0x00000000ecc00000)
  to   space 7168K, 0% used [0x00000000eef80000,0x00000000eef80000,0x00000000ef680000)
 ParOldGen       total 41472K, used 14248K [0x00000000c0000000, 0x00000000c2880000, 0x00000000eaa80000)
  object space 41472K, 34% used [0x00000000c0000000,0x00000000c0dea1b8,0x00000000c2880000)
 PSPermGen       total 21504K, used 7479K [0x00000000b5a00000, 0x00000000b6f00000, 0x00000000c0000000)
  object space 21504K, 34% used [0x00000000b5a00000,0x00000000b614dd90,0x00000000b6f00000)
Event: 3.581 GC heap after
Heap after GC invocations=6 (full 0):
 PSYoungGen      total 70144K, used 6814K [0x00000000eaa80000, 0x00000000ef780000, 0x0000000100000000)
  eden space 62976K, 0% used [0x00000000eaa80000,0x00000000eaa80000,0x00000000ee800000)
  from space 7168K, 95% used [0x00000000eef80000,0x00000000ef627800,0x00000000ef680000)
  to   space 7680K, 0% used [0x00000000ee800000,0x00000000ee800000,0x00000000eef80000)
 ParOldGen       total 41472K, used 18820K [0x00000000c0000000, 0x00000000c2880000, 0x00000000eaa80000)
  object space 41472K, 45% used [0x00000000c0000000,0x00000000c1261168,0x00000000c2880000)
 PSPermGen       total 21504K, used 7479K [0x00000000b5a00000, 0x00000000b6f00000, 0x00000000c0000000)
  object space 21504K, 34% used [0x00000000b5a00000,0x00000000b614dd90,0x00000000b6f00000)
}
Event: 3.905 GC heap before
{Heap before GC invocations=7 (full 0):
 PSYoungGen      total 70144K, used 69790K [0x00000000eaa80000, 0x00000000ef780000, 0x0000000100000000)
  eden space 62976K, 100% used [0x00000000eaa80000,0x00000000ee800000,0x00000000ee800000)
  from space 7168K, 95% used [0x00000000eef80000,0x00000000ef627800,0x00000000ef680000)
  to   space 7680K, 0% used [0x00000000ee800000,0x00000000ee800000,0x00000000eef80000)
 ParOldGen       total 41472K, used 18820K [0x00000000c0000000, 0x00000000c2880000, 0x00000000eaa80000)
  object space 41472K, 45% used [0x00000000c0000000,0x00000000c1261168,0x00000000c2880000)
 PSPermGen       total 21504K, used 7490K [0x00000000b5a00000, 0x00000000b6f00000, 0x00000000c0000000)
  object space 21504K, 34% used [0x00000000b5a00000,0x00000000b6150958,0x00000000b6f00000)

Deoptimization events (10 events):
Event: 3.245 Thread 0x00007f31c400b000 Uncommon trap: reason=unloaded action=reinterpret pc=0x00007f31c0d5edac method=com.android.dx.merge.IndexMap$EncodedValueTransformer.transform(Lcom/android/dex/EncodedValueReader;)V @ 263
Event: 3.522 Thread 0x00007f31c400b000 Uncommon trap: reason=predicate action=maybe_recompile pc=0x00007f31c0c9dad8 method=java.util.TimSort.binarySort([Ljava/lang/Object;IIILjava/util/Comparator;)V @ 37
Event: 3.745 Thread 0x00007f31c400b000 Uncommon trap: reason=predicate action=maybe_recompile pc=0x00007f31c0ca1470 method=java.util.ComparableTimSort.binarySort([Ljava/lang/Object;III)V @ 37
Event: 3.770 Thread 0x00007f31c400b000 Uncommon trap: reason=array_check action=maybe_recompile pc=0x00007f31c0dbaa7c method=java.util.TimSort.binarySort([Ljava/lang/Object;IIILjava/util/Comparator;)V @ 193
Event: 3.770 Thread 0x00007f31c400b000 Uncommon trap: reason=array_check action=maybe_recompile pc=0x00007f31c0dbaa7c method=java.util.TimSort.binarySort([Ljava/lang/Object;IIILjava/util/Comparator;)V @ 193
Event: 3.770 Thread 0x00007f31c400b000 Uncommon trap: reason=array_check action=maybe_recompile pc=0x00007f31c0dbaa7c method=java.util.TimSort.binarySort([Ljava/lang/Object;IIILjava/util/Comparator;)V @ 193
Event: 3.770 Thread 0x00007f31c400b000 Uncommon trap: reason=array_check action=maybe_recompile pc=0x00007f31c0dbab4c method=java.util.TimSort.binarySort([Ljava/lang/Object;IIILjava/util/Comparator;)V @ 183
Event: 3.770 Thread 0x00007f31c400b000 Uncommon trap: reason=array_check action=maybe_recompile pc=0x00007f31c0dbaa7c method=java.util.TimSort.binarySort([Ljava/lang/Object;IIILjava/util/Comparator;)V @ 193
Event: 3.883 Thread 0x00007f31c400b000 Uncommon trap: reason=array_check action=maybe_recompile pc=0x00007f31c0dc58d4 method=java.util.TimSort.binarySort([Ljava/lang/Object;IIILjava/util/Comparator;)V @ 215
Event: 3.883 Thread 0x00007f31c400b000 Uncommon trap: reason=array_check action=maybe_recompile pc=0x00007f31c0dc58d4 method=java.util.TimSort.binarySort([Ljava/lang/Object;IIILjava/util/Comparator;)V @ 215

Internal exceptions (10 events):
Event: 2.448 Thread 0x00007f31c400b000 Threw 0x00000000eb9cf318 at /build/buildd/openjdk-7-7u75-2.5.4/build/openjdk/hotspot/src/share/vm/prims/jvm.cpp:1284
Event: 2.458 Thread 0x00007f31c400b000 Threw 0x00000000eaac0f78 at /build/buildd/openjdk-7-7u75-2.5.4/build/openjdk/hotspot/src/share/vm/prims/jvm.cpp:1284
Event: 2.459 Thread 0x00007f31c400b000 Threw 0x00000000eaac3b20 at /build/buildd/openjdk-7-7u75-2.5.4/build/openjdk/hotspot/src/share/vm/prims/jvm.cpp:1284
Event: 2.531 Thread 0x00007f31c400b000 Threw 0x00000000eab5de98 at /build/buildd/openjdk-7-7u75-2.5.4/build/openjdk/hotspot/src/share/vm/prims/jvm.cpp:1284
Event: 2.531 Thread 0x00007f31c400b000 Threw 0x00000000eab5dfc0 at /build/buildd/openjdk-7-7u75-2.5.4/build/openjdk/hotspot/src/share/vm/prims/jvm.cpp:1284
Event: 2.531 Thread 0x00007f31c400b000 Threw 0x00000000eab60670 at /build/buildd/openjdk-7-7u75-2.5.4/build/openjdk/hotspot/src/share/vm/prims/jvm.cpp:1284
Event: 2.531 Thread 0x00007f31c400b000 Threw 0x00000000eab60798 at /build/buildd/openjdk-7-7u75-2.5.4/build/openjdk/hotspot/src/share/vm/prims/jvm.cpp:1284
Event: 2.531 Thread 0x00007f31c400b000 Threw 0x00000000eab61198 at /build/buildd/openjdk-7-7u75-2.5.4/build/openjdk/hotspot/src/share/vm/prims/jvm.cpp:1284
Event: 2.531 Thread 0x00007f31c400b000 Threw 0x00000000eab612c0 at /build/buildd/openjdk-7-7u75-2.5.4/build/openjdk/hotspot/src/share/vm/prims/jvm.cpp:1284
Event: 2.995 Thread 0x00007f31c400b000 Threw 0x00000000eac63960 at /build/buildd/openjdk-7-7u75-2.5.4/build/openjdk/hotspot/src/share/vm/prims/jvm.cpp:1284

Events (10 events):
Event: 3.770 Thread 0x00007f31c400b000 Uncommon trap: trap_request=0xffffffd6 fr.pc=0x00007f31c0dbaa7c
Event: 3.770 Thread 0x00007f31c400b000 DEOPT PACKING pc=0x00007f31c0dbaa7c sp=0x00007f31cb25d490
Event: 3.770 Thread 0x00007f31c400b000 DEOPT UNPACKING pc=0x00007f31c0c24445 sp=0x00007f31cb25d458 mode 2
Event: 3.883 Thread 0x00007f31c400b000 Uncommon trap: trap_request=0xffffffd6 fr.pc=0x00007f31c0dc58d4
Event: 3.883 Thread 0x00007f31c400b000 DEOPT PACKING pc=0x00007f31c0dc58d4 sp=0x00007f31cb25d480
Event: 3.883 Thread 0x00007f31c400b000 DEOPT UNPACKING pc=0x00007f31c0c24445 sp=0x00007f31cb25d458 mode 2
Event: 3.883 Thread 0x00007f31c400b000 Uncommon trap: trap_request=0xffffffd6 fr.pc=0x00007f31c0dc58d4
Event: 3.883 Thread 0x00007f31c400b000 DEOPT PACKING pc=0x00007f31c0dc58d4 sp=0x00007f31cb25d480
Event: 3.883 Thread 0x00007f31c400b000 DEOPT UNPACKING pc=0x00007f31c0c24445 sp=0x00007f31cb25d458 mode 2
Event: 3.904 Executing VM operation: ParallelGCFailedAllocation


Dynamic libraries:
00400000-00401000 r-xp 00000000 fc:01 266635                             /usr/lib/jvm/java-7-openjdk-amd64/jre/bin/java
00600000-00601000 r--p 00000000 fc:01 266635                             /usr/lib/jvm/java-7-openjdk-amd64/jre/bin/java
00601000-00602000 rw-p 00001000 fc:01 266635                             /usr/lib/jvm/java-7-openjdk-amd64/jre/bin/java
0214d000-0216e000 rw-p 00000000 00:00 0                                  [heap]
b5a00000-b6f00000 rw-p 00000000 00:00 0 
b6f00000-c0000000 rw-p 00000000 00:00 0 
c0000000-c2880000 rw-p 00000000 00:00 0 
c2880000-eaa80000 rw-p 00000000 00:00 0 
eaa80000-ef780000 rw-p 00000000 00:00 0 
f3580000-100000000 rw-p 00000000 00:00 0 
7f3184000000-7f3184021000 rw-p 00000000 00:00 0 
7f3184021000-7f3188000000 ---p 00000000 00:00 0 
7f318c000000-7f318c607000 rw-p 00000000 00:00 0 
7f318c607000-7f3190000000 ---p 00000000 00:00 0 
7f3190000000-7f3190021000 rw-p 00000000 00:00 0 
7f3190021000-7f3194000000 ---p 00000000 00:00 0 
7f3194000000-7f3194021000 rw-p 00000000 00:00 0 
7f3194021000-7f3198000000 ---p 00000000 00:00 0 
7f3198000000-7f3198a6a000 rw-p 00000000 00:00 0 
7f3198a6a000-7f319c000000 ---p 00000000 00:00 0 
7f319c000000-7f319c021000 rw-p 00000000 00:00 0 
7f319c021000-7f31a0000000 ---p 00000000 00:00 0 
7f31a0000000-7f31a0021000 rw-p 00000000 00:00 0 
7f31a0021000-7f31a4000000 ---p 00000000 00:00 0 
7f31a4000000-7f31a4021000 rw-p 00000000 00:00 0 
7f31a4021000-7f31a8000000 ---p 00000000 00:00 0 
7f31a8000000-7f31a80e0000 rw-p 00000000 00:00 0 
7f31a80e0000-7f31ac000000 ---p 00000000 00:00 0 
7f31ac000000-7f31ac021000 rw-p 00000000 00:00 0 
7f31ac021000-7f31b0000000 ---p 00000000 00:00 0 
7f31b231d000-7f31b247e000 rw-p 00000000 00:00 0 
7f31b247e000-7f31b24bb000 r-xp 00000000 fc:01 4460585                    /lib/x86_64-linux-gnu/libpcre.so.3.13.1
7f31b24bb000-7f31b26ba000 ---p 0003d000 fc:01 4460585                    /lib/x86_64-linux-gnu/libpcre.so.3.13.1
7f31b26ba000-7f31b26bb000 r--p 0003c000 fc:01 4460585                    /lib/x86_64-linux-gnu/libpcre.so.3.13.1
7f31b26bb000-7f31b26bc000 rw-p 0003d000 fc:01 4460585                    /lib/x86_64-linux-gnu/libpcre.so.3.13.1
7f31b26bc000-7f31b26c3000 r-xp 00000000 fc:01 7086350                    /usr/lib/x86_64-linux-gnu/libffi.so.6.0.1
7f31b26c3000-7f31b28c2000 ---p 00007000 fc:01 7086350                    /usr/lib/x86_64-linux-gnu/libffi.so.6.0.1
7f31b28c2000-7f31b28c3000 r--p 00006000 fc:01 7086350                    /usr/lib/x86_64-linux-gnu/libffi.so.6.0.1
7f31b28c3000-7f31b28c4000 rw-p 00007000 fc:01 7086350                    /usr/lib/x86_64-linux-gnu/libffi.so.6.0.1
7f31b28c4000-7f31b28db000 r-xp 00000000 fc:01 4460459                    /lib/x86_64-linux-gnu/libresolv-2.19.so
7f31b28db000-7f31b2adb000 ---p 00017000 fc:01 4460459                    /lib/x86_64-linux-gnu/libresolv-2.19.so
7f31b2adb000-7f31b2adc000 r--p 00017000 fc:01 4460459                    /lib/x86_64-linux-gnu/libresolv-2.19.so
7f31b2adc000-7f31b2add000 rw-p 00018000 fc:01 4460459                    /lib/x86_64-linux-gnu/libresolv-2.19.so
7f31b2add000-7f31b2adf000 rw-p 00000000 00:00 0 
7f31b2adf000-7f31b2aff000 r-xp 00000000 fc:01 4460612                    /lib/x86_64-linux-gnu/libselinux.so.1
7f31b2aff000-7f31b2cfe000 ---p 00020000 fc:01 4460612                    /lib/x86_64-linux-gnu/libselinux.so.1
7f31b2cfe000-7f31b2cff000 r--p 0001f000 fc:01 4460612                    /lib/x86_64-linux-gnu/libselinux.so.1
7f31b2cff000-7f31b2d00000 rw-p 00020000 fc:01 4460612                    /lib/x86_64-linux-gnu/libselinux.so.1
7f31b2d00000-7f31b2d02000 rw-p 00000000 00:00 0 
7f31b2d02000-7f31b2d05000 r-xp 00000000 fc:01 7078252                    /usr/lib/x86_64-linux-gnu/libgmodule-2.0.so.0.4002.0
7f31b2d05000-7f31b2f04000 ---p 00003000 fc:01 7078252                    /usr/lib/x86_64-linux-gnu/libgmodule-2.0.so.0.4002.0
7f31b2f04000-7f31b2f05000 r--p 00002000 fc:01 7078252                    /usr/lib/x86_64-linux-gnu/libgmodule-2.0.so.0.4002.0
7f31b2f05000-7f31b2f06000 rw-p 00003000 fc:01 7078252                    /usr/lib/x86_64-linux-gnu/libgmodule-2.0.so.0.4002.0
7f31b2f06000-7f31b300c000 r-xp 00000000 fc:01 4460417                    /lib/x86_64-linux-gnu/libglib-2.0.so.0.4002.0
7f31b300c000-7f31b320b000 ---p 00106000 fc:01 4460417                    /lib/x86_64-linux-gnu/libglib-2.0.so.0.4002.0
7f31b320b000-7f31b320c000 r--p 00105000 fc:01 4460417                    /lib/x86_64-linux-gnu/libglib-2.0.so.0.4002.0
7f31b320c000-7f31b320d000 rw-p 00106000 fc:01 4460417                    /lib/x86_64-linux-gnu/libglib-2.0.so.0.4002.0
7f31b320d000-7f31b320e000 rw-p 00000000 00:00 0 
7f31b320e000-7f31b325d000 r-xp 00000000 fc:01 7078270                    /usr/lib/x86_64-linux-gnu/libgobject-2.0.so.0.4002.0
7f31b325d000-7f31b345d000 ---p 0004f000 fc:01 7078270                    /usr/lib/x86_64-linux-gnu/libgobject-2.0.so.0.4002.0
7f31b345d000-7f31b345e000 r--p 0004f000 fc:01 7078270                    /usr/lib/x86_64-linux-gnu/libgobject-2.0.so.0.4002.0
7f31b345e000-7f31b345f000 rw-p 00050000 fc:01 7078270                    /usr/lib/x86_64-linux-gnu/libgobject-2.0.so.0.4002.0
7f31b345f000-7f31b35cb000 r-xp 00000000 fc:01 7078274                    /usr/lib/x86_64-linux-gnu/libgio-2.0.so.0.4002.0
7f31b35cb000-7f31b37ca000 ---p 0016c000 fc:01 7078274                    /usr/lib/x86_64-linux-gnu/libgio-2.0.so.0.4002.0
7f31b37ca000-7f31b37ce000 r--p 0016b000 fc:01 7078274                    /usr/lib/x86_64-linux-gnu/libgio-2.0.so.0.4002.0
7f31b37ce000-7f31b37d0000 rw-p 0016f000 fc:01 7078274                    /usr/lib/x86_64-linux-gnu/libgio-2.0.so.0.4002.0
7f31b37d0000-7f31b37d2000 rw-p 00000000 00:00 0 
7f31b37d2000-7f31b37e9000 r-xp 00000000 fc:01 266605                     /usr/lib/jvm/java-7-openjdk-amd64/jre/lib/amd64/libnet.so
7f31b37e9000-7f31b39e8000 ---p 00017000 fc:01 266605                     /usr/lib/jvm/java-7-openjdk-amd64/jre/lib/amd64/libnet.so
7f31b39e8000-7f31b39e9000 r--p 00016000 fc:01 266605                     /usr/lib/jvm/java-7-openjdk-amd64/jre/lib/amd64/libnet.so
7f31b39e9000-7f31b39ea000 rw-p 00017000 fc:01 266605                     /usr/lib/jvm/java-7-openjdk-amd64/jre/lib/amd64/libnet.so
7f31b39ea000-7f31b39fa000 r-xp 00000000 fc:01 266601                     /usr/lib/jvm/java-7-openjdk-amd64/jre/lib/amd64/libnio.so
7f31b39fa000-7f31b3bfa000 ---p 00010000 fc:01 266601                     /usr/lib/jvm/java-7-openjdk-amd64/jre/lib/amd64/libnio.so
7f31b3bfa000-7f31b3bfb000 r--p 00010000 fc:01 266601                     /usr/lib/jvm/java-7-openjdk-amd64/jre/lib/amd64/libnio.so
7f31b3bfb000-7f31b3bfc000 rw-p 00011000 fc:01 266601                     /usr/lib/jvm/java-7-openjdk-amd64/jre/lib/amd64/libnio.so
7f31b3bfc000-7f31b3bfd000 ---p 00000000 00:00 0 
7f31b3bfd000-7f31b3cfd000 rw-p 00000000 00:00 0                          [stack:20842]
7f31b3cfd000-7f31b3d00000 ---p 00000000 00:00 0 
7f31b3d00000-7f31b3dfe000 rw-p 00000000 00:00 0                          [stack:20841]
7f31b3dfe000-7f31b3e01000 ---p 00000000 00:00 0 
7f31b3e01000-7f31b3eff000 rw-p 00000000 00:00 0                          [stack:20840]
7f31b3eff000-7f31b3f02000 ---p 00000000 00:00 0 
7f31b3f02000-7f31b4000000 rw-p 00000000 00:00 0                          [stack:20839]
7f31b4000000-7f31b4021000 rw-p 00000000 00:00 0 
7f31b4021000-7f31b8000000 ---p 00000000 00:00 0 
7f31b8069000-7f31b8078000 r--s 000dd000 00:18 1576134                    /home/aahung/Android/Sdk/build-tools/21.1.2/lib/dx.jar
7f31b8078000-7f31b807b000 ---p 00000000 00:00 0 
7f31b807b000-7f31b8179000 rw-p 00000000 00:00 0                          [stack:20838]
7f31b8179000-7f31b885b000 r--p 00000000 fc:01 7085043                    /usr/lib/locale/locale-archive
7f31b885b000-7f31b885e000 ---p 00000000 00:00 0 
7f31b885e000-7f31b895c000 rw-p 00000000 00:00 0                          [stack:20837]
7f31b895c000-7f31b895f000 ---p 00000000 00:00 0 
7f31b895f000-7f31b8a5d000 rw-p 00000000 00:00 0                          [stack:20836]
7f31b8a5d000-7f31b8a5e000 ---p 00000000 00:00 0 
7f31b8a5e000-7f31bc000000 rw-p 00000000 00:00 0                          [stack:20835]
7f31bc000000-7f31bc021000 rw-p 00000000 00:00 0 
7f31bc021000-7f31c0000000 ---p 00000000 00:00 0 
7f31c000a000-7f31c0095000 rw-p 00000000 00:00 0 
7f31c0095000-7f31c0247000 r--s 01d23000 fc:01 266569                     /usr/lib/jvm/java-7-openjdk-amd64/jre/lib/rt.jar
7f31c0247000-7f31c0593000 rw-p 00000000 00:00 0 
7f31c0593000-7f31c0594000 ---p 00000000 00:00 0 
7f31c0594000-7f31c0694000 rw-p 00000000 00:00 0                          [stack:20834]
7f31c0694000-7f31c0695000 ---p 00000000 00:00 0 
7f31c0695000-7f31c0795000 rw-p 00000000 00:00 0                          [stack:20833]
7f31c0795000-7f31c0796000 ---p 00000000 00:00 0 
7f31c0796000-7f31c0896000 rw-p 00000000 00:00 0                          [stack:20832]
7f31c0896000-7f31c0897000 ---p 00000000 00:00 0 
7f31c0897000-7f31c09a2000 rw-p 00000000 00:00 0                          [stack:20831]
7f31c09a2000-7f31c09ea000 rw-p 00000000 00:00 0 
7f31c09ea000-7f31c09ff000 rw-p 00000000 00:00 0 
7f31c09ff000-7f31c0b3f000 rw-p 00000000 00:00 0 
7f31c0b3f000-7f31c0b66000 rw-p 00000000 00:00 0 
7f31c0b66000-7f31c0bea000 rw-p 00000000 00:00 0 
7f31c0bea000-7f31c0beb000 rw-p 00000000 00:00 0 
7f31c0beb000-7f31c0e5b000 rwxp 00000000 00:00 0 
7f31c0e5b000-7f31c3beb000 rw-p 00000000 00:00 0 
7f31c3beb000-7f31c3bf3000 r-xp 00000000 fc:01 266631                     /usr/lib/jvm/java-7-openjdk-amd64/jre/lib/amd64/libzip.so
7f31c3bf3000-7f31c3df2000 ---p 00008000 fc:01 266631                     /usr/lib/jvm/java-7-openjdk-amd64/jre/lib/amd64/libzip.so
7f31c3df2000-7f31c3df3000 r--p 00007000 fc:01 266631                     /usr/lib/jvm/java-7-openjdk-amd64/jre/lib/amd64/libzip.so
7f31c3df3000-7f31c3df4000 rw-p 00008000 fc:01 266631                     /usr/lib/jvm/java-7-openjdk-amd64/jre/lib/amd64/libzip.so
7f31c3df4000-7f31c3dff000 r-xp 00000000 fc:01 4463634                    /lib/x86_64-linux-gnu/libnss_files-2.19.so
7f31c3dff000-7f31c3ffe000 ---p 0000b000 fc:01 4463634                    /lib/x86_64-linux-gnu/libnss_files-2.19.so
7f31c3ffe000-7f31c3fff000 r--p 0000a000 fc:01 4463634                    /lib/x86_64-linux-gnu/libnss_files-2.19.so
7f31c3fff000-7f31c4000000 rw-p 0000b000 fc:01 4463634                    /lib/x86_64-linux-gnu/libnss_files-2.19.so
7f31c4000000-7f31c4278000 rw-p 00000000 00:00 0 
7f31c4278000-7f31c8000000 ---p 00000000 00:00 0 
7f31c8008000-7f31c800c000 r--s 0004d000 fc:01 266588                     /usr/lib/jvm/java-7-openjdk-amd64/jre/lib/jsse.jar
7f31c800c000-7f31c8017000 rw-p 00000000 00:00 0 
7f31c8017000-7f31c805f000 rw-p 00000000 00:00 0 
7f31c805f000-7f31c8074000 rw-p 00000000 00:00 0 
7f31c8074000-7f31c81b5000 rw-p 00000000 00:00 0 
7f31c81b5000-7f31c81c0000 r-xp 00000000 fc:01 4463654                    /lib/x86_64-linux-gnu/libnss_nis-2.19.so
7f31c81c0000-7f31c83bf000 ---p 0000b000 fc:01 4463654                    /lib/x86_64-linux-gnu/libnss_nis-2.19.so
7f31c83bf000-7f31c83c0000 r--p 0000a000 fc:01 4463654                    /lib/x86_64-linux-gnu/libnss_nis-2.19.so
7f31c83c0000-7f31c83c1000 rw-p 0000b000 fc:01 4463654                    /lib/x86_64-linux-gnu/libnss_nis-2.19.so
7f31c83c1000-7f31c83d8000 r-xp 00000000 fc:01 4463643                    /lib/x86_64-linux-gnu/libnsl-2.19.so
7f31c83d8000-7f31c85d7000 ---p 00017000 fc:01 4463643                    /lib/x86_64-linux-gnu/libnsl-2.19.so
7f31c85d7000-7f31c85d8000 r--p 00016000 fc:01 4463643                    /lib/x86_64-linux-gnu/libnsl-2.19.so
7f31c85d8000-7f31c85d9000 rw-p 00017000 fc:01 4463643                    /lib/x86_64-linux-gnu/libnsl-2.19.so
7f31c85d9000-7f31c85db000 rw-p 00000000 00:00 0 
7f31c85db000-7f31c85e4000 r-xp 00000000 fc:01 4463642                    /lib/x86_64-linux-gnu/libnss_compat-2.19.so
7f31c85e4000-7f31c87e3000 ---p 00009000 fc:01 4463642                    /lib/x86_64-linux-gnu/libnss_compat-2.19.so
7f31c87e3000-7f31c87e4000 r--p 00008000 fc:01 4463642                    /lib/x86_64-linux-gnu/libnss_compat-2.19.so
7f31c87e4000-7f31c87e5000 rw-p 00009000 fc:01 4463642                    /lib/x86_64-linux-gnu/libnss_compat-2.19.so
7f31c87e5000-7f31c8810000 r-xp 00000000 fc:01 266615                     /usr/lib/jvm/java-7-openjdk-amd64/jre/lib/amd64/libjava.so
7f31c8810000-7f31c8a10000 ---p 0002b000 fc:01 266615                     /usr/lib/jvm/java-7-openjdk-amd64/jre/lib/amd64/libjava.so
7f31c8a10000-7f31c8a11000 r--p 0002b000 fc:01 266615                     /usr/lib/jvm/java-7-openjdk-amd64/jre/lib/amd64/libjava.so
7f31c8a11000-7f31c8a13000 rw-p 0002c000 fc:01 266615                     /usr/lib/jvm/java-7-openjdk-amd64/jre/lib/amd64/libjava.so
7f31c8a13000-7f31c8a23000 r-xp 00000000 fc:01 266614                     /usr/lib/jvm/java-7-openjdk-amd64/jre/lib/amd64/libverify.so
7f31c8a23000-7f31c8c22000 ---p 00010000 fc:01 266614                     /usr/lib/jvm/java-7-openjdk-amd64/jre/lib/amd64/libverify.so
7f31c8c22000-7f31c8c24000 r--p 0000f000 fc:01 266614                     /usr/lib/jvm/java-7-openjdk-amd64/jre/lib/amd64/libverify.so
7f31c8c24000-7f31c8c25000 rw-p 00011000 fc:01 266614                     /usr/lib/jvm/java-7-openjdk-amd64/jre/lib/amd64/libverify.so
7f31c8c25000-7f31c8c2c000 r-xp 00000000 fc:01 4463651                    /lib/x86_64-linux-gnu/librt-2.19.so
7f31c8c2c000-7f31c8e2b000 ---p 00007000 fc:01 4463651                    /lib/x86_64-linux-gnu/librt-2.19.so
7f31c8e2b000-7f31c8e2c000 r--p 00006000 fc:01 4463651                    /lib/x86_64-linux-gnu/librt-2.19.so
7f31c8e2c000-7f31c8e2d000 rw-p 00007000 fc:01 4463651                    /lib/x86_64-linux-gnu/librt-2.19.so
7f31c8e2d000-7f31c8e43000 r-xp 00000000 fc:01 4456463                    /lib/x86_64-linux-gnu/libgcc_s.so.1
7f31c8e43000-7f31c9042000 ---p 00016000 fc:01 4456463                    /lib/x86_64-linux-gnu/libgcc_s.so.1
7f31c9042000-7f31c9043000 rw-p 00015000 fc:01 4456463                    /lib/x86_64-linux-gnu/libgcc_s.so.1
7f31c9043000-7f31c9148000 r-xp 00000000 fc:01 4463033                    /lib/x86_64-linux-gnu/libm-2.19.so
7f31c9148000-7f31c9347000 ---p 00105000 fc:01 4463033                    /lib/x86_64-linux-gnu/libm-2.19.so
7f31c9347000-7f31c9348000 r--p 00104000 fc:01 4463033                    /lib/x86_64-linux-gnu/libm-2.19.so
7f31c9348000-7f31c9349000 rw-p 00105000 fc:01 4463033                    /lib/x86_64-linux-gnu/libm-2.19.so
7f31c9349000-7f31c942f000 r-xp 00000000 fc:01 7086978                    /usr/lib/x86_64-linux-gnu/libstdc++.so.6.0.19
7f31c942f000-7f31c962e000 ---p 000e6000 fc:01 7086978                    /usr/lib/x86_64-linux-gnu/libstdc++.so.6.0.19
7f31c962e000-7f31c9636000 r--p 000e5000 fc:01 7086978                    /usr/lib/x86_64-linux-gnu/libstdc++.so.6.0.19
7f31c9636000-7f31c9638000 rw-p 000ed000 fc:01 7086978                    /usr/lib/x86_64-linux-gnu/libstdc++.so.6.0.19
7f31c9638000-7f31c964d000 rw-p 00000000 00:00 0 
7f31c964d000-7f31ca165000 r-xp 00000000 fc:01 266620                     /usr/lib/jvm/java-7-openjdk-amd64/jre/lib/amd64/server/libjvm.so
7f31ca165000-7f31ca365000 ---p 00b18000 fc:01 266620                     /usr/lib/jvm/java-7-openjdk-amd64/jre/lib/amd64/server/libjvm.so
7f31ca365000-7f31ca3ff000 r--p 00b18000 fc:01 266620                     /usr/lib/jvm/java-7-openjdk-amd64/jre/lib/amd64/server/libjvm.so
7f31ca3ff000-7f31ca422000 rw-p 00bb2000 fc:01 266620                     /usr/lib/jvm/java-7-openjdk-amd64/jre/lib/amd64/server/libjvm.so
7f31ca422000-7f31ca450000 rw-p 00000000 00:00 0 
7f31ca450000-7f31ca468000 r-xp 00000000 fc:01 4460645                    /lib/x86_64-linux-gnu/libz.so.1.2.8
7f31ca468000-7f31ca667000 ---p 00018000 fc:01 4460645                    /lib/x86_64-linux-gnu/libz.so.1.2.8
7f31ca667000-7f31ca668000 r--p 00017000 fc:01 4460645                    /lib/x86_64-linux-gnu/libz.so.1.2.8
7f31ca668000-7f31ca669000 rw-p 00018000 fc:01 4460645                    /lib/x86_64-linux-gnu/libz.so.1.2.8
7f31ca669000-7f31ca682000 r-xp 00000000 fc:01 4463649                    /lib/x86_64-linux-gnu/libpthread-2.19.so
7f31ca682000-7f31ca881000 ---p 00019000 fc:01 4463649                    /lib/x86_64-linux-gnu/libpthread-2.19.so
7f31ca881000-7f31ca882000 r--p 00018000 fc:01 4463649                    /lib/x86_64-linux-gnu/libpthread-2.19.so
7f31ca882000-7f31ca883000 rw-p 00019000 fc:01 4463649                    /lib/x86_64-linux-gnu/libpthread-2.19.so
7f31ca883000-7f31ca887000 rw-p 00000000 00:00 0 
7f31ca887000-7f31ca88a000 r-xp 00000000 fc:01 4463637                    /lib/x86_64-linux-gnu/libdl-2.19.so
7f31ca88a000-7f31caa89000 ---p 00003000 fc:01 4463637                    /lib/x86_64-linux-gnu/libdl-2.19.so
7f31caa89000-7f31caa8a000 r--p 00002000 fc:01 4463637                    /lib/x86_64-linux-gnu/libdl-2.19.so
7f31caa8a000-7f31caa8b000 rw-p 00003000 fc:01 4463637                    /lib/x86_64-linux-gnu/libdl-2.19.so
7f31caa8b000-7f31cac46000 r-xp 00000000 fc:01 4463648                    /lib/x86_64-linux-gnu/libc-2.19.so
7f31cac46000-7f31cae45000 ---p 001bb000 fc:01 4463648                    /lib/x86_64-linux-gnu/libc-2.19.so
7f31cae45000-7f31cae49000 r--p 001ba000 fc:01 4463648                    /lib/x86_64-linux-gnu/libc-2.19.so
7f31cae49000-7f31cae4b000 rw-p 001be000 fc:01 4463648                    /lib/x86_64-linux-gnu/libc-2.19.so
7f31cae4b000-7f31cae50000 rw-p 00000000 00:00 0 
7f31cae50000-7f31cae5d000 r-xp 00000000 fc:01 266597                     /usr/lib/jvm/java-7-openjdk-amd64/jre/lib/amd64/jli/libjli.so
7f31cae5d000-7f31cb05c000 ---p 0000d000 fc:01 266597                     /usr/lib/jvm/java-7-openjdk-amd64/jre/lib/amd64/jli/libjli.so
7f31cb05c000-7f31cb05d000 r--p 0000c000 fc:01 266597                     /usr/lib/jvm/java-7-openjdk-amd64/jre/lib/amd64/jli/libjli.so
7f31cb05d000-7f31cb05e000 rw-p 0000d000 fc:01 266597                     /usr/lib/jvm/java-7-openjdk-amd64/jre/lib/amd64/jli/libjli.so
7f31cb05e000-7f31cb081000 r-xp 00000000 fc:01 4463645                    /lib/x86_64-linux-gnu/ld-2.19.so
7f31cb082000-7f31cb086000 r--s 0003c000 fc:01 266574                     /usr/lib/jvm/java-7-openjdk-amd64/jre/lib/ext/sunpkcs11.jar
7f31cb086000-7f31cb0a8000 rw-p 00000000 00:00 0 
7f31cb0a8000-7f31cb15e000 rw-p 00000000 00:00 0 
7f31cb15e000-7f31cb161000 ---p 00000000 00:00 0 
7f31cb161000-7f31cb265000 rw-p 00000000 00:00 0                          [stack:20830]
7f31cb265000-7f31cb266000 r--s 00002000 fc:01 266577                     /usr/lib/jvm/java-7-openjdk-amd64/jre/lib/ext/dnsns.jar
7f31cb266000-7f31cb269000 r--s 00086000 fc:01 266578                     /usr/lib/jvm/java-7-openjdk-amd64/jre/lib/ext/localedata.jar
7f31cb269000-7f31cb26b000 r--s 00012000 fc:01 266576                     /usr/lib/jvm/java-7-openjdk-amd64/jre/lib/ext/zipfs.jar
7f31cb26b000-7f31cb26f000 r--s 00034000 fc:01 266575                     /usr/lib/jvm/java-7-openjdk-amd64/jre/lib/ext/sunjce_provider.jar
7f31cb26f000-7f31cb272000 r--s 0000f000 fc:01 266573                     /usr/lib/jvm/java-7-openjdk-amd64/jre/lib/ext/icedtea-sound.jar
7f31cb272000-7f31cb274000 r--s 00006000 fc:01 110                        /usr/share/java/java-atk-wrapper.jar
7f31cb274000-7f31cb27c000 rw-s 00000000 fc:01 4194496                    /tmp/hsperfdata_aahung/20825
7f31cb27c000-7f31cb27d000 rw-p 00000000 00:00 0 
7f31cb27d000-7f31cb27e000 ---p 00000000 00:00 0 
7f31cb27e000-7f31cb280000 rw-p 00000000 00:00 0 
7f31cb280000-7f31cb281000 r--p 00022000 fc:01 4463645                    /lib/x86_64-linux-gnu/ld-2.19.so
7f31cb281000-7f31cb282000 rw-p 00023000 fc:01 4463645                    /lib/x86_64-linux-gnu/ld-2.19.so
7f31cb282000-7f31cb283000 rw-p 00000000 00:00 0 
7fffd2921000-7fffd2943000 rw-p 00000000 00:00 0                          [stack]
7fffd294d000-7fffd294f000 r-xp 00000000 00:00 0                          [vdso]
ffffffffff600000-ffffffffff601000 r-xp 00000000 00:00 0                  [vsyscall]

VM Arguments:
jvm_args: -Xmx1024M -Dfile.encoding=UTF-8 -Duser.country=HK -Duser.language=en -Duser.variant 
java_command: com.android.dx.command.Main --dex --output /home/aahung/cityu-sport-android/app/build/intermediates/dex/debug /home/aahung/cityu-sport-android/app/build/intermediates/classes/debug /home/aahung/cityu-sport-android/app/build/intermediates/pre-dexed/debug/support-annotations-21.0.3-d45ed27f1dae7251dc7a8aef1046118670676bd3.jar /home/aahung/cityu-sport-android/app/build/intermediates/pre-dexed/debug/butterknife-6.1.0-636c530f7b1615d17c06b6085f93aa4a0a0df8c1.jar /home/aahung/cityu-sport-android/app/build/intermediates/pre-dexed/debug/okio-1.3.0-a489eff24a467fdc5fa55498515fe3ddae6c8261.jar /home/aahung/cityu-sport-android/app/build/intermediates/pre-dexed/debug/retrofit-1.9.0-8bbff3c94e0ba2b6e5fc004822f5e9d68572d1bb.jar /home/aahung/cityu-sport-android/app/build/intermediates/pre-dexed/debug/commons-io-1.3.2-5922132dd54dd632578a685ab48106155db1fb4d.jar /home/aahung/cityu-sport-android/app/build/intermediates/pre-dexed/debug/internal_impl-21.0.3-efee95892716bfec18d29844364504ea2debbbee.jar /home/aahung/cityu-sport-android/app/build/intermediates/pre-dexed/debug/gson-2.3.1-2aa862fc70585181ed5302e3ec0cd674f2dbfb91.jar /home/aahung/cityu-sport-android/app/build/intermediates/pre-dexed/debug/jsoup-1.8.1-f2c85f130ae64836a1e85bb078cc0a2ecd5eca9a.jar /home/aahung/cityu-sport-android/app/build/intermediates/pre-dexed/debug/okhttp-2.3.0-fe57cf075c724cf92f53356bb6894d71396353b3.jar /home/aahung/cityu-sport-android/app/build/intermediates/pre-dexed/debug/classes-e57b8cb9593e9ab06109625228db4a43f5725beb.jar /home/aahung/cityu-sport-android/app/build/intermediates/pre-dexed/debug/classes-fa266008f4b3065aebf4b985c5d190c3fef80b39.jar
Launcher Type: SUN_STANDARD

Environment Variables:
CLASSPATH=/opt/android-studio/bin/../lib/bootstrap.jar:/opt/android-studio/bin/../lib/extensions.jar:/opt/android-studio/bin/../lib/util.jar:/opt/android-studio/bin/../lib/jdom.jar:/opt/android-studio/bin/../lib/log4j.jar:/opt/android-studio/bin/../lib/trove4j.jar:/opt/android-studio/bin/../lib/jna.jar:/usr/lib/jvm/java-8-oracle/lib/tools.jar
PATH=/usr/local/sbin:/usr/local/bin:/usr/sbin:/usr/bin:/sbin:/bin:/usr/games:/usr/local/games
LD_LIBRARY_PATH=/opt/android-studio/bin:
SHELL=/bin/bash
DISPLAY=:0

Signal Handlers:
SIGSEGV: [libjvm.so+0x94b4b0], sa_mask[0]=0x7ffbfeff, sa_flags=0x10000004
SIGBUS: [libjvm.so+0x94b4b0], sa_mask[0]=0x7ffbfeff, sa_flags=0x10000004
SIGFPE: [libjvm.so+0x7c3390], sa_mask[0]=0x7ffbfeff, sa_flags=0x10000004
SIGPIPE: [libjvm.so+0x7c3390], sa_mask[0]=0x7ffbfeff, sa_flags=0x10000004
SIGXFSZ: [libjvm.so+0x7c3390], sa_mask[0]=0x7ffbfeff, sa_flags=0x10000004
SIGILL: [libjvm.so+0x7c3390], sa_mask[0]=0x7ffbfeff, sa_flags=0x10000004
SIGUSR1: SIG_DFL, sa_mask[0]=0x00000000, sa_flags=0x00000000
SIGUSR2: [libjvm.so+0x7c3230], sa_mask[0]=0x00000004, sa_flags=0x10000004
SIGHUP: [libjvm.so+0x7c3410], sa_mask[0]=0x7ffbfeff, sa_flags=0x10000004
SIGINT: [libjvm.so+0x7c3410], sa_mask[0]=0x7ffbfeff, sa_flags=0x10000004
SIGTERM: [libjvm.so+0x7c3410], sa_mask[0]=0x7ffbfeff, sa_flags=0x10000004
SIGQUIT: [libjvm.so+0x7c3410], sa_mask[0]=0x7ffbfeff, sa_flags=0x10000004
SIGTRAP: SIG_DFL, sa_mask[0]=0x00000000, sa_flags=0x00000000


---------------  S Y S T E M  ---------------

OS:Ubuntu 14.04 (trusty)
uname:Linux 3.13.0-46-generic #79-Ubuntu SMP Tue Mar 10 20:06:50 UTC 2015 x86_64
libc:glibc 2.19 NPTL 2.19 
rlimit: STACK 8192k, CORE 0k, NPROC 31034, NOFILE 4096, AS infinity
load average:1.70 1.61 1.43

/proc/meminfo:
MemTotal:        4003900 kB
MemFree:           89044 kB
Buffers:             416 kB
Cached:            52404 kB
SwapCached:            0 kB
Active:          3538508 kB
Inactive:          46208 kB
Active(anon):    3533496 kB
Inactive(anon):    27292 kB
Active(file):       5012 kB
Inactive(file):    18916 kB
Unevictable:          48 kB
Mlocked:              48 kB
SwapTotal:             0 kB
SwapFree:              0 kB
Dirty:               488 kB
Writeback:             0 kB
AnonPages:       3532460 kB
Mapped:            38192 kB
Shmem:             28444 kB
Slab:              73524 kB
SReclaimable:      25524 kB
SUnreclaim:        48000 kB
KernelStack:        4656 kB
PageTables:        34432 kB
NFS_Unstable:          0 kB
Bounce:                0 kB
WritebackTmp:          0 kB
CommitLimit:     2001948 kB
Committed_AS:    6440976 kB
VmallocTotal:   34359738367 kB
VmallocUsed:      289072 kB
VmallocChunk:   34359420924 kB
HardwareCorrupted:     0 kB
AnonHugePages:   2023424 kB
HugePages_Total:       0
HugePages_Free:        0
HugePages_Rsvd:        0
HugePages_Surp:        0
Hugepagesize:       2048 kB
DirectMap4k:       88960 kB
DirectMap2M:     4061184 kB


CPU:total 4 (2 cores per cpu, 2 threads per core) family 6 model 42 stepping 7, cmov, cx8, fxsr, mmx, sse, sse2, sse3, ssse3, sse4.1, sse4.2, popcnt, avx, ht, tsc, tscinvbit

/proc/cpuinfo:
processor	: 0
vendor_id	: GenuineIntel
cpu family	: 6
model		: 42
model name	: Intel(R) Core(TM) i3-2350M CPU @ 2.30GHz
stepping	: 7
microcode	: 0x25
cpu MHz		: 1400.000
cache size	: 3072 KB
physical id	: 0
siblings	: 4
core id		: 0
cpu cores	: 2
apicid		: 0
initial apicid	: 0
fpu		: yes
fpu_exception	: yes
cpuid level	: 13
wp		: yes
flags		: fpu vme de pse tsc msr pae mce cx8 apic sep mtrr pge mca cmov pat pse36 clflush dts acpi mmx fxsr sse sse2 ss ht tm pbe syscall nx rdtscp lm constant_tsc arch_perfmon pebs bts rep_good nopl xtopology nonstop_tsc aperfmperf eagerfpu pni pclmulqdq dtes64 monitor ds_cpl vmx est tm2 ssse3 cx16 xtpr pdcm pcid sse4_1 sse4_2 x2apic popcnt tsc_deadline_timer xsave avx lahf_lm arat epb xsaveopt pln pts dtherm tpr_shadow vnmi flexpriority ept vpid
bogomips	: 4589.76
clflush size	: 64
cache_alignment	: 64
address sizes	: 36 bits physical, 48 bits virtual
power management:

processor	: 1
vendor_id	: GenuineIntel
cpu family	: 6
model		: 42
model name	: Intel(R) Core(TM) i3-2350M CPU @ 2.30GHz
stepping	: 7
microcode	: 0x25
cpu MHz		: 2300.000
cache size	: 3072 KB
physical id	: 0
siblings	: 4
core id		: 1
cpu cores	: 2
apicid		: 2
initial apicid	: 2
fpu		: yes
fpu_exception	: yes
cpuid level	: 13
wp		: yes
flags		: fpu vme de pse tsc msr pae mce cx8 apic sep mtrr pge mca cmov pat pse36 clflush dts acpi mmx fxsr sse sse2 ss ht tm pbe syscall nx rdtscp lm constant_tsc arch_perfmon pebs bts rep_good nopl xtopology nonstop_tsc aperfmperf eagerfpu pni pclmulqdq dtes64 monitor ds_cpl vmx est tm2 ssse3 cx16 xtpr pdcm pcid sse4_1 sse4_2 x2apic popcnt tsc_deadline_timer xsave avx lahf_lm arat epb xsaveopt pln pts dtherm tpr_shadow vnmi flexpriority ept vpid
bogomips	: 4589.76
clflush size	: 64
cache_alignment	: 64
address sizes	: 36 bits physical, 48 bits virtual
power management:

processor	: 2
vendor_id	: GenuineIntel
cpu family	: 6
model		: 42
model name	: Intel(R) Core(TM) i3-2350M CPU @ 2.30GHz
stepping	: 7
microcode	: 0x25
cpu MHz		: 2300.000
cache size	: 3072 KB
physical id	: 0
siblings	: 4
core id		: 0
cpu cores	: 2
apicid		: 1
initial apicid	: 1
fpu		: yes
fpu_exception	: yes
cpuid level	: 13
wp		: yes
flags		: fpu vme de pse tsc msr pae mce cx8 apic sep mtrr pge mca cmov pat pse36 clflush dts acpi mmx fxsr sse sse2 ss ht tm pbe syscall nx rdtscp lm constant_tsc arch_perfmon pebs bts rep_good nopl xtopology nonstop_tsc aperfmperf eagerfpu pni pclmulqdq dtes64 monitor ds_cpl vmx est tm2 ssse3 cx16 xtpr pdcm pcid sse4_1 sse4_2 x2apic popcnt tsc_deadline_timer xsave avx lahf_lm arat epb xsaveopt pln pts dtherm tpr_shadow vnmi flexpriority ept vpid
bogomips	: 4589.76
clflush size	: 64
cache_alignment	: 64
address sizes	: 36 bits physical, 48 bits virtual
power management:

processor	: 3
vendor_id	: GenuineIntel
cpu family	: 6
model		: 42
model name	: Intel(R) Core(TM) i3-2350M CPU @ 2.30GHz
stepping	: 7
microcode	: 0x25
cpu MHz		: 2300.000
cache size	: 3072 KB
physical id	: 0
siblings	: 4
core id		: 1
cpu cores	: 2
apicid		: 3
initial apicid	: 3
fpu		: yes
fpu_exception	: yes
cpuid level	: 13
wp		: yes
flags		: fpu vme de pse tsc msr pae mce cx8 apic sep mtrr pge mca cmov pat pse36 clflush dts acpi mmx fxsr sse sse2 ss ht tm pbe syscall nx rdtscp lm constant_tsc arch_perfmon pebs bts rep_good nopl xtopology nonstop_tsc aperfmperf eagerfpu pni pclmulqdq dtes64 monitor ds_cpl vmx est tm2 ssse3 cx16 xtpr pdcm pcid sse4_1 sse4_2 x2apic popcnt tsc_deadline_timer xsave avx lahf_lm arat epb xsaveopt pln pts dtherm tpr_shadow vnmi flexpriority ept vpid
bogomips	: 4589.76
clflush size	: 64
cache_alignment	: 64
address sizes	: 36 bits physical, 48 bits virtual
power management:



Memory: 4k page, physical 4003900k(89044k free), swap 0k(0k free)

vm_info: OpenJDK 64-Bit Server VM (24.75-b04) for linux-amd64 JRE (1.7.0_75-b13), built on Jan 27 2015 00:38:59 by "buildd" with gcc 4.8.2

time: Sun Mar 22 13:54:21 2015
elapsed time: 4 seconds

