#
# There is insufficient memory for the Java Runtime Environment to continue.
# Native memory allocation (malloc) failed to allocate 65011712 bytes for committing reserved memory.
# Possible reasons:
#   The system is out of physical RAM or swap space
#   In 32 bit mode, the process size limit was hit
# Possible solutions:
#   Reduce memory load on the system
#   Increase physical memory or swap space
#   Check if swap backing store is full
#   Use 64 bit Java on a 64 bit OS
#   Decrease Java heap size (-Xmx/-Xms)
#   Decrease number of Java threads
#   Decrease Java thread stack sizes (-Xss)
#   Set larger code cache with -XX:ReservedCodeCacheSize=
# This output file may be truncated or incomplete.
#
#  Out of Memory Error (os_linux.cpp:2798), pid=20926, tid=140411548415744
#
# JRE version: OpenJDK Runtime Environment (7.0_75-b13) (build 1.7.0_75-b13)
# Java VM: OpenJDK 64-Bit Server VM (24.75-b04 mixed mode linux-amd64 compressed oops)
# Derivative: IcedTea 2.5.4
# Distribution: Ubuntu 14.04 LTS, package 7u75-2.5.4-1~trusty1
# Failed to write core dump. Core dumps have been disabled. To enable core dumping, try "ulimit -c unlimited" before starting Java again
#

---------------  T H R E A D  ---------------

Current thread (0x00007fb420076800):  VMThread [stack: 0x00007fb41c673000,0x00007fb41c774000] [id=20936]

Stack: [0x00007fb41c673000,0x00007fb41c774000],  sp=0x00007fb41c772490,  free space=1021k
Native frames: (J=compiled Java code, j=interpreted, Vv=VM code, C=native code)
V  [libjvm.so+0x94a9d5]  VMError::report_and_die()+0x175
V  [libjvm.so+0x48b954]  report_vm_out_of_memory(char const*, int, unsigned long, char const*)+0x74
V  [libjvm.so+0x7c7b7b]  os::pd_commit_memory(char*, unsigned long, unsigned long, bool)+0xeb
V  [libjvm.so+0x7c263f]  os::commit_memory(char*, unsigned long, unsigned long, bool)+0x1f
V  [libjvm.so+0x834b1b]  PSVirtualSpace::expand_by(unsigned long)+0x5b
V  [libjvm.so+0x835970]  PSYoungGen::resize_generation(unsigned long, unsigned long)+0xb0
V  [libjvm.so+0x83605b]  PSYoungGen::resize(unsigned long, unsigned long)+0x1b
V  [libjvm.so+0x832340]  PSScavenge::invoke_no_policy()+0xde0
V  [libjvm.so+0x832b18]  PSScavenge::invoke()+0x38
V  [libjvm.so+0x7e9203]  ParallelScavengeHeap::failed_mem_allocate(unsigned long)+0x63
V  [libjvm.so+0x94c3d4]  VM_ParallelGCFailedAllocation::doit()+0x84
V  [libjvm.so+0x9508d7]  VM_Operation::evaluate()+0x47
V  [libjvm.so+0x94f248]  VMThread::evaluate_operation(VM_Operation*)+0x318
V  [libjvm.so+0x94f6a9]  VMThread::loop()+0x219
V  [libjvm.so+0x94faf2]  VMThread::run()+0x72
V  [libjvm.so+0x7c4a42]  java_start(Thread*)+0xf2

VM_Operation (0x00007fb428942330): ParallelGCFailedAllocation, mode: safepoint, requested by thread 0x00007fb42000b000


---------------  P R O C E S S  ---------------

Java Threads: ( => current thread )
  0x00007fb4200af000 JavaThread "Service Thread" daemon [_thread_blocked, id=20942, stack(0x00007fb41c06d000,0x00007fb41c16e000)]
  0x00007fb4200ad000 JavaThread "C2 CompilerThread1" daemon [_thread_blocked, id=20941, stack(0x00007fb41c16e000,0x00007fb41c26f000)]
  0x00007fb4200aa000 JavaThread "C2 CompilerThread0" daemon [_thread_blocked, id=20940, stack(0x00007fb41c26f000,0x00007fb41c370000)]
  0x00007fb4200a8000 JavaThread "Signal Dispatcher" daemon [_thread_blocked, id=20939, stack(0x00007fb41c370000,0x00007fb41c471000)]
  0x00007fb42007d000 JavaThread "Finalizer" daemon [_thread_blocked, id=20938, stack(0x00007fb41c471000,0x00007fb41c572000)]
  0x00007fb42007b000 JavaThread "Reference Handler" daemon [_thread_blocked, id=20937, stack(0x00007fb41c572000,0x00007fb41c673000)]
  0x00007fb42000b000 JavaThread "main" [_thread_blocked, id=20931, stack(0x00007fb428843000,0x00007fb428944000)]

Other Threads:
=>0x00007fb420076800 VMThread [stack: 0x00007fb41c673000,0x00007fb41c774000] [id=20936]
  0x00007fb4200ba000 WatcherThread [stack: 0x00007fb40d2ed000,0x00007fb40d3ee000] [id=20943]

VM state:at safepoint (normal execution)

VM Mutex/Monitor currently owned by a thread:  ([mutex/lock_event])
[0x00007fb4200074b0] Threads_lock - owner thread: 0x00007fb420076800
[0x00007fb4200079b0] Heap_lock - owner thread: 0x00007fb42000b000

Heap
 PSYoungGen      total 71680K, used 7401K [0x00000000eaa80000, 0x00000000ef980000, 0x0000000100000000)
  eden space 62976K, 0% used [0x00000000eaa80000,0x00000000eaa80000,0x00000000ee800000)
  from space 8704K, 85% used [0x00000000ee800000,0x00000000eef3a410,0x00000000ef080000)
  to   space 8192K, 0% used [0x00000000ef080000,0x00000000ef080000,0x00000000ef880000)
 ParOldGen       total 41472K, used 24054K [0x00000000c0000000, 0x00000000c2880000, 0x00000000eaa80000)
  object space 41472K, 58% used [0x00000000c0000000,0x00000000c177d810,0x00000000c2880000)
 PSPermGen       total 21504K, used 7493K [0x00000000b5a00000, 0x00000000b6f00000, 0x00000000c0000000)
  object space 21504K, 34% used [0x00000000b5a00000,0x00000000b6151438,0x00000000b6f00000)

Card table byte_map: [0x00007fb425231000,0x00007fb425485000] byte_map_base: 0x00007fb424c84000

Polling page: 0x00007fb428962000

Code Cache  [0x00007fb41d000000, 0x00007fb41d270000, 0x00007fb420000000)
 total_blobs=925 nmethods=674 adapters=204 free_code_cache=47210Kb largest_free_block=48297664

Compilation events (10 events):
Event: 4.048 Thread 0x00007fb4200aa000 nmethod 679 0x00007fb41d1e9f10 code [0x00007fb41d1ea0c0, 0x00007fb41d1ea6a8]
Event: 4.048 Thread 0x00007fb4200aa000  681             com.android.dex.Annotation::getReader (14 bytes)
Event: 4.050 Thread 0x00007fb4200aa000 nmethod 681 0x00007fb41d1eac50 code [0x00007fb41d1eada0, 0x00007fb41d1eaf18]
Event: 4.050 Thread 0x00007fb4200aa000  682             com.android.dx.merge.IndexMap$EncodedValueTransformer::access$100 (6 bytes)
Event: 4.059 Thread 0x00007fb4200aa000 nmethod 682 0x00007fb41d1dba50 code [0x00007fb41d1dbc40, 0x00007fb41d1dc060]
Event: 4.059 Thread 0x00007fb4200aa000  683             com.android.dex.Annotation::getVisibility (5 bytes)
Event: 4.059 Thread 0x00007fb4200aa000 nmethod 683 0x00007fb41d1e9d10 code [0x00007fb41d1e9e40, 0x00007fb41d1e9e98]
Event: 4.059 Thread 0x00007fb4200aa000  684             java.util.ComparableTimSort::mergeLo (652 bytes)
Event: 4.061 Thread 0x00007fb4200ad000 nmethod 680 0x00007fb41d1ecc10 code [0x00007fb41d1ece60, 0x00007fb41d1ed900]
Event: 4.061 Thread 0x00007fb4200ad000  685             java.util.TimSort::binarySort (223 bytes)

GC Heap History (10 events):
Event: 1.627 GC heap after
Heap after GC invocations=2 (full 0):
 PSYoungGen      total 18432K, used 2544K [0x00000000eaa80000, 0x00000000ece80000, 0x0000000100000000)
  eden space 15872K, 0% used [0x00000000eaa80000,0x00000000eaa80000,0x00000000eba00000)
  from space 2560K, 99% used [0x00000000ebc80000,0x00000000ebefc038,0x00000000ebf00000)
  to   space 2560K, 0% used [0x00000000eba00000,0x00000000eba00000,0x00000000ebc80000)
 ParOldGen       total 41472K, used 4250K [0x00000000c0000000, 0x00000000c2880000, 0x00000000eaa80000)
  object space 41472K, 10% used [0x00000000c0000000,0x00000000c0426a30,0x00000000c2880000)
 PSPermGen       total 21504K, used 5321K [0x00000000b5a00000, 0x00000000b6f00000, 0x00000000c0000000)
  object space 21504K, 24% used [0x00000000b5a00000,0x00000000b5f32638,0x00000000b6f00000)
}
Event: 2.465 GC heap before
{Heap before GC invocations=3 (full 0):
 PSYoungGen      total 18432K, used 18416K [0x00000000eaa80000, 0x00000000ece80000, 0x0000000100000000)
  eden space 15872K, 100% used [0x00000000eaa80000,0x00000000eba00000,0x00000000eba00000)
  from space 2560K, 99% used [0x00000000ebc80000,0x00000000ebefc038,0x00000000ebf00000)
  to   space 2560K, 0% used [0x00000000eba00000,0x00000000eba00000,0x00000000ebc80000)
 ParOldGen       total 41472K, used 4250K [0x00000000c0000000, 0x00000000c2880000, 0x00000000eaa80000)
  object space 41472K, 10% used [0x00000000c0000000,0x00000000c0426a30,0x00000000c2880000)
 PSPermGen       total 21504K, used 6808K [0x00000000b5a00000, 0x00000000b6f00000, 0x00000000c0000000)
  object space 21504K, 31% used [0x00000000b5a00000,0x00000000b60a6128,0x00000000b6f00000)
Event: 2.472 GC heap after
Heap after GC invocations=3 (full 0):
 PSYoungGen      total 18432K, used 2544K [0x00000000eaa80000, 0x00000000ece80000, 0x0000000100000000)
  eden space 15872K, 0% used [0x00000000eaa80000,0x00000000eaa80000,0x00000000eba00000)
  from space 2560K, 99% used [0x00000000eba00000,0x00000000ebc7c038,0x00000000ebc80000)
  to   space 2560K, 0% used [0x00000000ecc00000,0x00000000ecc00000,0x00000000ece80000)
 ParOldGen       total 41472K, used 8105K [0x00000000c0000000, 0x00000000c2880000, 0x00000000eaa80000)
  object space 41472K, 19% used [0x00000000c0000000,0x00000000c07ea658,0x00000000c2880000)
 PSPermGen       total 21504K, used 6808K [0x00000000b5a00000, 0x00000000b6f00000, 0x00000000c0000000)
  object space 21504K, 31% used [0x00000000b5a00000,0x00000000b60a6128,0x00000000b6f00000)
}
Event: 2.961 GC heap before
{Heap before GC invocations=4 (full 0):
 PSYoungGen      total 18432K, used 18416K [0x00000000eaa80000, 0x00000000ece80000, 0x0000000100000000)
  eden space 15872K, 100% used [0x00000000eaa80000,0x00000000eba00000,0x00000000eba00000)
  from space 2560K, 99% used [0x00000000eba00000,0x00000000ebc7c038,0x00000000ebc80000)
  to   space 2560K, 0% used [0x00000000ecc00000,0x00000000ecc00000,0x00000000ece80000)
 ParOldGen       total 41472K, used 8105K [0x00000000c0000000, 0x00000000c2880000, 0x00000000eaa80000)
  object space 41472K, 19% used [0x00000000c0000000,0x00000000c07ea658,0x00000000c2880000)
 PSPermGen       total 21504K, used 7415K [0x00000000b5a00000, 0x00000000b6f00000, 0x00000000c0000000)
  object space 21504K, 34% used [0x00000000b5a00000,0x00000000b613de48,0x00000000b6f00000)
Event: 2.970 GC heap after
Heap after GC invocations=4 (full 0):
 PSYoungGen      total 34304K, used 2544K [0x00000000eaa80000, 0x00000000ece80000, 0x0000000100000000)
  eden space 31744K, 0% used [0x00000000eaa80000,0x00000000eaa80000,0x00000000ec980000)
  from space 2560K, 99% used [0x00000000ecc00000,0x00000000ece7c038,0x00000000ece80000)
  to   space 2560K, 0% used [0x00000000ec980000,0x00000000ec980000,0x00000000ecc00000)
 ParOldGen       total 41472K, used 12572K [0x00000000c0000000, 0x00000000c2880000, 0x00000000eaa80000)
  object space 41472K, 30% used [0x00000000c0000000,0x00000000c0c47238,0x00000000c2880000)
 PSPermGen       total 21504K, used 7415K [0x00000000b5a00000, 0x00000000b6f00000, 0x00000000c0000000)
  object space 21504K, 34% used [0x00000000b5a00000,0x00000000b613de48,0x00000000b6f00000)
}
Event: 3.416 GC heap before
{Heap before GC invocations=5 (full 0):
 PSYoungGen      total 34304K, used 34288K [0x00000000eaa80000, 0x00000000ece80000, 0x0000000100000000)
  eden space 31744K, 100% used [0x00000000eaa80000,0x00000000ec980000,0x00000000ec980000)
  from space 2560K, 99% used [0x00000000ecc00000,0x00000000ece7c038,0x00000000ece80000)
  to   space 2560K, 0% used [0x00000000ec980000,0x00000000ec980000,0x00000000ecc00000)
 ParOldGen       total 41472K, used 12572K [0x00000000c0000000, 0x00000000c2880000, 0x00000000eaa80000)
  object space 41472K, 30% used [0x00000000c0000000,0x00000000c0c47238,0x00000000c2880000)
 PSPermGen       total 21504K, used 7464K [0x00000000b5a00000, 0x00000000b6f00000, 0x00000000c0000000)
  object space 21504K, 34% used [0x00000000b5a00000,0x00000000b614a098,0x00000000b6f00000)
Event: 3.424 GC heap after
Heap after GC invocations=5 (full 0):
 PSYoungGen      total 34304K, used 2544K [0x00000000eaa80000, 0x00000000ef880000, 0x0000000100000000)
  eden space 31744K, 0% used [0x00000000eaa80000,0x00000000eaa80000,0x00000000ec980000)
  from space 2560K, 99% used [0x00000000ec980000,0x00000000ecbfc038,0x00000000ecc00000)
  to   space 8192K, 0% used [0x00000000ef080000,0x00000000ef080000,0x00000000ef880000)
 ParOldGen       total 41472K, used 14385K [0x00000000c0000000, 0x00000000c2880000, 0x00000000eaa80000)
  object space 41472K, 34% used [0x00000000c0000000,0x00000000c0e0c5f8,0x00000000c2880000)
 PSPermGen       total 21504K, used 7464K [0x00000000b5a00000, 0x00000000b6f00000, 0x00000000c0000000)
  object space 21504K, 34% used [0x00000000b5a00000,0x00000000b614a098,0x00000000b6f00000)
}
Event: 3.736 GC heap before
{Heap before GC invocations=6 (full 0):
 PSYoungGen      total 34304K, used 34288K [0x00000000eaa80000, 0x00000000ef880000, 0x0000000100000000)
  eden space 31744K, 100% used [0x00000000eaa80000,0x00000000ec980000,0x00000000ec980000)
  from space 2560K, 99% used [0x00000000ec980000,0x00000000ecbfc038,0x00000000ecc00000)
  to   space 8192K, 0% used [0x00000000ef080000,0x00000000ef080000,0x00000000ef880000)
 ParOldGen       total 41472K, used 14385K [0x00000000c0000000, 0x00000000c2880000, 0x00000000eaa80000)
  object space 41472K, 34% used [0x00000000c0000000,0x00000000c0e0c5f8,0x00000000c2880000)
 PSPermGen       total 21504K, used 7482K [0x00000000b5a00000, 0x00000000b6f00000, 0x00000000c0000000)
  object space 21504K, 34% used [0x00000000b5a00000,0x00000000b614e870,0x00000000b6f00000)
Event: 3.746 GC heap after
Heap after GC invocations=6 (full 0):
 PSYoungGen      total 71168K, used 6829K [0x00000000eaa80000, 0x00000000ef980000, 0x0000000100000000)
  eden space 62976K, 0% used [0x00000000eaa80000,0x00000000eaa80000,0x00000000ee800000)
  from space 8192K, 83% used [0x00000000ef080000,0x00000000ef72b7f8,0x00000000ef880000)
  to   space 8704K, 0% used [0x00000000ee800000,0x00000000ee800000,0x00000000ef080000)
 ParOldGen       total 41472K, used 18957K [0x00000000c0000000, 0x00000000c2880000, 0x00000000eaa80000)
  object space 41472K, 45% used [0x00000000c0000000,0x00000000c12835a8,0x00000000c2880000)
 PSPermGen       total 21504K, used 7482K [0x00000000b5a00000, 0x00000000b6f00000, 0x00000000c0000000)
  object space 21504K, 34% used [0x00000000b5a00000,0x00000000b614e870,0x00000000b6f00000)
}
Event: 4.071 GC heap before
{Heap before GC invocations=7 (full 0):
 PSYoungGen      total 71168K, used 69805K [0x00000000eaa80000, 0x00000000ef980000, 0x0000000100000000)
  eden space 62976K, 100% used [0x00000000eaa80000,0x00000000ee800000,0x00000000ee800000)
  from space 8192K, 83% used [0x00000000ef080000,0x00000000ef72b7f8,0x00000000ef880000)
  to   space 8704K, 0% used [0x00000000ee800000,0x00000000ee800000,0x00000000ef080000)
 ParOldGen       total 41472K, used 18957K [0x00000000c0000000, 0x00000000c2880000, 0x00000000eaa80000)
  object space 41472K, 45% used [0x00000000c0000000,0x00000000c12835a8,0x00000000c2880000)
 PSPermGen       total 21504K, used 7493K [0x00000000b5a00000, 0x00000000b6f00000, 0x00000000c0000000)
  object space 21504K, 34% used [0x00000000b5a00000,0x00000000b6151438,0x00000000b6f00000)

Deoptimization events (10 events):
Event: 3.576 Thread 0x00007fb42000b000 Uncommon trap: reason=predicate action=maybe_recompile pc=0x00007fb41d18beb0 method=java.util.ComparableTimSort.binarySort([Ljava/lang/Object;III)V @ 37
Event: 3.656 Thread 0x00007fb42000b000 Uncommon trap: reason=predicate action=maybe_recompile pc=0x00007fb41d1b0318 method=java.util.TimSort.binarySort([Ljava/lang/Object;IIILjava/util/Comparator;)V @ 37
Event: 3.935 Thread 0x00007fb42000b000 Uncommon trap: reason=array_check action=maybe_recompile pc=0x00007fb41d1d6c7c method=java.util.TimSort.binarySort([Ljava/lang/Object;IIILjava/util/Comparator;)V @ 193
Event: 3.937 Thread 0x00007fb42000b000 Uncommon trap: reason=array_check action=maybe_recompile pc=0x00007fb41d1d6c7c method=java.util.TimSort.binarySort([Ljava/lang/Object;IIILjava/util/Comparator;)V @ 193
Event: 3.937 Thread 0x00007fb42000b000 Uncommon trap: reason=array_check action=maybe_recompile pc=0x00007fb41d1d6c7c method=java.util.TimSort.binarySort([Ljava/lang/Object;IIILjava/util/Comparator;)V @ 193
Event: 3.937 Thread 0x00007fb42000b000 Uncommon trap: reason=array_check action=maybe_recompile pc=0x00007fb41d1d6d4c method=java.util.TimSort.binarySort([Ljava/lang/Object;IIILjava/util/Comparator;)V @ 183
Event: 3.937 Thread 0x00007fb42000b000 Uncommon trap: reason=array_check action=maybe_recompile pc=0x00007fb41d1d6c7c method=java.util.TimSort.binarySort([Ljava/lang/Object;IIILjava/util/Comparator;)V @ 193
Event: 4.009 Thread 0x00007fb42000b000 Uncommon trap: reason=array_check action=maybe_recompile pc=0x00007fb41d1dd30c method=java.util.ComparableTimSort.binarySort([Ljava/lang/Object;III)V @ 193
Event: 4.050 Thread 0x00007fb42000b000 Uncommon trap: reason=array_check action=maybe_recompile pc=0x00007fb41d1da294 method=java.util.TimSort.binarySort([Ljava/lang/Object;IIILjava/util/Comparator;)V @ 215
Event: 4.050 Thread 0x00007fb42000b000 Uncommon trap: reason=array_check action=maybe_recompile pc=0x00007fb41d1da294 method=java.util.TimSort.binarySort([Ljava/lang/Object;IIILjava/util/Comparator;)V @ 215

Internal exceptions (10 events):
Event: 2.463 Thread 0x00007fb42000b000 Threw 0x00000000eb9db400 at /build/buildd/openjdk-7-7u75-2.5.4/build/openjdk/hotspot/src/share/vm/prims/jvm.cpp:1284
Event: 2.473 Thread 0x00007fb42000b000 Threw 0x00000000eaac0f78 at /build/buildd/openjdk-7-7u75-2.5.4/build/openjdk/hotspot/src/share/vm/prims/jvm.cpp:1284
Event: 2.474 Thread 0x00007fb42000b000 Threw 0x00000000eaac3b20 at /build/buildd/openjdk-7-7u75-2.5.4/build/openjdk/hotspot/src/share/vm/prims/jvm.cpp:1284
Event: 2.548 Thread 0x00007fb42000b000 Threw 0x00000000eab5db00 at /build/buildd/openjdk-7-7u75-2.5.4/build/openjdk/hotspot/src/share/vm/prims/jvm.cpp:1284
Event: 2.548 Thread 0x00007fb42000b000 Threw 0x00000000eab5dc28 at /build/buildd/openjdk-7-7u75-2.5.4/build/openjdk/hotspot/src/share/vm/prims/jvm.cpp:1284
Event: 2.549 Thread 0x00007fb42000b000 Threw 0x00000000eab602d8 at /build/buildd/openjdk-7-7u75-2.5.4/build/openjdk/hotspot/src/share/vm/prims/jvm.cpp:1284
Event: 2.549 Thread 0x00007fb42000b000 Threw 0x00000000eab60400 at /build/buildd/openjdk-7-7u75-2.5.4/build/openjdk/hotspot/src/share/vm/prims/jvm.cpp:1284
Event: 2.549 Thread 0x00007fb42000b000 Threw 0x00000000eab60e00 at /build/buildd/openjdk-7-7u75-2.5.4/build/openjdk/hotspot/src/share/vm/prims/jvm.cpp:1284
Event: 2.549 Thread 0x00007fb42000b000 Threw 0x00000000eab60f28 at /build/buildd/openjdk-7-7u75-2.5.4/build/openjdk/hotspot/src/share/vm/prims/jvm.cpp:1284
Event: 3.028 Thread 0x00007fb42000b000 Threw 0x00000000eac627e0 at /build/buildd/openjdk-7-7u75-2.5.4/build/openjdk/hotspot/src/share/vm/prims/jvm.cpp:1284

Events (10 events):
Event: 4.009 Thread 0x00007fb42000b000 Uncommon trap: trap_request=0xffffffd6 fr.pc=0x00007fb41d1dd30c
Event: 4.009 Thread 0x00007fb42000b000 DEOPT PACKING pc=0x00007fb41d1dd30c sp=0x00007fb428942450
Event: 4.009 Thread 0x00007fb42000b000 DEOPT UNPACKING pc=0x00007fb41d039445 sp=0x00007fb428942418 mode 2
Event: 4.050 Thread 0x00007fb42000b000 Uncommon trap: trap_request=0xffffffd6 fr.pc=0x00007fb41d1da294
Event: 4.050 Thread 0x00007fb42000b000 DEOPT PACKING pc=0x00007fb41d1da294 sp=0x00007fb428942480
Event: 4.050 Thread 0x00007fb42000b000 DEOPT UNPACKING pc=0x00007fb41d039445 sp=0x00007fb428942458 mode 2
Event: 4.050 Thread 0x00007fb42000b000 Uncommon trap: trap_request=0xffffffd6 fr.pc=0x00007fb41d1da294
Event: 4.050 Thread 0x00007fb42000b000 DEOPT PACKING pc=0x00007fb41d1da294 sp=0x00007fb428942480
Event: 4.050 Thread 0x00007fb42000b000 DEOPT UNPACKING pc=0x00007fb41d039445 sp=0x00007fb428942458 mode 2
Event: 4.071 Executing VM operation: ParallelGCFailedAllocation


Dynamic libraries:
00400000-00401000 r-xp 00000000 fc:01 266635                             /usr/lib/jvm/java-7-openjdk-amd64/jre/bin/java
00600000-00601000 r--p 00000000 fc:01 266635                             /usr/lib/jvm/java-7-openjdk-amd64/jre/bin/java
00601000-00602000 rw-p 00001000 fc:01 266635                             /usr/lib/jvm/java-7-openjdk-amd64/jre/bin/java
024ea000-0250b000 rw-p 00000000 00:00 0                                  [heap]
b5a00000-b6f00000 rw-p 00000000 00:00 0 
b6f00000-c0000000 rw-p 00000000 00:00 0 
c0000000-c2880000 rw-p 00000000 00:00 0 
c2880000-eaa80000 rw-p 00000000 00:00 0 
eaa80000-ef980000 rw-p 00000000 00:00 0 
f3780000-100000000 rw-p 00000000 00:00 0 
7fb3e799f000-7fb3e79dc000 r-xp 00000000 fc:01 4460585                    /lib/x86_64-linux-gnu/libpcre.so.3.13.1
7fb3e79dc000-7fb3e7bdb000 ---p 0003d000 fc:01 4460585                    /lib/x86_64-linux-gnu/libpcre.so.3.13.1
7fb3e7bdb000-7fb3e7bdc000 r--p 0003c000 fc:01 4460585                    /lib/x86_64-linux-gnu/libpcre.so.3.13.1
7fb3e7bdc000-7fb3e7bdd000 rw-p 0003d000 fc:01 4460585                    /lib/x86_64-linux-gnu/libpcre.so.3.13.1
7fb3e7bdd000-7fb3e7be4000 r-xp 00000000 fc:01 7086350                    /usr/lib/x86_64-linux-gnu/libffi.so.6.0.1
7fb3e7be4000-7fb3e7de3000 ---p 00007000 fc:01 7086350                    /usr/lib/x86_64-linux-gnu/libffi.so.6.0.1
7fb3e7de3000-7fb3e7de4000 r--p 00006000 fc:01 7086350                    /usr/lib/x86_64-linux-gnu/libffi.so.6.0.1
7fb3e7de4000-7fb3e7de5000 rw-p 00007000 fc:01 7086350                    /usr/lib/x86_64-linux-gnu/libffi.so.6.0.1
7fb3e7de5000-7fb3e7dfc000 r-xp 00000000 fc:01 4460459                    /lib/x86_64-linux-gnu/libresolv-2.19.so
7fb3e7dfc000-7fb3e7ffc000 ---p 00017000 fc:01 4460459                    /lib/x86_64-linux-gnu/libresolv-2.19.so
7fb3e7ffc000-7fb3e7ffd000 r--p 00017000 fc:01 4460459                    /lib/x86_64-linux-gnu/libresolv-2.19.so
7fb3e7ffd000-7fb3e7ffe000 rw-p 00018000 fc:01 4460459                    /lib/x86_64-linux-gnu/libresolv-2.19.so
7fb3e7ffe000-7fb3e8000000 rw-p 00000000 00:00 0 
7fb3e8000000-7fb3e8021000 rw-p 00000000 00:00 0 
7fb3e8021000-7fb3ec000000 ---p 00000000 00:00 0 
7fb3ec000000-7fb3ec021000 rw-p 00000000 00:00 0 
7fb3ec021000-7fb3f0000000 ---p 00000000 00:00 0 
7fb3f0000000-7fb3f0890000 rw-p 00000000 00:00 0 
7fb3f0890000-7fb3f4000000 ---p 00000000 00:00 0 
7fb3f4000000-7fb3f4a7f000 rw-p 00000000 00:00 0 
7fb3f4a7f000-7fb3f8000000 ---p 00000000 00:00 0 
7fb3f8000000-7fb3f8021000 rw-p 00000000 00:00 0 
7fb3f8021000-7fb3fc000000 ---p 00000000 00:00 0 
7fb3fc000000-7fb3fc021000 rw-p 00000000 00:00 0 
7fb3fc021000-7fb400000000 ---p 00000000 00:00 0 
7fb400000000-7fb4000e0000 rw-p 00000000 00:00 0 
7fb4000e0000-7fb404000000 ---p 00000000 00:00 0 
7fb404000000-7fb404021000 rw-p 00000000 00:00 0 
7fb404021000-7fb408000000 ---p 00000000 00:00 0 
7fb408000000-7fb408021000 rw-p 00000000 00:00 0 
7fb408021000-7fb40c000000 ---p 00000000 00:00 0 
7fb40c06f000-7fb40c1d0000 rw-p 00000000 00:00 0 
7fb40c1d0000-7fb40c1f0000 r-xp 00000000 fc:01 4460612                    /lib/x86_64-linux-gnu/libselinux.so.1
7fb40c1f0000-7fb40c3ef000 ---p 00020000 fc:01 4460612                    /lib/x86_64-linux-gnu/libselinux.so.1
7fb40c3ef000-7fb40c3f0000 r--p 0001f000 fc:01 4460612                    /lib/x86_64-linux-gnu/libselinux.so.1
7fb40c3f0000-7fb40c3f1000 rw-p 00020000 fc:01 4460612                    /lib/x86_64-linux-gnu/libselinux.so.1
7fb40c3f1000-7fb40c3f3000 rw-p 00000000 00:00 0 
7fb40c3f3000-7fb40c3f6000 r-xp 00000000 fc:01 7078252                    /usr/lib/x86_64-linux-gnu/libgmodule-2.0.so.0.4002.0
7fb40c3f6000-7fb40c5f5000 ---p 00003000 fc:01 7078252                    /usr/lib/x86_64-linux-gnu/libgmodule-2.0.so.0.4002.0
7fb40c5f5000-7fb40c5f6000 r--p 00002000 fc:01 7078252                    /usr/lib/x86_64-linux-gnu/libgmodule-2.0.so.0.4002.0
7fb40c5f6000-7fb40c5f7000 rw-p 00003000 fc:01 7078252                    /usr/lib/x86_64-linux-gnu/libgmodule-2.0.so.0.4002.0
7fb40c5f7000-7fb40c6fd000 r-xp 00000000 fc:01 4460417                    /lib/x86_64-linux-gnu/libglib-2.0.so.0.4002.0
7fb40c6fd000-7fb40c8fc000 ---p 00106000 fc:01 4460417                    /lib/x86_64-linux-gnu/libglib-2.0.so.0.4002.0
7fb40c8fc000-7fb40c8fd000 r--p 00105000 fc:01 4460417                    /lib/x86_64-linux-gnu/libglib-2.0.so.0.4002.0
7fb40c8fd000-7fb40c8fe000 rw-p 00106000 fc:01 4460417                    /lib/x86_64-linux-gnu/libglib-2.0.so.0.4002.0
7fb40c8fe000-7fb40c8ff000 rw-p 00000000 00:00 0 
7fb40c8ff000-7fb40c94e000 r-xp 00000000 fc:01 7078270                    /usr/lib/x86_64-linux-gnu/libgobject-2.0.so.0.4002.0
7fb40c94e000-7fb40cb4e000 ---p 0004f000 fc:01 7078270                    /usr/lib/x86_64-linux-gnu/libgobject-2.0.so.0.4002.0
7fb40cb4e000-7fb40cb4f000 r--p 0004f000 fc:01 7078270                    /usr/lib/x86_64-linux-gnu/libgobject-2.0.so.0.4002.0
7fb40cb4f000-7fb40cb50000 rw-p 00050000 fc:01 7078270                    /usr/lib/x86_64-linux-gnu/libgobject-2.0.so.0.4002.0
7fb40cb50000-7fb40ccbc000 r-xp 00000000 fc:01 7078274                    /usr/lib/x86_64-linux-gnu/libgio-2.0.so.0.4002.0
7fb40ccbc000-7fb40cebb000 ---p 0016c000 fc:01 7078274                    /usr/lib/x86_64-linux-gnu/libgio-2.0.so.0.4002.0
7fb40cebb000-7fb40cebf000 r--p 0016b000 fc:01 7078274                    /usr/lib/x86_64-linux-gnu/libgio-2.0.so.0.4002.0
7fb40cebf000-7fb40cec1000 rw-p 0016f000 fc:01 7078274                    /usr/lib/x86_64-linux-gnu/libgio-2.0.so.0.4002.0
7fb40cec1000-7fb40cec3000 rw-p 00000000 00:00 0 
7fb40cec3000-7fb40ceda000 r-xp 00000000 fc:01 266605                     /usr/lib/jvm/java-7-openjdk-amd64/jre/lib/amd64/libnet.so
7fb40ceda000-7fb40d0d9000 ---p 00017000 fc:01 266605                     /usr/lib/jvm/java-7-openjdk-amd64/jre/lib/amd64/libnet.so
7fb40d0d9000-7fb40d0da000 r--p 00016000 fc:01 266605                     /usr/lib/jvm/java-7-openjdk-amd64/jre/lib/amd64/libnet.so
7fb40d0da000-7fb40d0db000 rw-p 00017000 fc:01 266605                     /usr/lib/jvm/java-7-openjdk-amd64/jre/lib/amd64/libnet.so
7fb40d0db000-7fb40d0eb000 r-xp 00000000 fc:01 266601                     /usr/lib/jvm/java-7-openjdk-amd64/jre/lib/amd64/libnio.so
7fb40d0eb000-7fb40d2eb000 ---p 00010000 fc:01 266601                     /usr/lib/jvm/java-7-openjdk-amd64/jre/lib/amd64/libnio.so
7fb40d2eb000-7fb40d2ec000 r--p 00010000 fc:01 266601                     /usr/lib/jvm/java-7-openjdk-amd64/jre/lib/amd64/libnio.so
7fb40d2ec000-7fb40d2ed000 rw-p 00011000 fc:01 266601                     /usr/lib/jvm/java-7-openjdk-amd64/jre/lib/amd64/libnio.so
7fb40d2ed000-7fb40d2ee000 ---p 00000000 00:00 0 
7fb40d2ee000-7fb40d3ee000 rw-p 00000000 00:00 0                          [stack:20943]
7fb40d3ee000-7fb40dad0000 r--p 00000000 fc:01 7085043                    /usr/lib/locale/locale-archive
7fb40dad0000-7fb410000000 rw-p 00000000 00:00 0 
7fb410000000-7fb410021000 rw-p 00000000 00:00 0 
7fb410021000-7fb414000000 ---p 00000000 00:00 0 
7fb414000000-7fb414021000 rw-p 00000000 00:00 0 
7fb414021000-7fb418000000 ---p 00000000 00:00 0 
7fb418000000-7fb418021000 rw-p 00000000 00:00 0 
7fb418021000-7fb41c000000 ---p 00000000 00:00 0 
7fb41c06d000-7fb41c070000 ---p 00000000 00:00 0 
7fb41c070000-7fb41c16e000 rw-p 00000000 00:00 0                          [stack:20942]
7fb41c16e000-7fb41c171000 ---p 00000000 00:00 0 
7fb41c171000-7fb41c26f000 rw-p 00000000 00:00 0                          [stack:20941]
7fb41c26f000-7fb41c272000 ---p 00000000 00:00 0 
7fb41c272000-7fb41c370000 rw-p 00000000 00:00 0                          [stack:20940]
7fb41c370000-7fb41c373000 ---p 00000000 00:00 0 
7fb41c373000-7fb41c471000 rw-p 00000000 00:00 0                          [stack:20939]
7fb41c471000-7fb41c474000 ---p 00000000 00:00 0 
7fb41c474000-7fb41c572000 rw-p 00000000 00:00 0                          [stack:20938]
7fb41c572000-7fb41c575000 ---p 00000000 00:00 0 
7fb41c575000-7fb41c673000 rw-p 00000000 00:00 0                          [stack:20937]
7fb41c673000-7fb41c674000 ---p 00000000 00:00 0 
7fb41c674000-7fb41d000000 rw-p 00000000 00:00 0                          [stack:20936]
7fb41d000000-7fb41d270000 rwxp 00000000 00:00 0 
7fb41d270000-7fb42028a000 rw-p 00000000 00:00 0 
7fb42028a000-7fb424000000 ---p 00000000 00:00 0 
7fb424002000-7fb424006000 r--s 0004d000 fc:01 266588                     /usr/lib/jvm/java-7-openjdk-amd64/jre/lib/jsse.jar
7fb424006000-7fb424015000 r--s 000dd000 00:18 1576134                    /home/aahung/Android/Sdk/build-tools/21.1.2/lib/dx.jar
7fb424015000-7fb424786000 rw-p 00000000 00:00 0 
7fb424786000-7fb424938000 r--s 01d23000 fc:01 266569                     /usr/lib/jvm/java-7-openjdk-amd64/jre/lib/rt.jar
7fb424938000-7fb424c84000 rw-p 00000000 00:00 0 
7fb424c84000-7fb424c85000 ---p 00000000 00:00 0 
7fb424c85000-7fb424d85000 rw-p 00000000 00:00 0                          [stack:20935]
7fb424d85000-7fb424d86000 ---p 00000000 00:00 0 
7fb424d86000-7fb424e86000 rw-p 00000000 00:00 0                          [stack:20934]
7fb424e86000-7fb424e87000 ---p 00000000 00:00 0 
7fb424e87000-7fb424f87000 rw-p 00000000 00:00 0                          [stack:20933]
7fb424f87000-7fb424f88000 ---p 00000000 00:00 0 
7fb424f88000-7fb425093000 rw-p 00000000 00:00 0                          [stack:20932]
7fb425093000-7fb4250db000 rw-p 00000000 00:00 0 
7fb4250db000-7fb4250f0000 rw-p 00000000 00:00 0 
7fb4250f0000-7fb425231000 rw-p 00000000 00:00 0 
7fb425231000-7fb42523c000 rw-p 00000000 00:00 0 
7fb42523c000-7fb425284000 rw-p 00000000 00:00 0 
7fb425284000-7fb425299000 rw-p 00000000 00:00 0 
7fb425299000-7fb4253d9000 rw-p 00000000 00:00 0 
7fb4253d9000-7fb425401000 rw-p 00000000 00:00 0 
7fb425401000-7fb425484000 rw-p 00000000 00:00 0 
7fb425484000-7fb425485000 rw-p 00000000 00:00 0 
7fb425485000-7fb42548d000 r-xp 00000000 fc:01 266631                     /usr/lib/jvm/java-7-openjdk-amd64/jre/lib/amd64/libzip.so
7fb42548d000-7fb42568c000 ---p 00008000 fc:01 266631                     /usr/lib/jvm/java-7-openjdk-amd64/jre/lib/amd64/libzip.so
7fb42568c000-7fb42568d000 r--p 00007000 fc:01 266631                     /usr/lib/jvm/java-7-openjdk-amd64/jre/lib/amd64/libzip.so
7fb42568d000-7fb42568e000 rw-p 00008000 fc:01 266631                     /usr/lib/jvm/java-7-openjdk-amd64/jre/lib/amd64/libzip.so
7fb42568e000-7fb425699000 r-xp 00000000 fc:01 4463634                    /lib/x86_64-linux-gnu/libnss_files-2.19.so
7fb425699000-7fb425898000 ---p 0000b000 fc:01 4463634                    /lib/x86_64-linux-gnu/libnss_files-2.19.so
7fb425898000-7fb425899000 r--p 0000a000 fc:01 4463634                    /lib/x86_64-linux-gnu/libnss_files-2.19.so
7fb425899000-7fb42589a000 rw-p 0000b000 fc:01 4463634                    /lib/x86_64-linux-gnu/libnss_files-2.19.so
7fb42589a000-7fb4258a5000 r-xp 00000000 fc:01 4463654                    /lib/x86_64-linux-gnu/libnss_nis-2.19.so
7fb4258a5000-7fb425aa4000 ---p 0000b000 fc:01 4463654                    /lib/x86_64-linux-gnu/libnss_nis-2.19.so
7fb425aa4000-7fb425aa5000 r--p 0000a000 fc:01 4463654                    /lib/x86_64-linux-gnu/libnss_nis-2.19.so
7fb425aa5000-7fb425aa6000 rw-p 0000b000 fc:01 4463654                    /lib/x86_64-linux-gnu/libnss_nis-2.19.so
7fb425aa6000-7fb425abd000 r-xp 00000000 fc:01 4463643                    /lib/x86_64-linux-gnu/libnsl-2.19.so
7fb425abd000-7fb425cbc000 ---p 00017000 fc:01 4463643                    /lib/x86_64-linux-gnu/libnsl-2.19.so
7fb425cbc000-7fb425cbd000 r--p 00016000 fc:01 4463643                    /lib/x86_64-linux-gnu/libnsl-2.19.so
7fb425cbd000-7fb425cbe000 rw-p 00017000 fc:01 4463643                    /lib/x86_64-linux-gnu/libnsl-2.19.so
7fb425cbe000-7fb425cc0000 rw-p 00000000 00:00 0 
7fb425cc0000-7fb425cc9000 r-xp 00000000 fc:01 4463642                    /lib/x86_64-linux-gnu/libnss_compat-2.19.so
7fb425cc9000-7fb425ec8000 ---p 00009000 fc:01 4463642                    /lib/x86_64-linux-gnu/libnss_compat-2.19.so
7fb425ec8000-7fb425ec9000 r--p 00008000 fc:01 4463642                    /lib/x86_64-linux-gnu/libnss_compat-2.19.so
7fb425ec9000-7fb425eca000 rw-p 00009000 fc:01 4463642                    /lib/x86_64-linux-gnu/libnss_compat-2.19.so
7fb425eca000-7fb425ef5000 r-xp 00000000 fc:01 266615                     /usr/lib/jvm/java-7-openjdk-amd64/jre/lib/amd64/libjava.so
7fb425ef5000-7fb4260f5000 ---p 0002b000 fc:01 266615                     /usr/lib/jvm/java-7-openjdk-amd64/jre/lib/amd64/libjava.so
7fb4260f5000-7fb4260f6000 r--p 0002b000 fc:01 266615                     /usr/lib/jvm/java-7-openjdk-amd64/jre/lib/amd64/libjava.so
7fb4260f6000-7fb4260f8000 rw-p 0002c000 fc:01 266615                     /usr/lib/jvm/java-7-openjdk-amd64/jre/lib/amd64/libjava.so
7fb4260f8000-7fb426108000 r-xp 00000000 fc:01 266614                     /usr/lib/jvm/java-7-openjdk-amd64/jre/lib/amd64/libverify.so
7fb426108000-7fb426307000 ---p 00010000 fc:01 266614                     /usr/lib/jvm/java-7-openjdk-amd64/jre/lib/amd64/libverify.so
7fb426307000-7fb426309000 r--p 0000f000 fc:01 266614                     /usr/lib/jvm/java-7-openjdk-amd64/jre/lib/amd64/libverify.so
7fb426309000-7fb42630a000 rw-p 00011000 fc:01 266614                     /usr/lib/jvm/java-7-openjdk-amd64/jre/lib/amd64/libverify.so
7fb42630a000-7fb426311000 r-xp 00000000 fc:01 4463651                    /lib/x86_64-linux-gnu/librt-2.19.so
7fb426311000-7fb426510000 ---p 00007000 fc:01 4463651                    /lib/x86_64-linux-gnu/librt-2.19.so
7fb426510000-7fb426511000 r--p 00006000 fc:01 4463651                    /lib/x86_64-linux-gnu/librt-2.19.so
7fb426511000-7fb426512000 rw-p 00007000 fc:01 4463651                    /lib/x86_64-linux-gnu/librt-2.19.so
7fb426512000-7fb426528000 r-xp 00000000 fc:01 4456463                    /lib/x86_64-linux-gnu/libgcc_s.so.1
7fb426528000-7fb426727000 ---p 00016000 fc:01 4456463                    /lib/x86_64-linux-gnu/libgcc_s.so.1
7fb426727000-7fb426728000 rw-p 00015000 fc:01 4456463                    /lib/x86_64-linux-gnu/libgcc_s.so.1
7fb426728000-7fb42682d000 r-xp 00000000 fc:01 4463033                    /lib/x86_64-linux-gnu/libm-2.19.so
7fb42682d000-7fb426a2c000 ---p 00105000 fc:01 4463033                    /lib/x86_64-linux-gnu/libm-2.19.so
7fb426a2c000-7fb426a2d000 r--p 00104000 fc:01 4463033                    /lib/x86_64-linux-gnu/libm-2.19.so
7fb426a2d000-7fb426a2e000 rw-p 00105000 fc:01 4463033                    /lib/x86_64-linux-gnu/libm-2.19.so
7fb426a2e000-7fb426b14000 r-xp 00000000 fc:01 7086978                    /usr/lib/x86_64-linux-gnu/libstdc++.so.6.0.19
7fb426b14000-7fb426d13000 ---p 000e6000 fc:01 7086978                    /usr/lib/x86_64-linux-gnu/libstdc++.so.6.0.19
7fb426d13000-7fb426d1b000 r--p 000e5000 fc:01 7086978                    /usr/lib/x86_64-linux-gnu/libstdc++.so.6.0.19
7fb426d1b000-7fb426d1d000 rw-p 000ed000 fc:01 7086978                    /usr/lib/x86_64-linux-gnu/libstdc++.so.6.0.19
7fb426d1d000-7fb426d32000 rw-p 00000000 00:00 0 
7fb426d32000-7fb42784a000 r-xp 00000000 fc:01 266620                     /usr/lib/jvm/java-7-openjdk-amd64/jre/lib/amd64/server/libjvm.so
7fb42784a000-7fb427a4a000 ---p 00b18000 fc:01 266620                     /usr/lib/jvm/java-7-openjdk-amd64/jre/lib/amd64/server/libjvm.so
7fb427a4a000-7fb427ae4000 r--p 00b18000 fc:01 266620                     /usr/lib/jvm/java-7-openjdk-amd64/jre/lib/amd64/server/libjvm.so
7fb427ae4000-7fb427b07000 rw-p 00bb2000 fc:01 266620                     /usr/lib/jvm/java-7-openjdk-amd64/jre/lib/amd64/server/libjvm.so
7fb427b07000-7fb427b35000 rw-p 00000000 00:00 0 
7fb427b35000-7fb427b4d000 r-xp 00000000 fc:01 4460645                    /lib/x86_64-linux-gnu/libz.so.1.2.8
7fb427b4d000-7fb427d4c000 ---p 00018000 fc:01 4460645                    /lib/x86_64-linux-gnu/libz.so.1.2.8
7fb427d4c000-7fb427d4d000 r--p 00017000 fc:01 4460645                    /lib/x86_64-linux-gnu/libz.so.1.2.8
7fb427d4d000-7fb427d4e000 rw-p 00018000 fc:01 4460645                    /lib/x86_64-linux-gnu/libz.so.1.2.8
7fb427d4e000-7fb427d67000 r-xp 00000000 fc:01 4463649                    /lib/x86_64-linux-gnu/libpthread-2.19.so
7fb427d67000-7fb427f66000 ---p 00019000 fc:01 4463649                    /lib/x86_64-linux-gnu/libpthread-2.19.so
7fb427f66000-7fb427f67000 r--p 00018000 fc:01 4463649                    /lib/x86_64-linux-gnu/libpthread-2.19.so
7fb427f67000-7fb427f68000 rw-p 00019000 fc:01 4463649                    /lib/x86_64-linux-gnu/libpthread-2.19.so
7fb427f68000-7fb427f6c000 rw-p 00000000 00:00 0 
7fb427f6c000-7fb427f6f000 r-xp 00000000 fc:01 4463637                    /lib/x86_64-linux-gnu/libdl-2.19.so
7fb427f6f000-7fb42816e000 ---p 00003000 fc:01 4463637                    /lib/x86_64-linux-gnu/libdl-2.19.so
7fb42816e000-7fb42816f000 r--p 00002000 fc:01 4463637                    /lib/x86_64-linux-gnu/libdl-2.19.so
7fb42816f000-7fb428170000 rw-p 00003000 fc:01 4463637                    /lib/x86_64-linux-gnu/libdl-2.19.so
7fb428170000-7fb42832b000 r-xp 00000000 fc:01 4463648                    /lib/x86_64-linux-gnu/libc-2.19.so
7fb42832b000-7fb42852a000 ---p 001bb000 fc:01 4463648                    /lib/x86_64-linux-gnu/libc-2.19.so
7fb42852a000-7fb42852e000 r--p 001ba000 fc:01 4463648                    /lib/x86_64-linux-gnu/libc-2.19.so
7fb42852e000-7fb428530000 rw-p 001be000 fc:01 4463648                    /lib/x86_64-linux-gnu/libc-2.19.so
7fb428530000-7fb428535000 rw-p 00000000 00:00 0 
7fb428535000-7fb428542000 r-xp 00000000 fc:01 266597                     /usr/lib/jvm/java-7-openjdk-amd64/jre/lib/amd64/jli/libjli.so
7fb428542000-7fb428741000 ---p 0000d000 fc:01 266597                     /usr/lib/jvm/java-7-openjdk-amd64/jre/lib/amd64/jli/libjli.so
7fb428741000-7fb428742000 r--p 0000c000 fc:01 266597                     /usr/lib/jvm/java-7-openjdk-amd64/jre/lib/amd64/jli/libjli.so
7fb428742000-7fb428743000 rw-p 0000d000 fc:01 266597                     /usr/lib/jvm/java-7-openjdk-amd64/jre/lib/amd64/jli/libjli.so
7fb428743000-7fb428766000 r-xp 00000000 fc:01 4463645                    /lib/x86_64-linux-gnu/ld-2.19.so
7fb428767000-7fb42876b000 r--s 0003c000 fc:01 266574                     /usr/lib/jvm/java-7-openjdk-amd64/jre/lib/ext/sunpkcs11.jar
7fb42876b000-7fb42878d000 rw-p 00000000 00:00 0 
7fb42878d000-7fb428843000 rw-p 00000000 00:00 0 
7fb428843000-7fb428846000 ---p 00000000 00:00 0 
7fb428846000-7fb42894a000 rw-p 00000000 00:00 0                          [stack:20931]
7fb42894a000-7fb42894b000 r--s 00002000 fc:01 266577                     /usr/lib/jvm/java-7-openjdk-amd64/jre/lib/ext/dnsns.jar
7fb42894b000-7fb42894e000 r--s 00086000 fc:01 266578                     /usr/lib/jvm/java-7-openjdk-amd64/jre/lib/ext/localedata.jar
7fb42894e000-7fb428950000 r--s 00012000 fc:01 266576                     /usr/lib/jvm/java-7-openjdk-amd64/jre/lib/ext/zipfs.jar
7fb428950000-7fb428954000 r--s 00034000 fc:01 266575                     /usr/lib/jvm/java-7-openjdk-amd64/jre/lib/ext/sunjce_provider.jar
7fb428954000-7fb428957000 r--s 0000f000 fc:01 266573                     /usr/lib/jvm/java-7-openjdk-amd64/jre/lib/ext/icedtea-sound.jar
7fb428957000-7fb428959000 r--s 00006000 fc:01 110                        /usr/share/java/java-atk-wrapper.jar
7fb428959000-7fb428961000 rw-s 00000000 fc:01 4194498                    /tmp/hsperfdata_aahung/20926
7fb428961000-7fb428962000 rw-p 00000000 00:00 0 
7fb428962000-7fb428963000 ---p 00000000 00:00 0 
7fb428963000-7fb428965000 rw-p 00000000 00:00 0 
7fb428965000-7fb428966000 r--p 00022000 fc:01 4463645                    /lib/x86_64-linux-gnu/ld-2.19.so
7fb428966000-7fb428967000 rw-p 00023000 fc:01 4463645                    /lib/x86_64-linux-gnu/ld-2.19.so
7fb428967000-7fb428968000 rw-p 00000000 00:00 0 
7fff82555000-7fff82577000 rw-p 00000000 00:00 0                          [stack]
7fff8257f000-7fff82581000 r-xp 00000000 00:00 0                          [vdso]
ffffffffff600000-ffffffffff601000 r-xp 00000000 00:00 0                  [vsyscall]

VM Arguments:
jvm_args: -Xmx1024M -Dfile.encoding=UTF-8 -Duser.country=HK -Duser.language=en -Duser.variant 
java_command: com.android.dx.command.Main --dex --output /home/aahung/cityu-sport-android/app/build/intermediates/dex/debug /home/aahung/cityu-sport-android/app/build/intermediates/classes/debug /home/aahung/cityu-sport-android/app/build/intermediates/pre-dexed/debug/support-annotations-21.0.3-d45ed27f1dae7251dc7a8aef1046118670676bd3.jar /home/aahung/cityu-sport-android/app/build/intermediates/pre-dexed/debug/butterknife-6.1.0-636c530f7b1615d17c06b6085f93aa4a0a0df8c1.jar /home/aahung/cityu-sport-android/app/build/intermediates/pre-dexed/debug/okio-1.3.0-a489eff24a467fdc5fa55498515fe3ddae6c8261.jar /home/aahung/cityu-sport-android/app/build/intermediates/pre-dexed/debug/retrofit-1.9.0-8bbff3c94e0ba2b6e5fc004822f5e9d68572d1bb.jar /home/aahung/cityu-sport-android/app/build/intermediates/pre-dexed/debug/commons-io-1.3.2-5922132dd54dd632578a685ab48106155db1fb4d.jar /home/aahung/cityu-sport-android/app/build/intermediates/pre-dexed/debug/internal_impl-21.0.3-efee95892716bfec18d29844364504ea2debbbee.jar /home/aahung/cityu-sport-android/app/build/intermediates/pre-dexed/debug/gson-2.3.1-2aa862fc70585181ed5302e3ec0cd674f2dbfb91.jar /home/aahung/cityu-sport-android/app/build/intermediates/pre-dexed/debug/jsoup-1.8.1-f2c85f130ae64836a1e85bb078cc0a2ecd5eca9a.jar /home/aahung/cityu-sport-android/app/build/intermediates/pre-dexed/debug/okhttp-2.3.0-fe57cf075c724cf92f53356bb6894d71396353b3.jar /home/aahung/cityu-sport-android/app/build/intermediates/pre-dexed/debug/classes-e57b8cb9593e9ab06109625228db4a43f5725beb.jar /home/aahung/cityu-sport-android/app/build/intermediates/pre-dexed/debug/classes-fa266008f4b3065aebf4b985c5d190c3fef80b39.jar
Launcher Type: SUN_STANDARD

Environment Variables:
CLASSPATH=/opt/android-studio/bin/../lib/bootstrap.jar:/opt/android-studio/bin/../lib/extensions.jar:/opt/android-studio/bin/../lib/util.jar:/opt/android-studio/bin/../lib/jdom.jar:/opt/android-studio/bin/../lib/log4j.jar:/opt/android-studio/bin/../lib/trove4j.jar:/opt/android-studio/bin/../lib/jna.jar:/usr/lib/jvm/java-8-oracle/lib/tools.jar
PATH=/usr/local/sbin:/usr/local/bin:/usr/sbin:/usr/bin:/sbin:/bin:/usr/games:/usr/local/games
LD_LIBRARY_PATH=/opt/android-studio/bin:
SHELL=/bin/bash
DISPLAY=:0

Signal Handlers:
SIGSEGV: [libjvm.so+0x94b4b0], sa_mask[0]=0x7ffbfeff, sa_flags=0x10000004
SIGBUS: [libjvm.so+0x94b4b0], sa_mask[0]=0x7ffbfeff, sa_flags=0x10000004
SIGFPE: [libjvm.so+0x7c3390], sa_mask[0]=0x7ffbfeff, sa_flags=0x10000004
SIGPIPE: [libjvm.so+0x7c3390], sa_mask[0]=0x7ffbfeff, sa_flags=0x10000004
SIGXFSZ: [libjvm.so+0x7c3390], sa_mask[0]=0x7ffbfeff, sa_flags=0x10000004
SIGILL: [libjvm.so+0x7c3390], sa_mask[0]=0x7ffbfeff, sa_flags=0x10000004
SIGUSR1: SIG_DFL, sa_mask[0]=0x00000000, sa_flags=0x00000000
SIGUSR2: [libjvm.so+0x7c3230], sa_mask[0]=0x00000004, sa_flags=0x10000004
SIGHUP: [libjvm.so+0x7c3410], sa_mask[0]=0x7ffbfeff, sa_flags=0x10000004
SIGINT: [libjvm.so+0x7c3410], sa_mask[0]=0x7ffbfeff, sa_flags=0x10000004
SIGTERM: [libjvm.so+0x7c3410], sa_mask[0]=0x7ffbfeff, sa_flags=0x10000004
SIGQUIT: [libjvm.so+0x7c3410], sa_mask[0]=0x7ffbfeff, sa_flags=0x10000004
SIGTRAP: SIG_DFL, sa_mask[0]=0x00000000, sa_flags=0x00000000


---------------  S Y S T E M  ---------------

OS:Ubuntu 14.04 (trusty)
uname:Linux 3.13.0-46-generic #79-Ubuntu SMP Tue Mar 10 20:06:50 UTC 2015 x86_64
libc:glibc 2.19 NPTL 2.19 
rlimit: STACK 8192k, CORE 0k, NPROC 31034, NOFILE 4096, AS infinity
load average:2.06 1.66 1.45

/proc/meminfo:
MemTotal:        4003900 kB
MemFree:           93740 kB
Buffers:             492 kB
Cached:            47068 kB
SwapCached:            0 kB
Active:          3533144 kB
Inactive:          45448 kB
Active(anon):    3532364 kB
Inactive(anon):    27264 kB
Active(file):        780 kB
Inactive(file):    18184 kB
Unevictable:          48 kB
Mlocked:              48 kB
SwapTotal:             0 kB
SwapFree:              0 kB
Dirty:                60 kB
Writeback:             0 kB
AnonPages:       3531260 kB
Mapped:            29520 kB
Shmem:             28416 kB
Slab:              72924 kB
SReclaimable:      24984 kB
SUnreclaim:        47940 kB
KernelStack:        4680 kB
PageTables:        34612 kB
NFS_Unstable:          0 kB
Bounce:                0 kB
WritebackTmp:          0 kB
CommitLimit:     2001948 kB
Committed_AS:    6449888 kB
VmallocTotal:   34359738367 kB
VmallocUsed:      289072 kB
VmallocChunk:   34359420924 kB
HardwareCorrupted:     0 kB
AnonHugePages:   2023424 kB
HugePages_Total:       0
HugePages_Free:        0
HugePages_Rsvd:        0
HugePages_Surp:        0
Hugepagesize:       2048 kB
DirectMap4k:       88960 kB
DirectMap2M:     4061184 kB


CPU:total 4 (2 cores per cpu, 2 threads per core) family 6 model 42 stepping 7, cmov, cx8, fxsr, mmx, sse, sse2, sse3, ssse3, sse4.1, sse4.2, popcnt, avx, ht, tsc, tscinvbit

/proc/cpuinfo:
processor	: 0
vendor_id	: GenuineIntel
cpu family	: 6
model		: 42
model name	: Intel(R) Core(TM) i3-2350M CPU @ 2.30GHz
stepping	: 7
microcode	: 0x25
cpu MHz		: 2300.000
cache size	: 3072 KB
physical id	: 0
siblings	: 4
core id		: 0
cpu cores	: 2
apicid		: 0
initial apicid	: 0
fpu		: yes
fpu_exception	: yes
cpuid level	: 13
wp		: yes
flags		: fpu vme de pse tsc msr pae mce cx8 apic sep mtrr pge mca cmov pat pse36 clflush dts acpi mmx fxsr sse sse2 ss ht tm pbe syscall nx rdtscp lm constant_tsc arch_perfmon pebs bts rep_good nopl xtopology nonstop_tsc aperfmperf eagerfpu pni pclmulqdq dtes64 monitor ds_cpl vmx est tm2 ssse3 cx16 xtpr pdcm pcid sse4_1 sse4_2 x2apic popcnt tsc_deadline_timer xsave avx lahf_lm arat epb xsaveopt pln pts dtherm tpr_shadow vnmi flexpriority ept vpid
bogomips	: 4589.76
clflush size	: 64
cache_alignment	: 64
address sizes	: 36 bits physical, 48 bits virtual
power management:

processor	: 1
vendor_id	: GenuineIntel
cpu family	: 6
model		: 42
model name	: Intel(R) Core(TM) i3-2350M CPU @ 2.30GHz
stepping	: 7
microcode	: 0x25
cpu MHz		: 2300.000
cache size	: 3072 KB
physical id	: 0
siblings	: 4
core id		: 1
cpu cores	: 2
apicid		: 2
initial apicid	: 2
fpu		: yes
fpu_exception	: yes
cpuid level	: 13
wp		: yes
flags		: fpu vme de pse tsc msr pae mce cx8 apic sep mtrr pge mca cmov pat pse36 clflush dts acpi mmx fxsr sse sse2 ss ht tm pbe syscall nx rdtscp lm constant_tsc arch_perfmon pebs bts rep_good nopl xtopology nonstop_tsc aperfmperf eagerfpu pni pclmulqdq dtes64 monitor ds_cpl vmx est tm2 ssse3 cx16 xtpr pdcm pcid sse4_1 sse4_2 x2apic popcnt tsc_deadline_timer xsave avx lahf_lm arat epb xsaveopt pln pts dtherm tpr_shadow vnmi flexpriority ept vpid
bogomips	: 4589.76
clflush size	: 64
cache_alignment	: 64
address sizes	: 36 bits physical, 48 bits virtual
power management:

processor	: 2
vendor_id	: GenuineIntel
cpu family	: 6
model		: 42
model name	: Intel(R) Core(TM) i3-2350M CPU @ 2.30GHz
stepping	: 7
microcode	: 0x25
cpu MHz		: 2300.000
cache size	: 3072 KB
physical id	: 0
siblings	: 4
core id		: 0
cpu cores	: 2
apicid		: 1
initial apicid	: 1
fpu		: yes
fpu_exception	: yes
cpuid level	: 13
wp		: yes
flags		: fpu vme de pse tsc msr pae mce cx8 apic sep mtrr pge mca cmov pat pse36 clflush dts acpi mmx fxsr sse sse2 ss ht tm pbe syscall nx rdtscp lm constant_tsc arch_perfmon pebs bts rep_good nopl xtopology nonstop_tsc aperfmperf eagerfpu pni pclmulqdq dtes64 monitor ds_cpl vmx est tm2 ssse3 cx16 xtpr pdcm pcid sse4_1 sse4_2 x2apic popcnt tsc_deadline_timer xsave avx lahf_lm arat epb xsaveopt pln pts dtherm tpr_shadow vnmi flexpriority ept vpid
bogomips	: 4589.76
clflush size	: 64
cache_alignment	: 64
address sizes	: 36 bits physical, 48 bits virtual
power management:

processor	: 3
vendor_id	: GenuineIntel
cpu family	: 6
model		: 42
model name	: Intel(R) Core(TM) i3-2350M CPU @ 2.30GHz
stepping	: 7
microcode	: 0x25
cpu MHz		: 1600.000
cache size	: 3072 KB
physical id	: 0
siblings	: 4
core id		: 1
cpu cores	: 2
apicid		: 3
initial apicid	: 3
fpu		: yes
fpu_exception	: yes
cpuid level	: 13
wp		: yes
flags		: fpu vme de pse tsc msr pae mce cx8 apic sep mtrr pge mca cmov pat pse36 clflush dts acpi mmx fxsr sse sse2 ss ht tm pbe syscall nx rdtscp lm constant_tsc arch_perfmon pebs bts rep_good nopl xtopology nonstop_tsc aperfmperf eagerfpu pni pclmulqdq dtes64 monitor ds_cpl vmx est tm2 ssse3 cx16 xtpr pdcm pcid sse4_1 sse4_2 x2apic popcnt tsc_deadline_timer xsave avx lahf_lm arat epb xsaveopt pln pts dtherm tpr_shadow vnmi flexpriority ept vpid
bogomips	: 4589.76
clflush size	: 64
cache_alignment	: 64
address sizes	: 36 bits physical, 48 bits virtual
power management:



Memory: 4k page, physical 4003900k(92996k free), swap 0k(0k free)

vm_info: OpenJDK 64-Bit Server VM (24.75-b04) for linux-amd64 JRE (1.7.0_75-b13), built on Jan 27 2015 00:38:59 by "buildd" with gcc 4.8.2

time: Sun Mar 22 13:55:31 2015
elapsed time: 6 seconds

