#
# There is insufficient memory for the Java Runtime Environment to continue.
# Native memory allocation (malloc) failed to allocate 73400320 bytes for committing reserved memory.
# Possible reasons:
#   The system is out of physical RAM or swap space
#   In 32 bit mode, the process size limit was hit
# Possible solutions:
#   Reduce memory load on the system
#   Increase physical memory or swap space
#   Check if swap backing store is full
#   Use 64 bit Java on a 64 bit OS
#   Decrease Java heap size (-Xmx/-Xms)
#   Decrease number of Java threads
#   Decrease Java thread stack sizes (-Xss)
#   Set larger code cache with -XX:ReservedCodeCacheSize=
# This output file may be truncated or incomplete.
#
#  Out of Memory Error (os_linux.cpp:2798), pid=12643, tid=140044814563072
#
# JRE version: OpenJDK Runtime Environment (7.0_75-b13) (build 1.7.0_75-b13)
# Java VM: OpenJDK 64-Bit Server VM (24.75-b04 mixed mode linux-amd64 compressed oops)
# Derivative: IcedTea 2.5.4
# Distribution: Ubuntu 14.04 LTS, package 7u75-2.5.4-1~trusty1
# Failed to write core dump. Core dumps have been disabled. To enable core dumping, try "ulimit -c unlimited" before starting Java again
#

---------------  T H R E A D  ---------------

Current thread (0x00007f5ecc075800):  VMThread [stack: 0x00007f5eb95cb000,0x00007f5eb96cc000] [id=12674]

Stack: [0x00007f5eb95cb000,0x00007f5eb96cc000],  sp=0x00007f5eb96ca490,  free space=1021k
Native frames: (J=compiled Java code, j=interpreted, Vv=VM code, C=native code)
V  [libjvm.so+0x94a9d5]  VMError::report_and_die()+0x175
V  [libjvm.so+0x48b954]  report_vm_out_of_memory(char const*, int, unsigned long, char const*)+0x74
V  [libjvm.so+0x7c7b7b]  os::pd_commit_memory(char*, unsigned long, unsigned long, bool)+0xeb
V  [libjvm.so+0x7c263f]  os::commit_memory(char*, unsigned long, unsigned long, bool)+0x1f
V  [libjvm.so+0x834b1b]  PSVirtualSpace::expand_by(unsigned long)+0x5b
V  [libjvm.so+0x835970]  PSYoungGen::resize_generation(unsigned long, unsigned long)+0xb0
V  [libjvm.so+0x83605b]  PSYoungGen::resize(unsigned long, unsigned long)+0x1b
V  [libjvm.so+0x832340]  PSScavenge::invoke_no_policy()+0xde0
V  [libjvm.so+0x832b18]  PSScavenge::invoke()+0x38
V  [libjvm.so+0x7e9203]  ParallelScavengeHeap::failed_mem_allocate(unsigned long)+0x63
V  [libjvm.so+0x94c3d4]  VM_ParallelGCFailedAllocation::doit()+0x84
V  [libjvm.so+0x9508d7]  VM_Operation::evaluate()+0x47
V  [libjvm.so+0x94f248]  VMThread::evaluate_operation(VM_Operation*)+0x318
V  [libjvm.so+0x94f6a9]  VMThread::loop()+0x219
V  [libjvm.so+0x94faf2]  VMThread::run()+0x72
V  [libjvm.so+0x7c4a42]  java_start(Thread*)+0xf2

VM_Operation (0x00007f5ed3dcdde0): ParallelGCFailedAllocation, mode: safepoint, requested by thread 0x00007f5ecc00a800


---------------  P R O C E S S  ---------------

Java Threads: ( => current thread )
  0x00007f5ecc0b0000 JavaThread "Service Thread" daemon [_thread_blocked, id=12695, stack(0x00007f5eb88e3000,0x00007f5eb89e4000)]
  0x00007f5ecc0ae000 JavaThread "C2 CompilerThread1" daemon [_thread_blocked, id=12694, stack(0x00007f5eb89e4000,0x00007f5eb8ae5000)]
  0x00007f5ecc0ab000 JavaThread "C2 CompilerThread0" daemon [_thread_blocked, id=12693, stack(0x00007f5eb8ae5000,0x00007f5eb8be6000)]
  0x00007f5ecc0a9000 JavaThread "Signal Dispatcher" daemon [_thread_blocked, id=12690, stack(0x00007f5eb8be6000,0x00007f5eb8ce7000)]
  0x00007f5ecc07c000 JavaThread "Finalizer" daemon [_thread_blocked, id=12682, stack(0x00007f5eb93c9000,0x00007f5eb94ca000)]
  0x00007f5ecc07a000 JavaThread "Reference Handler" daemon [_thread_blocked, id=12678, stack(0x00007f5eb94ca000,0x00007f5eb95cb000)]
  0x00007f5ecc00a800 JavaThread "main" [_thread_blocked, id=12660, stack(0x00007f5ed3ccf000,0x00007f5ed3dd0000)]

Other Threads:
=>0x00007f5ecc075800 VMThread [stack: 0x00007f5eb95cb000,0x00007f5eb96cc000] [id=12674]
  0x00007f5ecc0bb000 WatcherThread [stack: 0x00007f5eb87e2000,0x00007f5eb88e3000] [id=12696]

VM state:at safepoint (normal execution)

VM Mutex/Monitor currently owned by a thread:  ([mutex/lock_event])
[0x00007f5ecc006a30] Threads_lock - owner thread: 0x00007f5ecc075800
[0x00007f5ecc006f30] Heap_lock - owner thread: 0x00007f5ecc00a800

Heap
 PSYoungGen      total 71168K, used 8676K [0x00000000eaa80000, 0x00000000ef980000, 0x0000000100000000)
  eden space 62464K, 0% used [0x00000000eaa80000,0x00000000eaa80000,0x00000000ee780000)
  from space 8704K, 99% used [0x00000000ee780000,0x00000000eeff9370,0x00000000ef000000)
  to   space 7680K, 0% used [0x00000000ef000000,0x00000000ef000000,0x00000000ef780000)
 ParOldGen       total 41472K, used 20603K [0x00000000c0000000, 0x00000000c2880000, 0x00000000eaa80000)
  object space 41472K, 49% used [0x00000000c0000000,0x00000000c141ed50,0x00000000c2880000)
 PSPermGen       total 21504K, used 5924K [0x00000000b5a00000, 0x00000000b6f00000, 0x00000000c0000000)
  object space 21504K, 27% used [0x00000000b5a00000,0x00000000b5fc91b8,0x00000000b6f00000)

Card table byte_map: [0x00007f5ed06bd000,0x00007f5ed0911000] byte_map_base: 0x00007f5ed0110000

Polling page: 0x00007f5ed3dee000

Code Cache  [0x00007f5ec9000000, 0x00007f5ec9270000, 0x00007f5ecc000000)
 total_blobs=778 nmethods=549 adapters=181 free_code_cache=46940Kb largest_free_block=48027968

Compilation events (10 events):
Event: 10.804 Thread 0x00007f5ecc0ae000 nmethod 552 0x00007f5ec90ec7d0 code [0x00007f5ec90ec9a0, 0x00007f5ec90ed4a8]
Event: 10.805 Thread 0x00007f5ecc0ae000  558             com.android.dx.cf.code.ByteBlock::getLabel (5 bytes)
Event: 10.805 Thread 0x00007f5ecc0ae000 nmethod 558 0x00007f5ec90ebf10 code [0x00007f5ec90ec040, 0x00007f5ec90ec098]
Event: 10.805 Thread 0x00007f5ecc0ae000  559             java.lang.Integer::highestOneBit (38 bytes)
Event: 10.819 Thread 0x00007f5ecc0ae000 nmethod 559 0x00007f5ec90ea010 code [0x00007f5ec90ea140, 0x00007f5ec90ea1b8]
Event: 10.819 Thread 0x00007f5ecc0ae000  560             com.android.dx.cf.iface.StdMember::getAttributes (5 bytes)
Event: 10.820 Thread 0x00007f5ecc0ae000 nmethod 560 0x00007f5ec90e9e10 code [0x00007f5ec90e9f40, 0x00007f5ec90e9f98]
Event: 10.820 Thread 0x00007f5ecc0ae000  561             com.android.dx.rop.type.Prototype::<init> (67 bytes)
Event: 10.821 Thread 0x00007f5ecc0ae000 nmethod 561 0x00007f5ec90e9b10 code [0x00007f5ec90e9c60, 0x00007f5ec90e9d58]
Event: 10.821 Thread 0x00007f5ecc0ae000  562   !         com.android.dx.rop.type.Prototype::putIntern (50 bytes)

GC Heap History (10 events):
Event: 3.555 GC heap after
Heap after GC invocations=2 (full 0):
 PSYoungGen      total 18432K, used 2540K [0x00000000eaa80000, 0x00000000ebf00000, 0x0000000100000000)
  eden space 15872K, 0% used [0x00000000eaa80000,0x00000000eaa80000,0x00000000eba00000)
  from space 2560K, 99% used [0x00000000ebc80000,0x00000000ebefb0f0,0x00000000ebf00000)
  to   space 2560K, 0% used [0x00000000eba00000,0x00000000eba00000,0x00000000ebc80000)
 ParOldGen       total 41472K, used 3242K [0x00000000c0000000, 0x00000000c2880000, 0x00000000eaa80000)
  object space 41472K, 7% used [0x00000000c0000000,0x00000000c032a8c0,0x00000000c2880000)
 PSPermGen       total 21504K, used 5740K [0x00000000b5a00000, 0x00000000b6f00000, 0x00000000c0000000)
  object space 21504K, 26% used [0x00000000b5a00000,0x00000000b5f9b210,0x00000000b6f00000)
}
Event: 4.611 GC heap before
{Heap before GC invocations=3 (full 0):
 PSYoungGen      total 18432K, used 18412K [0x00000000eaa80000, 0x00000000ebf00000, 0x0000000100000000)
  eden space 15872K, 100% used [0x00000000eaa80000,0x00000000eba00000,0x00000000eba00000)
  from space 2560K, 99% used [0x00000000ebc80000,0x00000000ebefb0f0,0x00000000ebf00000)
  to   space 2560K, 0% used [0x00000000eba00000,0x00000000eba00000,0x00000000ebc80000)
 ParOldGen       total 41472K, used 3242K [0x00000000c0000000, 0x00000000c2880000, 0x00000000eaa80000)
  object space 41472K, 7% used [0x00000000c0000000,0x00000000c032a8c0,0x00000000c2880000)
 PSPermGen       total 21504K, used 5803K [0x00000000b5a00000, 0x00000000b6f00000, 0x00000000c0000000)
  object space 21504K, 26% used [0x00000000b5a00000,0x00000000b5faad38,0x00000000b6f00000)
Event: 4.635 GC heap after
Heap after GC invocations=3 (full 0):
 PSYoungGen      total 18432K, used 2545K [0x00000000eaa80000, 0x00000000ece80000, 0x0000000100000000)
  eden space 15872K, 0% used [0x00000000eaa80000,0x00000000eaa80000,0x00000000eba00000)
  from space 2560K, 99% used [0x00000000eba00000,0x00000000ebc7c4a8,0x00000000ebc80000)
  to   space 2560K, 0% used [0x00000000ecc00000,0x00000000ecc00000,0x00000000ece80000)
 ParOldGen       total 41472K, used 5652K [0x00000000c0000000, 0x00000000c2880000, 0x00000000eaa80000)
  object space 41472K, 13% used [0x00000000c0000000,0x00000000c05850a8,0x00000000c2880000)
 PSPermGen       total 21504K, used 5803K [0x00000000b5a00000, 0x00000000b6f00000, 0x00000000c0000000)
  object space 21504K, 26% used [0x00000000b5a00000,0x00000000b5faad38,0x00000000b6f00000)
}
Event: 5.671 GC heap before
{Heap before GC invocations=4 (full 0):
 PSYoungGen      total 18432K, used 18417K [0x00000000eaa80000, 0x00000000ece80000, 0x0000000100000000)
  eden space 15872K, 100% used [0x00000000eaa80000,0x00000000eba00000,0x00000000eba00000)
  from space 2560K, 99% used [0x00000000eba00000,0x00000000ebc7c4a8,0x00000000ebc80000)
  to   space 2560K, 0% used [0x00000000ecc00000,0x00000000ecc00000,0x00000000ece80000)
 ParOldGen       total 41472K, used 5652K [0x00000000c0000000, 0x00000000c2880000, 0x00000000eaa80000)
  object space 41472K, 13% used [0x00000000c0000000,0x00000000c05850a8,0x00000000c2880000)
 PSPermGen       total 21504K, used 5829K [0x00000000b5a00000, 0x00000000b6f00000, 0x00000000c0000000)
  object space 21504K, 27% used [0x00000000b5a00000,0x00000000b5fb1438,0x00000000b6f00000)
Event: 5.703 GC heap after
Heap after GC invocations=4 (full 0):
 PSYoungGen      total 34304K, used 2549K [0x00000000eaa80000, 0x00000000ece80000, 0x0000000100000000)
  eden space 31744K, 0% used [0x00000000eaa80000,0x00000000eaa80000,0x00000000ec980000)
  from space 2560K, 99% used [0x00000000ecc00000,0x00000000ece7d478,0x00000000ece80000)
  to   space 2560K, 0% used [0x00000000ec980000,0x00000000ec980000,0x00000000ecc00000)
 ParOldGen       total 41472K, used 7920K [0x00000000c0000000, 0x00000000c2880000, 0x00000000eaa80000)
  object space 41472K, 19% used [0x00000000c0000000,0x00000000c07bc030,0x00000000c2880000)
 PSPermGen       total 21504K, used 5829K [0x00000000b5a00000, 0x00000000b6f00000, 0x00000000c0000000)
  object space 21504K, 27% used [0x00000000b5a00000,0x00000000b5fb1438,0x00000000b6f00000)
}
Event: 7.209 GC heap before
{Heap before GC invocations=5 (full 0):
 PSYoungGen      total 34304K, used 34293K [0x00000000eaa80000, 0x00000000ece80000, 0x0000000100000000)
  eden space 31744K, 100% used [0x00000000eaa80000,0x00000000ec980000,0x00000000ec980000)
  from space 2560K, 99% used [0x00000000ecc00000,0x00000000ece7d478,0x00000000ece80000)
  to   space 2560K, 0% used [0x00000000ec980000,0x00000000ec980000,0x00000000ecc00000)
 ParOldGen       total 41472K, used 7920K [0x00000000c0000000, 0x00000000c2880000, 0x00000000eaa80000)
  object space 41472K, 19% used [0x00000000c0000000,0x00000000c07bc030,0x00000000c2880000)
 PSPermGen       total 21504K, used 5855K [0x00000000b5a00000, 0x00000000b6f00000, 0x00000000c0000000)
  object space 21504K, 27% used [0x00000000b5a00000,0x00000000b5fb7ca0,0x00000000b6f00000)
Event: 7.252 GC heap after
Heap after GC invocations=5 (full 0):
 PSYoungGen      total 34304K, used 2560K [0x00000000eaa80000, 0x00000000ef780000, 0x0000000100000000)
  eden space 31744K, 0% used [0x00000000eaa80000,0x00000000eaa80000,0x00000000ec980000)
  from space 2560K, 100% used [0x00000000ec980000,0x00000000ecc00000,0x00000000ecc00000)
  to   space 7680K, 0% used [0x00000000ef000000,0x00000000ef000000,0x00000000ef780000)
 ParOldGen       total 41472K, used 12993K [0x00000000c0000000, 0x00000000c2880000, 0x00000000eaa80000)
  object space 41472K, 31% used [0x00000000c0000000,0x00000000c0cb06e0,0x00000000c2880000)
 PSPermGen       total 21504K, used 5855K [0x00000000b5a00000, 0x00000000b6f00000, 0x00000000c0000000)
  object space 21504K, 27% used [0x00000000b5a00000,0x00000000b5fb7ca0,0x00000000b6f00000)
}
Event: 8.761 GC heap before
{Heap before GC invocations=6 (full 0):
 PSYoungGen      total 34304K, used 34304K [0x00000000eaa80000, 0x00000000ef780000, 0x0000000100000000)
  eden space 31744K, 100% used [0x00000000eaa80000,0x00000000ec980000,0x00000000ec980000)
  from space 2560K, 100% used [0x00000000ec980000,0x00000000ecc00000,0x00000000ecc00000)
  to   space 7680K, 0% used [0x00000000ef000000,0x00000000ef000000,0x00000000ef780000)
 ParOldGen       total 41472K, used 12993K [0x00000000c0000000, 0x00000000c2880000, 0x00000000eaa80000)
  object space 41472K, 31% used [0x00000000c0000000,0x00000000c0cb06e0,0x00000000c2880000)
 PSPermGen       total 21504K, used 5883K [0x00000000b5a00000, 0x00000000b6f00000, 0x00000000c0000000)
  object space 21504K, 27% used [0x00000000b5a00000,0x00000000b5fbeee8,0x00000000b6f00000)
Event: 8.813 GC heap after
Heap after GC invocations=6 (full 0):
 PSYoungGen      total 70144K, used 7671K [0x00000000eaa80000, 0x00000000ef980000, 0x0000000100000000)
  eden space 62464K, 0% used [0x00000000eaa80000,0x00000000eaa80000,0x00000000ee780000)
  from space 7680K, 99% used [0x00000000ef000000,0x00000000ef77dff8,0x00000000ef780000)
  to   space 8704K, 0% used [0x00000000ee780000,0x00000000ee780000,0x00000000ef000000)
 ParOldGen       total 41472K, used 13257K [0x00000000c0000000, 0x00000000c2880000, 0x00000000eaa80000)
  object space 41472K, 31% used [0x00000000c0000000,0x00000000c0cf2660,0x00000000c2880000)
 PSPermGen       total 21504K, used 5883K [0x00000000b5a00000, 0x00000000b6f00000, 0x00000000c0000000)
  object space 21504K, 27% used [0x00000000b5a00000,0x00000000b5fbeee8,0x00000000b6f00000)
}
Event: 10.914 GC heap before
{Heap before GC invocations=7 (full 0):
 PSYoungGen      total 70144K, used 70135K [0x00000000eaa80000, 0x00000000ef980000, 0x0000000100000000)
  eden space 62464K, 100% used [0x00000000eaa80000,0x00000000ee780000,0x00000000ee780000)
  from space 7680K, 99% used [0x00000000ef000000,0x00000000ef77dff8,0x00000000ef780000)
  to   space 8704K, 0% used [0x00000000ee780000,0x00000000ee780000,0x00000000ef000000)
 ParOldGen       total 41472K, used 13257K [0x00000000c0000000, 0x00000000c2880000, 0x00000000eaa80000)
  object space 41472K, 31% used [0x00000000c0000000,0x00000000c0cf2660,0x00000000c2880000)
 PSPermGen       total 21504K, used 5924K [0x00000000b5a00000, 0x00000000b6f00000, 0x00000000c0000000)
  object space 21504K, 27% used [0x00000000b5a00000,0x00000000b5fc91b8,0x00000000b6f00000)

Deoptimization events (10 events):
Event: 7.110 Thread 0x00007f5ecc00a800 Uncommon trap: reason=class_check action=maybe_recompile pc=0x00007f5ec911911c method=com.android.dx.cf.code.Ropper.processBlock(Lcom/android/dx/cf/code/ByteBlock;Lcom/android/dx/cf/code/Frame;[I)V @ 777
Event: 7.147 Thread 0x00007f5ecc00a800 Uncommon trap: reason=class_check action=maybe_recompile pc=0x00007f5ec911911c method=com.android.dx.cf.code.Ropper.processBlock(Lcom/android/dx/cf/code/ByteBlock;Lcom/android/dx/cf/code/Frame;[I)V @ 777
Event: 8.868 Thread 0x00007f5ecc00a800 Uncommon trap: reason=null_check action=make_not_entrant pc=0x00007f5ec91c34f0 method=com.android.dx.dex.file.FieldIdsSection.intern(Lcom/android/dx/rop/cst/CstFieldRef;)Lcom/android/dx/dex/file/FieldIdItem; @ 26
Event: 8.899 Thread 0x00007f5ecc00a800 Uncommon trap: reason=class_check action=maybe_recompile pc=0x00007f5ec911911c method=com.android.dx.cf.code.Ropper.processBlock(Lcom/android/dx/cf/code/ByteBlock;Lcom/android/dx/cf/code/Frame;[I)V @ 777
Event: 9.125 Thread 0x00007f5ecc00a800 Uncommon trap: reason=bimorphic action=maybe_recompile pc=0x00007f5ec91360b8 method=com.android.dx.cf.code.BytecodeArray.parseInstruction(ILcom/android/dx/cf/code/BytecodeArray$Visitor;)I @ 971
Event: 9.125 Thread 0x00007f5ecc00a800 Uncommon trap: reason=bimorphic action=maybe_recompile pc=0x00007f5ec9136134 method=com.android.dx.cf.code.BytecodeArray.parseInstruction(ILcom/android/dx/cf/code/BytecodeArray$Visitor;)I @ 987
Event: 9.125 Thread 0x00007f5ecc00a800 Uncommon trap: reason=bimorphic action=maybe_recompile pc=0x00007f5ec91360b8 method=com.android.dx.cf.code.BytecodeArray.parseInstruction(ILcom/android/dx/cf/code/BytecodeArray$Visitor;)I @ 971
Event: 9.125 Thread 0x00007f5ecc00a800 Uncommon trap: reason=bimorphic action=maybe_recompile pc=0x00007f5ec9136134 method=com.android.dx.cf.code.BytecodeArray.parseInstruction(ILcom/android/dx/cf/code/BytecodeArray$Visitor;)I @ 987
Event: 9.422 Thread 0x00007f5ecc00a800 Uncommon trap: reason=unreached action=reinterpret pc=0x00007f5ec91e9ec0 method=com.android.dx.cf.code.Merger.mergeLocals(Lcom/android/dx/cf/code/OneLocalsArray;Lcom/android/dx/cf/code/OneLocalsArray;)Lcom/android/dx/cf/code/OneLocalsArray; @ 2
Event: 10.120 Thread 0x00007f5ecc00a800 Uncommon trap: reason=unloaded action=reinterpret pc=0x00007f5ec91940d4 method=com.android.dx.cf.cst.ConstantPoolParser.parse0(ILjava/util/BitSet;)Lcom/android/dx/rop/cst/Constant; @ 220

Internal exceptions (10 events):
Event: 3.707 Thread 0x00007f5ecc00a800 Threw 0x00000000eabf5dc0 at /build/buildd/openjdk-7-7u75-2.5.4/build/openjdk/hotspot/src/share/vm/prims/jvm.cpp:1284
Event: 3.708 Thread 0x00007f5ecc00a800 Threw 0x00000000eabf8c28 at /build/buildd/openjdk-7-7u75-2.5.4/build/openjdk/hotspot/src/share/vm/prims/jvm.cpp:1284
Event: 3.716 Thread 0x00007f5ecc00a800 Threw 0x00000000eac202b8 at /build/buildd/openjdk-7-7u75-2.5.4/build/openjdk/hotspot/src/share/vm/prims/jvm.cpp:1284
Event: 3.717 Thread 0x00007f5ecc00a800 Threw 0x00000000eac26278 at /build/buildd/openjdk-7-7u75-2.5.4/build/openjdk/hotspot/src/share/vm/prims/jvm.cpp:1284
Event: 3.718 Thread 0x00007f5ecc00a800 Threw 0x00000000eac2c0a0 at /build/buildd/openjdk-7-7u75-2.5.4/build/openjdk/hotspot/src/share/vm/prims/jvm.cpp:1284
Event: 4.197 Thread 0x00007f5ecc00a800 Threw 0x00000000eb4173c0 at /build/buildd/openjdk-7-7u75-2.5.4/build/openjdk/hotspot/src/share/vm/prims/jvm.cpp:1284
Event: 5.014 Thread 0x00007f5ecc00a800 Threw 0x00000000eb089990 at /build/buildd/openjdk-7-7u75-2.5.4/build/openjdk/hotspot/src/share/vm/prims/jvm.cpp:1284
Event: 5.713 Thread 0x00007f5ecc00a800 Threw 0x00000000eaac08c8 at /build/buildd/openjdk-7-7u75-2.5.4/build/openjdk/hotspot/src/share/vm/prims/jvm.cpp:1284
Event: 6.645 Thread 0x00007f5ecc00a800 Threw 0x00000000ebe03348 at /build/buildd/openjdk-7-7u75-2.5.4/build/openjdk/hotspot/src/share/vm/prims/jvm.cpp:1284
Event: 10.137 Thread 0x00007f5ecc00a800 Threw 0x00000000ed48b540 at /build/buildd/openjdk-7-7u75-2.5.4/build/openjdk/hotspot/src/share/vm/prims/jvm.cpp:1284

Events (10 events):
Event: 9.422 Thread 0x00007f5ecc00a800 DEOPT PACKING pc=0x00007f5ec91e9ec0 sp=0x00007f5ed3dcdcf0
Event: 9.422 Thread 0x00007f5ecc00a800 DEOPT UNPACKING pc=0x00007f5ec9039445 sp=0x00007f5ed3dcdcc0 mode 2
Event: 10.120 Thread 0x00007f5ecc00a800 Uncommon trap: trap_request=0x000000d2 fr.pc=0x00007f5ec91940d4
Event: 10.120 Thread 0x00007f5ecc00a800 DEOPT PACKING pc=0x00007f5ec91940d4 sp=0x00007f5ed3dce0a0
Event: 10.120 Thread 0x00007f5ecc00a800 DEOPT UNPACKING pc=0x00007f5ec9039445 sp=0x00007f5ed3dce050 mode 2
Event: 10.137 loading class 0x00007f5ecc110f90
Event: 10.137 loading class 0x00007f5ecc110f90 done
Event: 10.323 Thread 0x00007f5ecc0ae000 flushing nmethod 0x00007f5ec90d5ad0
Event: 10.324 Thread 0x00007f5ecc0ae000 flushing nmethod 0x00007f5ec90e9990
Event: 10.847 Executing VM operation: ParallelGCFailedAllocation


Dynamic libraries:
00400000-00401000 r-xp 00000000 fc:01 266635                             /usr/lib/jvm/java-7-openjdk-amd64/jre/bin/java
00600000-00601000 r--p 00000000 fc:01 266635                             /usr/lib/jvm/java-7-openjdk-amd64/jre/bin/java
00601000-00602000 rw-p 00001000 fc:01 266635                             /usr/lib/jvm/java-7-openjdk-amd64/jre/bin/java
00d83000-00da4000 rw-p 00000000 00:00 0                                  [heap]
b5a00000-b6f00000 rw-p 00000000 00:00 0 
b6f00000-c0000000 rw-p 00000000 00:00 0 
c0000000-c2880000 rw-p 00000000 00:00 0 
c2880000-eaa80000 rw-p 00000000 00:00 0 
eaa80000-ef980000 rw-p 00000000 00:00 0 
f3f80000-100000000 rw-p 00000000 00:00 0 
7f5e90000000-7f5e90021000 rw-p 00000000 00:00 0 
7f5e90021000-7f5e94000000 ---p 00000000 00:00 0 
7f5e96e8d000-7f5e9701f000 rw-p 00000000 00:00 0 
7f5e9701f000-7f5e9705c000 r-xp 00000000 fc:01 4460585                    /lib/x86_64-linux-gnu/libpcre.so.3.13.1
7f5e9705c000-7f5e9725b000 ---p 0003d000 fc:01 4460585                    /lib/x86_64-linux-gnu/libpcre.so.3.13.1
7f5e9725b000-7f5e9725c000 r--p 0003c000 fc:01 4460585                    /lib/x86_64-linux-gnu/libpcre.so.3.13.1
7f5e9725c000-7f5e9725d000 rw-p 0003d000 fc:01 4460585                    /lib/x86_64-linux-gnu/libpcre.so.3.13.1
7f5e9725d000-7f5e97264000 r-xp 00000000 fc:01 7086350                    /usr/lib/x86_64-linux-gnu/libffi.so.6.0.1
7f5e97264000-7f5e97463000 ---p 00007000 fc:01 7086350                    /usr/lib/x86_64-linux-gnu/libffi.so.6.0.1
7f5e97463000-7f5e97464000 r--p 00006000 fc:01 7086350                    /usr/lib/x86_64-linux-gnu/libffi.so.6.0.1
7f5e97464000-7f5e97465000 rw-p 00007000 fc:01 7086350                    /usr/lib/x86_64-linux-gnu/libffi.so.6.0.1
7f5e97465000-7f5e9747c000 r-xp 00000000 fc:01 4460459                    /lib/x86_64-linux-gnu/libresolv-2.19.so
7f5e9747c000-7f5e9767c000 ---p 00017000 fc:01 4460459                    /lib/x86_64-linux-gnu/libresolv-2.19.so
7f5e9767c000-7f5e9767d000 r--p 00017000 fc:01 4460459                    /lib/x86_64-linux-gnu/libresolv-2.19.so
7f5e9767d000-7f5e9767e000 rw-p 00018000 fc:01 4460459                    /lib/x86_64-linux-gnu/libresolv-2.19.so
7f5e9767e000-7f5e97680000 rw-p 00000000 00:00 0 
7f5e97680000-7f5e976a0000 r-xp 00000000 fc:01 4460612                    /lib/x86_64-linux-gnu/libselinux.so.1
7f5e976a0000-7f5e9789f000 ---p 00020000 fc:01 4460612                    /lib/x86_64-linux-gnu/libselinux.so.1
7f5e9789f000-7f5e978a0000 r--p 0001f000 fc:01 4460612                    /lib/x86_64-linux-gnu/libselinux.so.1
7f5e978a0000-7f5e978a1000 rw-p 00020000 fc:01 4460612                    /lib/x86_64-linux-gnu/libselinux.so.1
7f5e978a1000-7f5e978a3000 rw-p 00000000 00:00 0 
7f5e978a3000-7f5e978a6000 r-xp 00000000 fc:01 7078252                    /usr/lib/x86_64-linux-gnu/libgmodule-2.0.so.0.4002.0
7f5e978a6000-7f5e97aa5000 ---p 00003000 fc:01 7078252                    /usr/lib/x86_64-linux-gnu/libgmodule-2.0.so.0.4002.0
7f5e97aa5000-7f5e97aa6000 r--p 00002000 fc:01 7078252                    /usr/lib/x86_64-linux-gnu/libgmodule-2.0.so.0.4002.0
7f5e97aa6000-7f5e97aa7000 rw-p 00003000 fc:01 7078252                    /usr/lib/x86_64-linux-gnu/libgmodule-2.0.so.0.4002.0
7f5e97aa7000-7f5e97bad000 r-xp 00000000 fc:01 4460417                    /lib/x86_64-linux-gnu/libglib-2.0.so.0.4002.0
7f5e97bad000-7f5e97dac000 ---p 00106000 fc:01 4460417                    /lib/x86_64-linux-gnu/libglib-2.0.so.0.4002.0
7f5e97dac000-7f5e97dad000 r--p 00105000 fc:01 4460417                    /lib/x86_64-linux-gnu/libglib-2.0.so.0.4002.0
7f5e97dad000-7f5e97dae000 rw-p 00106000 fc:01 4460417                    /lib/x86_64-linux-gnu/libglib-2.0.so.0.4002.0
7f5e97dae000-7f5e97daf000 rw-p 00000000 00:00 0 
7f5e97daf000-7f5e97dfe000 r-xp 00000000 fc:01 7078270                    /usr/lib/x86_64-linux-gnu/libgobject-2.0.so.0.4002.0
7f5e97dfe000-7f5e97ffe000 ---p 0004f000 fc:01 7078270                    /usr/lib/x86_64-linux-gnu/libgobject-2.0.so.0.4002.0
7f5e97ffe000-7f5e97fff000 r--p 0004f000 fc:01 7078270                    /usr/lib/x86_64-linux-gnu/libgobject-2.0.so.0.4002.0
7f5e97fff000-7f5e98000000 rw-p 00050000 fc:01 7078270                    /usr/lib/x86_64-linux-gnu/libgobject-2.0.so.0.4002.0
7f5e98000000-7f5e98021000 rw-p 00000000 00:00 0 
7f5e98021000-7f5e9c000000 ---p 00000000 00:00 0 
7f5e9c000000-7f5e9c021000 rw-p 00000000 00:00 0 
7f5e9c021000-7f5ea0000000 ---p 00000000 00:00 0 
7f5ea0000000-7f5ea0ddb000 rw-p 00000000 00:00 0 
7f5ea0ddb000-7f5ea4000000 ---p 00000000 00:00 0 
7f5ea4000000-7f5ea4d80000 rw-p 00000000 00:00 0 
7f5ea4d80000-7f5ea8000000 ---p 00000000 00:00 0 
7f5ea8000000-7f5ea8021000 rw-p 00000000 00:00 0 
7f5ea8021000-7f5eac000000 ---p 00000000 00:00 0 
7f5eac000000-7f5eac021000 rw-p 00000000 00:00 0 
7f5eac021000-7f5eb0000000 ---p 00000000 00:00 0 
7f5eb0000000-7f5eb00e0000 rw-p 00000000 00:00 0 
7f5eb00e0000-7f5eb4000000 ---p 00000000 00:00 0 
7f5eb4000000-7f5eb4021000 rw-p 00000000 00:00 0 
7f5eb4021000-7f5eb8000000 ---p 00000000 00:00 0 
7f5eb8022000-7f5eb818e000 r-xp 00000000 fc:01 7078274                    /usr/lib/x86_64-linux-gnu/libgio-2.0.so.0.4002.0
7f5eb818e000-7f5eb838d000 ---p 0016c000 fc:01 7078274                    /usr/lib/x86_64-linux-gnu/libgio-2.0.so.0.4002.0
7f5eb838d000-7f5eb8391000 r--p 0016b000 fc:01 7078274                    /usr/lib/x86_64-linux-gnu/libgio-2.0.so.0.4002.0
7f5eb8391000-7f5eb8393000 rw-p 0016f000 fc:01 7078274                    /usr/lib/x86_64-linux-gnu/libgio-2.0.so.0.4002.0
7f5eb8393000-7f5eb8395000 rw-p 00000000 00:00 0 
7f5eb83af000-7f5eb83c6000 r-xp 00000000 fc:01 266605                     /usr/lib/jvm/java-7-openjdk-amd64/jre/lib/amd64/libnet.so
7f5eb83c6000-7f5eb85c5000 ---p 00017000 fc:01 266605                     /usr/lib/jvm/java-7-openjdk-amd64/jre/lib/amd64/libnet.so
7f5eb85c5000-7f5eb85c6000 r--p 00016000 fc:01 266605                     /usr/lib/jvm/java-7-openjdk-amd64/jre/lib/amd64/libnet.so
7f5eb85c6000-7f5eb85c7000 rw-p 00017000 fc:01 266605                     /usr/lib/jvm/java-7-openjdk-amd64/jre/lib/amd64/libnet.so
7f5eb85c7000-7f5eb85d7000 r-xp 00000000 fc:01 266601                     /usr/lib/jvm/java-7-openjdk-amd64/jre/lib/amd64/libnio.so
7f5eb85d7000-7f5eb87d7000 ---p 00010000 fc:01 266601                     /usr/lib/jvm/java-7-openjdk-amd64/jre/lib/amd64/libnio.so
7f5eb87d7000-7f5eb87d8000 r--p 00010000 fc:01 266601                     /usr/lib/jvm/java-7-openjdk-amd64/jre/lib/amd64/libnio.so
7f5eb87d8000-7f5eb87d9000 rw-p 00011000 fc:01 266601                     /usr/lib/jvm/java-7-openjdk-amd64/jre/lib/amd64/libnio.so
7f5eb87d9000-7f5eb87e2000 r--s 00073000 00:19 1983825                    /home/aahung/cityu-sports-android/app/build/intermediates/exploded-aar/com.android.support/appcompat-v7/21.0.3/classes.jar
7f5eb87e2000-7f5eb87e3000 ---p 00000000 00:00 0 
7f5eb87e3000-7f5eb88e3000 rw-p 00000000 00:00 0                          [stack:12696]
7f5eb88e3000-7f5eb88e6000 ---p 00000000 00:00 0 
7f5eb88e6000-7f5eb89e4000 rw-p 00000000 00:00 0                          [stack:12695]
7f5eb89e4000-7f5eb89e7000 ---p 00000000 00:00 0 
7f5eb89e7000-7f5eb8ae5000 rw-p 00000000 00:00 0                          [stack:12694]
7f5eb8ae5000-7f5eb8ae8000 ---p 00000000 00:00 0 
7f5eb8ae8000-7f5eb8be6000 rw-p 00000000 00:00 0                          [stack:12693]
7f5eb8be6000-7f5eb8be9000 ---p 00000000 00:00 0 
7f5eb8be9000-7f5eb8ce7000 rw-p 00000000 00:00 0                          [stack:12690]
7f5eb8ce7000-7f5eb93c9000 r--p 00000000 fc:01 7085043                    /usr/lib/locale/locale-archive
7f5eb93c9000-7f5eb93cc000 ---p 00000000 00:00 0 
7f5eb93cc000-7f5eb94ca000 rw-p 00000000 00:00 0                          [stack:12682]
7f5eb94ca000-7f5eb94cd000 ---p 00000000 00:00 0 
7f5eb94cd000-7f5eb95cb000 rw-p 00000000 00:00 0                          [stack:12678]
7f5eb95cb000-7f5eb95cc000 ---p 00000000 00:00 0 
7f5eb95cc000-7f5ebc000000 rw-p 00000000 00:00 0                          [stack:12674]
7f5ebc000000-7f5ebc021000 rw-p 00000000 00:00 0 
7f5ebc021000-7f5ec0000000 ---p 00000000 00:00 0 
7f5ec0000000-7f5ec0021000 rw-p 00000000 00:00 0 
7f5ec0021000-7f5ec4000000 ---p 00000000 00:00 0 
7f5ec4000000-7f5ec4021000 rw-p 00000000 00:00 0 
7f5ec4021000-7f5ec8000000 ---p 00000000 00:00 0 
7f5ec8002000-7f5ec8bfb000 rw-p 00000000 00:00 0 
7f5ec8bfb000-7f5ec8dad000 r--s 01d23000 fc:01 266569                     /usr/lib/jvm/java-7-openjdk-amd64/jre/lib/rt.jar
7f5ec8dad000-7f5ec9000000 rw-p 00000000 00:00 0 
7f5ec9000000-7f5ec9270000 rwxp 00000000 00:00 0 
7f5ec9270000-7f5ecc1f9000 rw-p 00000000 00:00 0 
7f5ecc1f9000-7f5ed0000000 ---p 00000000 00:00 0 
7f5ed0008000-7f5ed0017000 r--s 000dd000 00:19 1576134                    /home/aahung/Android/Sdk/build-tools/21.1.2/lib/dx.jar
7f5ed0017000-7f5ed0110000 rw-p 00000000 00:00 0 
7f5ed0110000-7f5ed0111000 ---p 00000000 00:00 0 
7f5ed0111000-7f5ed0211000 rw-p 00000000 00:00 0                          [stack:12670]
7f5ed0211000-7f5ed0212000 ---p 00000000 00:00 0 
7f5ed0212000-7f5ed0312000 rw-p 00000000 00:00 0                          [stack:12669]
7f5ed0312000-7f5ed0313000 ---p 00000000 00:00 0 
7f5ed0313000-7f5ed0413000 rw-p 00000000 00:00 0                          [stack:12668]
7f5ed0413000-7f5ed0414000 ---p 00000000 00:00 0 
7f5ed0414000-7f5ed051f000 rw-p 00000000 00:00 0                          [stack:12662]
7f5ed051f000-7f5ed0567000 rw-p 00000000 00:00 0 
7f5ed0567000-7f5ed057c000 rw-p 00000000 00:00 0 
7f5ed057c000-7f5ed06bd000 rw-p 00000000 00:00 0 
7f5ed06bd000-7f5ed06c8000 rw-p 00000000 00:00 0 
7f5ed06c8000-7f5ed0710000 rw-p 00000000 00:00 0 
7f5ed0710000-7f5ed0725000 rw-p 00000000 00:00 0 
7f5ed0725000-7f5ed0865000 rw-p 00000000 00:00 0 
7f5ed0865000-7f5ed088d000 rw-p 00000000 00:00 0 
7f5ed088d000-7f5ed0910000 rw-p 00000000 00:00 0 
7f5ed0910000-7f5ed0911000 rw-p 00000000 00:00 0 
7f5ed0911000-7f5ed0919000 r-xp 00000000 fc:01 266631                     /usr/lib/jvm/java-7-openjdk-amd64/jre/lib/amd64/libzip.so
7f5ed0919000-7f5ed0b18000 ---p 00008000 fc:01 266631                     /usr/lib/jvm/java-7-openjdk-amd64/jre/lib/amd64/libzip.so
7f5ed0b18000-7f5ed0b19000 r--p 00007000 fc:01 266631                     /usr/lib/jvm/java-7-openjdk-amd64/jre/lib/amd64/libzip.so
7f5ed0b19000-7f5ed0b1a000 rw-p 00008000 fc:01 266631                     /usr/lib/jvm/java-7-openjdk-amd64/jre/lib/amd64/libzip.so
7f5ed0b1a000-7f5ed0b25000 r-xp 00000000 fc:01 4463634                    /lib/x86_64-linux-gnu/libnss_files-2.19.so
7f5ed0b25000-7f5ed0d24000 ---p 0000b000 fc:01 4463634                    /lib/x86_64-linux-gnu/libnss_files-2.19.so
7f5ed0d24000-7f5ed0d25000 r--p 0000a000 fc:01 4463634                    /lib/x86_64-linux-gnu/libnss_files-2.19.so
7f5ed0d25000-7f5ed0d26000 rw-p 0000b000 fc:01 4463634                    /lib/x86_64-linux-gnu/libnss_files-2.19.so
7f5ed0d26000-7f5ed0d31000 r-xp 00000000 fc:01 4463654                    /lib/x86_64-linux-gnu/libnss_nis-2.19.so
7f5ed0d31000-7f5ed0f30000 ---p 0000b000 fc:01 4463654                    /lib/x86_64-linux-gnu/libnss_nis-2.19.so
7f5ed0f30000-7f5ed0f31000 r--p 0000a000 fc:01 4463654                    /lib/x86_64-linux-gnu/libnss_nis-2.19.so
7f5ed0f31000-7f5ed0f32000 rw-p 0000b000 fc:01 4463654                    /lib/x86_64-linux-gnu/libnss_nis-2.19.so
7f5ed0f32000-7f5ed0f49000 r-xp 00000000 fc:01 4463643                    /lib/x86_64-linux-gnu/libnsl-2.19.so
7f5ed0f49000-7f5ed1148000 ---p 00017000 fc:01 4463643                    /lib/x86_64-linux-gnu/libnsl-2.19.so
7f5ed1148000-7f5ed1149000 r--p 00016000 fc:01 4463643                    /lib/x86_64-linux-gnu/libnsl-2.19.so
7f5ed1149000-7f5ed114a000 rw-p 00017000 fc:01 4463643                    /lib/x86_64-linux-gnu/libnsl-2.19.so
7f5ed114a000-7f5ed114c000 rw-p 00000000 00:00 0 
7f5ed114c000-7f5ed1155000 r-xp 00000000 fc:01 4463642                    /lib/x86_64-linux-gnu/libnss_compat-2.19.so
7f5ed1155000-7f5ed1354000 ---p 00009000 fc:01 4463642                    /lib/x86_64-linux-gnu/libnss_compat-2.19.so
7f5ed1354000-7f5ed1355000 r--p 00008000 fc:01 4463642                    /lib/x86_64-linux-gnu/libnss_compat-2.19.so
7f5ed1355000-7f5ed1356000 rw-p 00009000 fc:01 4463642                    /lib/x86_64-linux-gnu/libnss_compat-2.19.so
7f5ed1356000-7f5ed1381000 r-xp 00000000 fc:01 266615                     /usr/lib/jvm/java-7-openjdk-amd64/jre/lib/amd64/libjava.so
7f5ed1381000-7f5ed1581000 ---p 0002b000 fc:01 266615                     /usr/lib/jvm/java-7-openjdk-amd64/jre/lib/amd64/libjava.so
7f5ed1581000-7f5ed1582000 r--p 0002b000 fc:01 266615                     /usr/lib/jvm/java-7-openjdk-amd64/jre/lib/amd64/libjava.so
7f5ed1582000-7f5ed1584000 rw-p 0002c000 fc:01 266615                     /usr/lib/jvm/java-7-openjdk-amd64/jre/lib/amd64/libjava.so
7f5ed1584000-7f5ed1594000 r-xp 00000000 fc:01 266614                     /usr/lib/jvm/java-7-openjdk-amd64/jre/lib/amd64/libverify.so
7f5ed1594000-7f5ed1793000 ---p 00010000 fc:01 266614                     /usr/lib/jvm/java-7-openjdk-amd64/jre/lib/amd64/libverify.so
7f5ed1793000-7f5ed1795000 r--p 0000f000 fc:01 266614                     /usr/lib/jvm/java-7-openjdk-amd64/jre/lib/amd64/libverify.so
7f5ed1795000-7f5ed1796000 rw-p 00011000 fc:01 266614                     /usr/lib/jvm/java-7-openjdk-amd64/jre/lib/amd64/libverify.so
7f5ed1796000-7f5ed179d000 r-xp 00000000 fc:01 4463651                    /lib/x86_64-linux-gnu/librt-2.19.so
7f5ed179d000-7f5ed199c000 ---p 00007000 fc:01 4463651                    /lib/x86_64-linux-gnu/librt-2.19.so
7f5ed199c000-7f5ed199d000 r--p 00006000 fc:01 4463651                    /lib/x86_64-linux-gnu/librt-2.19.so
7f5ed199d000-7f5ed199e000 rw-p 00007000 fc:01 4463651                    /lib/x86_64-linux-gnu/librt-2.19.so
7f5ed199e000-7f5ed19b4000 r-xp 00000000 fc:01 4456463                    /lib/x86_64-linux-gnu/libgcc_s.so.1
7f5ed19b4000-7f5ed1bb3000 ---p 00016000 fc:01 4456463                    /lib/x86_64-linux-gnu/libgcc_s.so.1
7f5ed1bb3000-7f5ed1bb4000 rw-p 00015000 fc:01 4456463                    /lib/x86_64-linux-gnu/libgcc_s.so.1
7f5ed1bb4000-7f5ed1cb9000 r-xp 00000000 fc:01 4463033                    /lib/x86_64-linux-gnu/libm-2.19.so
7f5ed1cb9000-7f5ed1eb8000 ---p 00105000 fc:01 4463033                    /lib/x86_64-linux-gnu/libm-2.19.so
7f5ed1eb8000-7f5ed1eb9000 r--p 00104000 fc:01 4463033                    /lib/x86_64-linux-gnu/libm-2.19.so
7f5ed1eb9000-7f5ed1eba000 rw-p 00105000 fc:01 4463033                    /lib/x86_64-linux-gnu/libm-2.19.so
7f5ed1eba000-7f5ed1fa0000 r-xp 00000000 fc:01 7086978                    /usr/lib/x86_64-linux-gnu/libstdc++.so.6.0.19
7f5ed1fa0000-7f5ed219f000 ---p 000e6000 fc:01 7086978                    /usr/lib/x86_64-linux-gnu/libstdc++.so.6.0.19
7f5ed219f000-7f5ed21a7000 r--p 000e5000 fc:01 7086978                    /usr/lib/x86_64-linux-gnu/libstdc++.so.6.0.19
7f5ed21a7000-7f5ed21a9000 rw-p 000ed000 fc:01 7086978                    /usr/lib/x86_64-linux-gnu/libstdc++.so.6.0.19
7f5ed21a9000-7f5ed21be000 rw-p 00000000 00:00 0 
7f5ed21be000-7f5ed2cd6000 r-xp 00000000 fc:01 266620                     /usr/lib/jvm/java-7-openjdk-amd64/jre/lib/amd64/server/libjvm.so
7f5ed2cd6000-7f5ed2ed6000 ---p 00b18000 fc:01 266620                     /usr/lib/jvm/java-7-openjdk-amd64/jre/lib/amd64/server/libjvm.so
7f5ed2ed6000-7f5ed2f70000 r--p 00b18000 fc:01 266620                     /usr/lib/jvm/java-7-openjdk-amd64/jre/lib/amd64/server/libjvm.so
7f5ed2f70000-7f5ed2f93000 rw-p 00bb2000 fc:01 266620                     /usr/lib/jvm/java-7-openjdk-amd64/jre/lib/amd64/server/libjvm.so
7f5ed2f93000-7f5ed2fc1000 rw-p 00000000 00:00 0 
7f5ed2fc1000-7f5ed2fd9000 r-xp 00000000 fc:01 4460645                    /lib/x86_64-linux-gnu/libz.so.1.2.8
7f5ed2fd9000-7f5ed31d8000 ---p 00018000 fc:01 4460645                    /lib/x86_64-linux-gnu/libz.so.1.2.8
7f5ed31d8000-7f5ed31d9000 r--p 00017000 fc:01 4460645                    /lib/x86_64-linux-gnu/libz.so.1.2.8
7f5ed31d9000-7f5ed31da000 rw-p 00018000 fc:01 4460645                    /lib/x86_64-linux-gnu/libz.so.1.2.8
7f5ed31da000-7f5ed31f3000 r-xp 00000000 fc:01 4463649                    /lib/x86_64-linux-gnu/libpthread-2.19.so
7f5ed31f3000-7f5ed33f2000 ---p 00019000 fc:01 4463649                    /lib/x86_64-linux-gnu/libpthread-2.19.so
7f5ed33f2000-7f5ed33f3000 r--p 00018000 fc:01 4463649                    /lib/x86_64-linux-gnu/libpthread-2.19.so
7f5ed33f3000-7f5ed33f4000 rw-p 00019000 fc:01 4463649                    /lib/x86_64-linux-gnu/libpthread-2.19.so
7f5ed33f4000-7f5ed33f8000 rw-p 00000000 00:00 0 
7f5ed33f8000-7f5ed33fb000 r-xp 00000000 fc:01 4463637                    /lib/x86_64-linux-gnu/libdl-2.19.so
7f5ed33fb000-7f5ed35fa000 ---p 00003000 fc:01 4463637                    /lib/x86_64-linux-gnu/libdl-2.19.so
7f5ed35fa000-7f5ed35fb000 r--p 00002000 fc:01 4463637                    /lib/x86_64-linux-gnu/libdl-2.19.so
7f5ed35fb000-7f5ed35fc000 rw-p 00003000 fc:01 4463637                    /lib/x86_64-linux-gnu/libdl-2.19.so
7f5ed35fc000-7f5ed37b7000 r-xp 00000000 fc:01 4463648                    /lib/x86_64-linux-gnu/libc-2.19.so
7f5ed37b7000-7f5ed39b6000 ---p 001bb000 fc:01 4463648                    /lib/x86_64-linux-gnu/libc-2.19.so
7f5ed39b6000-7f5ed39ba000 r--p 001ba000 fc:01 4463648                    /lib/x86_64-linux-gnu/libc-2.19.so
7f5ed39ba000-7f5ed39bc000 rw-p 001be000 fc:01 4463648                    /lib/x86_64-linux-gnu/libc-2.19.so
7f5ed39bc000-7f5ed39c1000 rw-p 00000000 00:00 0 
7f5ed39c1000-7f5ed39ce000 r-xp 00000000 fc:01 266597                     /usr/lib/jvm/java-7-openjdk-amd64/jre/lib/amd64/jli/libjli.so
7f5ed39ce000-7f5ed3bcd000 ---p 0000d000 fc:01 266597                     /usr/lib/jvm/java-7-openjdk-amd64/jre/lib/amd64/jli/libjli.so
7f5ed3bcd000-7f5ed3bce000 r--p 0000c000 fc:01 266597                     /usr/lib/jvm/java-7-openjdk-amd64/jre/lib/amd64/jli/libjli.so
7f5ed3bce000-7f5ed3bcf000 rw-p 0000d000 fc:01 266597                     /usr/lib/jvm/java-7-openjdk-amd64/jre/lib/amd64/jli/libjli.so
7f5ed3bcf000-7f5ed3bf2000 r-xp 00000000 fc:01 4463645                    /lib/x86_64-linux-gnu/ld-2.19.so
7f5ed3bf3000-7f5ed3bf7000 r--s 0003c000 fc:01 266574                     /usr/lib/jvm/java-7-openjdk-amd64/jre/lib/ext/sunpkcs11.jar
7f5ed3bf7000-7f5ed3c19000 rw-p 00000000 00:00 0 
7f5ed3c19000-7f5ed3ccf000 rw-p 00000000 00:00 0 
7f5ed3ccf000-7f5ed3cd2000 ---p 00000000 00:00 0 
7f5ed3cd2000-7f5ed3dd6000 rw-p 00000000 00:00 0                          [stack:12660]
7f5ed3dd6000-7f5ed3dd7000 r--s 00002000 fc:01 266577                     /usr/lib/jvm/java-7-openjdk-amd64/jre/lib/ext/dnsns.jar
7f5ed3dd7000-7f5ed3dda000 r--s 00086000 fc:01 266578                     /usr/lib/jvm/java-7-openjdk-amd64/jre/lib/ext/localedata.jar
7f5ed3dda000-7f5ed3ddc000 r--s 00012000 fc:01 266576                     /usr/lib/jvm/java-7-openjdk-amd64/jre/lib/ext/zipfs.jar
7f5ed3ddc000-7f5ed3de0000 r--s 00034000 fc:01 266575                     /usr/lib/jvm/java-7-openjdk-amd64/jre/lib/ext/sunjce_provider.jar
7f5ed3de0000-7f5ed3de3000 r--s 0000f000 fc:01 266573                     /usr/lib/jvm/java-7-openjdk-amd64/jre/lib/ext/icedtea-sound.jar
7f5ed3de3000-7f5ed3de5000 r--s 00006000 fc:01 110                        /usr/share/java/java-atk-wrapper.jar
7f5ed3de5000-7f5ed3ded000 rw-s 00000000 fc:01 4196474                    /tmp/hsperfdata_aahung/12643
7f5ed3ded000-7f5ed3dee000 rw-p 00000000 00:00 0 
7f5ed3dee000-7f5ed3def000 ---p 00000000 00:00 0 
7f5ed3def000-7f5ed3df1000 rw-p 00000000 00:00 0 
7f5ed3df1000-7f5ed3df2000 r--p 00022000 fc:01 4463645                    /lib/x86_64-linux-gnu/ld-2.19.so
7f5ed3df2000-7f5ed3df3000 rw-p 00023000 fc:01 4463645                    /lib/x86_64-linux-gnu/ld-2.19.so
7f5ed3df3000-7f5ed3df4000 rw-p 00000000 00:00 0 
7fff51ccb000-7fff51cec000 rw-p 00000000 00:00 0                          [stack]
7fff51dc3000-7fff51dc5000 r-xp 00000000 00:00 0                          [vdso]
ffffffffff600000-ffffffffff601000 r-xp 00000000 00:00 0                  [vsyscall]

VM Arguments:
jvm_args: -Xmx1024M -Dfile.encoding=UTF-8 -Duser.country=HK -Duser.language=en -Duser.variant 
java_command: com.android.dx.command.Main --dex --output /home/aahung/cityu-sports-android/app/build/intermediates/pre-dexed/debug/classes-dd5e2935a6238424e54b7d5cac93b12b7c3084a6.jar /home/aahung/cityu-sports-android/app/build/intermediates/exploded-aar/com.android.support/appcompat-v7/21.0.3/classes.jar
Launcher Type: SUN_STANDARD

Environment Variables:
CLASSPATH=/opt/android-studio/bin/../lib/bootstrap.jar:/opt/android-studio/bin/../lib/extensions.jar:/opt/android-studio/bin/../lib/util.jar:/opt/android-studio/bin/../lib/jdom.jar:/opt/android-studio/bin/../lib/log4j.jar:/opt/android-studio/bin/../lib/trove4j.jar:/opt/android-studio/bin/../lib/jna.jar:/usr/lib/jvm/java-8-oracle/lib/tools.jar
PATH=/usr/local/sbin:/usr/local/bin:/usr/sbin:/usr/bin:/sbin:/bin:/usr/games:/usr/local/games
LD_LIBRARY_PATH=/opt/android-studio/bin:
SHELL=/bin/bash
DISPLAY=:0

Signal Handlers:
SIGSEGV: [libjvm.so+0x94b4b0], sa_mask[0]=0x7ffbfeff, sa_flags=0x10000004
SIGBUS: [libjvm.so+0x94b4b0], sa_mask[0]=0x7ffbfeff, sa_flags=0x10000004
SIGFPE: [libjvm.so+0x7c3390], sa_mask[0]=0x7ffbfeff, sa_flags=0x10000004
SIGPIPE: [libjvm.so+0x7c3390], sa_mask[0]=0x7ffbfeff, sa_flags=0x10000004
SIGXFSZ: [libjvm.so+0x7c3390], sa_mask[0]=0x7ffbfeff, sa_flags=0x10000004
SIGILL: [libjvm.so+0x7c3390], sa_mask[0]=0x7ffbfeff, sa_flags=0x10000004
SIGUSR1: SIG_DFL, sa_mask[0]=0x00000000, sa_flags=0x00000000
SIGUSR2: [libjvm.so+0x7c3230], sa_mask[0]=0x00000004, sa_flags=0x10000004
SIGHUP: [libjvm.so+0x7c3410], sa_mask[0]=0x7ffbfeff, sa_flags=0x10000004
SIGINT: [libjvm.so+0x7c3410], sa_mask[0]=0x7ffbfeff, sa_flags=0x10000004
SIGTERM: [libjvm.so+0x7c3410], sa_mask[0]=0x7ffbfeff, sa_flags=0x10000004
SIGQUIT: [libjvm.so+0x7c3410], sa_mask[0]=0x7ffbfeff, sa_flags=0x10000004
SIGTRAP: SIG_DFL, sa_mask[0]=0x00000000, sa_flags=0x00000000


---------------  S Y S T E M  ---------------

OS:Ubuntu 14.04 (trusty)
uname:Linux 3.13.0-46-generic #79-Ubuntu SMP Tue Mar 10 20:06:50 UTC 2015 x86_64
libc:glibc 2.19 NPTL 2.19 
rlimit: STACK 8192k, CORE 0k, NPROC 31034, NOFILE 4096, AS infinity
load average:3.35 1.44 1.23

/proc/meminfo:
MemTotal:        4003900 kB
MemFree:          104364 kB
Buffers:             436 kB
Cached:            43228 kB
SwapCached:            0 kB
Active:          3553560 kB
Inactive:          39676 kB
Active(anon):    3550928 kB
Inactive(anon):    15900 kB
Active(file):       2632 kB
Inactive(file):    23776 kB
Unevictable:          32 kB
Mlocked:              32 kB
SwapTotal:             0 kB
SwapFree:              0 kB
Dirty:               228 kB
Writeback:             0 kB
AnonPages:       3549860 kB
Mapped:            22000 kB
Shmem:             17000 kB
Slab:              90300 kB
SReclaimable:      33840 kB
SUnreclaim:        56460 kB
KernelStack:        5440 kB
PageTables:        36096 kB
NFS_Unstable:          0 kB
Bounce:                0 kB
WritebackTmp:          0 kB
CommitLimit:     2001948 kB
Committed_AS:    6837384 kB
VmallocTotal:   34359738367 kB
VmallocUsed:      288968 kB
VmallocChunk:   34359427548 kB
HardwareCorrupted:     0 kB
AnonHugePages:   1482752 kB
HugePages_Total:       0
HugePages_Free:        0
HugePages_Rsvd:        0
HugePages_Surp:        0
Hugepagesize:       2048 kB
DirectMap4k:       95104 kB
DirectMap2M:     4055040 kB


CPU:total 4 (2 cores per cpu, 2 threads per core) family 6 model 42 stepping 7, cmov, cx8, fxsr, mmx, sse, sse2, sse3, ssse3, sse4.1, sse4.2, popcnt, avx, ht, tsc, tscinvbit

/proc/cpuinfo:
processor	: 0
vendor_id	: GenuineIntel
cpu family	: 6
model		: 42
model name	: Intel(R) Core(TM) i3-2350M CPU @ 2.30GHz
stepping	: 7
microcode	: 0x25
cpu MHz		: 2300.000
cache size	: 3072 KB
physical id	: 0
siblings	: 4
core id		: 0
cpu cores	: 2
apicid		: 0
initial apicid	: 0
fpu		: yes
fpu_exception	: yes
cpuid level	: 13
wp		: yes
flags		: fpu vme de pse tsc msr pae mce cx8 apic sep mtrr pge mca cmov pat pse36 clflush dts acpi mmx fxsr sse sse2 ss ht tm pbe syscall nx rdtscp lm constant_tsc arch_perfmon pebs bts rep_good nopl xtopology nonstop_tsc aperfmperf eagerfpu pni pclmulqdq dtes64 monitor ds_cpl vmx est tm2 ssse3 cx16 xtpr pdcm pcid sse4_1 sse4_2 x2apic popcnt tsc_deadline_timer xsave avx lahf_lm arat epb xsaveopt pln pts dtherm tpr_shadow vnmi flexpriority ept vpid
bogomips	: 4589.31
clflush size	: 64
cache_alignment	: 64
address sizes	: 36 bits physical, 48 bits virtual
power management:

processor	: 1
vendor_id	: GenuineIntel
cpu family	: 6
model		: 42
model name	: Intel(R) Core(TM) i3-2350M CPU @ 2.30GHz
stepping	: 7
microcode	: 0x25
cpu MHz		: 2300.000
cache size	: 3072 KB
physical id	: 0
siblings	: 4
core id		: 1
cpu cores	: 2
apicid		: 2
initial apicid	: 2
fpu		: yes
fpu_exception	: yes
cpuid level	: 13
wp		: yes
flags		: fpu vme de pse tsc msr pae mce cx8 apic sep mtrr pge mca cmov pat pse36 clflush dts acpi mmx fxsr sse sse2 ss ht tm pbe syscall nx rdtscp lm constant_tsc arch_perfmon pebs bts rep_good nopl xtopology nonstop_tsc aperfmperf eagerfpu pni pclmulqdq dtes64 monitor ds_cpl vmx est tm2 ssse3 cx16 xtpr pdcm pcid sse4_1 sse4_2 x2apic popcnt tsc_deadline_timer xsave avx lahf_lm arat epb xsaveopt pln pts dtherm tpr_shadow vnmi flexpriority ept vpid
bogomips	: 4589.31
clflush size	: 64
cache_alignment	: 64
address sizes	: 36 bits physical, 48 bits virtual
power management:

processor	: 2
vendor_id	: GenuineIntel
cpu family	: 6
model		: 42
model name	: Intel(R) Core(TM) i3-2350M CPU @ 2.30GHz
stepping	: 7
microcode	: 0x25
cpu MHz		: 2300.000
cache size	: 3072 KB
physical id	: 0
siblings	: 4
core id		: 0
cpu cores	: 2
apicid		: 1
initial apicid	: 1
fpu		: yes
fpu_exception	: yes
cpuid level	: 13
wp		: yes
flags		: fpu vme de pse tsc msr pae mce cx8 apic sep mtrr pge mca cmov pat pse36 clflush dts acpi mmx fxsr sse sse2 ss ht tm pbe syscall nx rdtscp lm constant_tsc arch_perfmon pebs bts rep_good nopl xtopology nonstop_tsc aperfmperf eagerfpu pni pclmulqdq dtes64 monitor ds_cpl vmx est tm2 ssse3 cx16 xtpr pdcm pcid sse4_1 sse4_2 x2apic popcnt tsc_deadline_timer xsave avx lahf_lm arat epb xsaveopt pln pts dtherm tpr_shadow vnmi flexpriority ept vpid
bogomips	: 4589.31
clflush size	: 64
cache_alignment	: 64
address sizes	: 36 bits physical, 48 bits virtual
power management:

processor	: 3
vendor_id	: GenuineIntel
cpu family	: 6
model		: 42
model name	: Intel(R) Core(TM) i3-2350M CPU @ 2.30GHz
stepping	: 7
microcode	: 0x25
cpu MHz		: 2300.000
cache size	: 3072 KB
physical id	: 0
siblings	: 4
core id		: 1
cpu cores	: 2
apicid		: 3
initial apicid	: 3
fpu		: yes
fpu_exception	: yes
cpuid level	: 13
wp		: yes
flags		: fpu vme de pse tsc msr pae mce cx8 apic sep mtrr pge mca cmov pat pse36 clflush dts acpi mmx fxsr sse sse2 ss ht tm pbe syscall nx rdtscp lm constant_tsc arch_perfmon pebs bts rep_good nopl xtopology nonstop_tsc aperfmperf eagerfpu pni pclmulqdq dtes64 monitor ds_cpl vmx est tm2 ssse3 cx16 xtpr pdcm pcid sse4_1 sse4_2 x2apic popcnt tsc_deadline_timer xsave avx lahf_lm arat epb xsaveopt pln pts dtherm tpr_shadow vnmi flexpriority ept vpid
bogomips	: 4589.31
clflush size	: 64
cache_alignment	: 64
address sizes	: 36 bits physical, 48 bits virtual
power management:



Memory: 4k page, physical 4003900k(103372k free), swap 0k(0k free)

vm_info: OpenJDK 64-Bit Server VM (24.75-b04) for linux-amd64 JRE (1.7.0_75-b13), built on Jan 27 2015 00:38:59 by "buildd" with gcc 4.8.2

time: Sun Mar 22 23:29:14 2015
elapsed time: 12 seconds

